Unity Editor version:    2021.3.5f1 (40eb3a945986)
Branch:                  2021.3/staging
Build type:              Release
Batch mode:              YES
macOS version:           Version 13.0.1 (Build 22A400)
Darwin version:          22.1.0
Architecture:            x86_64
Running under Rosetta:   NO
Available memory:        16384 MB
Using pre-set license
Pro License: YES

COMMAND LINE ARGUMENTS:
/Applications/Unity/Hub/Editor/2021.3.5f1/Unity.app/Contents/MacOS/Unity
-adb2
-batchMode
-noUpm
-name
AssetImportWorker22
-projectPath
/Users/bsmith/code/zaroff/project_CAR/project_CAR
-logFile
Logs/AssetImportWorker22.log
-srvPort
50133
Successfully changed project path to: /Users/bsmith/code/zaroff/project_CAR/project_CAR
/Users/bsmith/code/zaroff/project_CAR/project_CAR
[UnityMemory] Configuration Parameters - Can be set up in boot.config
    "memorysetup-bucket-allocator-granularity=16"
    "memorysetup-bucket-allocator-bucket-count=8"
    "memorysetup-bucket-allocator-block-size=33554432"
    "memorysetup-bucket-allocator-block-count=8"
    "memorysetup-main-allocator-block-size=16777216"
    "memorysetup-thread-allocator-block-size=16777216"
    "memorysetup-gfx-main-allocator-block-size=16777216"
    "memorysetup-gfx-thread-allocator-block-size=16777216"
    "memorysetup-cache-allocator-block-size=4194304"
    "memorysetup-typetree-allocator-block-size=2097152"
    "memorysetup-profiler-bucket-allocator-granularity=16"
    "memorysetup-profiler-bucket-allocator-bucket-count=8"
    "memorysetup-profiler-bucket-allocator-block-size=33554432"
    "memorysetup-profiler-bucket-allocator-block-count=8"
    "memorysetup-profiler-allocator-block-size=16777216"
    "memorysetup-profiler-editor-allocator-block-size=1048576"
    "memorysetup-temp-allocator-size-main=16777216"
    "memorysetup-job-temp-allocator-block-size=2097152"
    "memorysetup-job-temp-allocator-block-size-background=1048576"
    "memorysetup-job-temp-allocator-reduction-small-platforms=262144"
    "memorysetup-temp-allocator-size-background-worker=32768"
    "memorysetup-temp-allocator-size-job-worker=262144"
    "memorysetup-temp-allocator-size-preload-manager=33554432"
    "memorysetup-temp-allocator-size-nav-mesh-worker=65536"
    "memorysetup-temp-allocator-size-audio-worker=65536"
    "memorysetup-temp-allocator-size-cloud-worker=32768"
    "memorysetup-temp-allocator-size-gi-baking-worker=262144"
    "memorysetup-temp-allocator-size-gfx=262144"
Refreshing native plugins compatible for Editor in 172.47 ms, found 2 plugins.
Preloading 0 native plugins for Editor in 0.00 ms.
Initialize engine version: 2021.3.5f1 (40eb3a945986)
[Subsystems] Discovering subsystems at path /Applications/Unity/Hub/Editor/2021.3.5f1/Unity.app/Contents/Resources/UnitySubsystems
[Subsystems] Discovering subsystems at path /Users/bsmith/code/zaroff/project_CAR/project_CAR/Assets
GfxDevice: creating device client; threaded=0; jobified=0
BenQ EW3270U preferred device: AMD Radeon Pro 5500M (high power)
Metal devices available: 2
0: AMD Radeon Pro 5500M (high power)
1: Intel(R) UHD Graphics 630 (low power)
Using device AMD Radeon Pro 5500M (high power)
Initializing Metal device caps: AMD Radeon Pro 5500M
Initialize mono
Mono path[0] = '/Applications/Unity/Hub/Editor/2021.3.5f1/Unity.app/Contents/Managed'
Mono path[1] = '/Applications/Unity/Hub/Editor/2021.3.5f1/Unity.app/Contents/MonoBleedingEdge/lib/mono/unityjit-macos'
Mono config path = '/Applications/Unity/Hub/Editor/2021.3.5f1/Unity.app/Contents/MonoBleedingEdge/etc'
Using monoOptions --debugger-agent=transport=dt_socket,embedding=1,server=y,suspend=n,address=127.0.0.1:56951
Begin MonoManager ReloadAssembly
Registering precompiled unity dll's ...
Register platform support module: /Applications/Unity/Hub/Editor/2021.3.5f1/PlaybackEngines/WebGLSupport/UnityEditor.WebGL.Extensions.dll
Register platform support module: /Applications/Unity/Hub/Editor/2021.3.5f1/Unity.app/Contents/PlaybackEngines/MacStandaloneSupport/UnityEditor.OSXStandalone.Extensions.dll
Register platform support module: /Applications/Unity/Hub/Editor/2021.3.5f1/PlaybackEngines/AndroidPlayer/UnityEditor.Android.Extensions.dll
Register platform support module: /Applications/Unity/Hub/Editor/2021.3.5f1/PlaybackEngines/iOSSupport/UnityEditor.iOS.Extensions.dll
Register platform support module: /Applications/Unity/Hub/Editor/2021.3.5f1/PlaybackEngines/WindowsStandaloneSupport/UnityEditor.WindowsStandalone.Extensions.dll
Registered in 0.007136 seconds.
Native extension for WindowsStandalone target not found
[usbmuxd] Start listen thread
[usbmuxd] Listen thread started
[usbmuxd] Send listen message
Native extension for iOS target not found
Native extension for Android target not found
Native extension for OSXStandalone target not found
Native extension for WebGL target not found
Refreshing native plugins compatible for Editor in 160.91 ms, found 2 plugins.
Preloading 0 native plugins for Editor in 0.00 ms.
Mono: successfully reloaded assembly
- Completed reload, in  1.129 seconds
Domain Reload Profiling:
	ReloadAssembly (1129ms)
		BeginReloadAssembly (147ms)
			ExecutionOrderSort (0ms)
			DisableScriptedObjects (0ms)
			BackupInstance (0ms)
			ReleaseScriptingObjects (0ms)
			CreateAndSetChildDomain (1ms)
		EndReloadAssembly (816ms)
			LoadAssemblies (152ms)
			RebuildTransferFunctionScriptingTraits (0ms)
			SetupTypeCache (173ms)
			ReleaseScriptCaches (0ms)
			RebuildScriptCaches (42ms)
			SetupLoadedEditorAssemblies (527ms)
				LogAssemblyErrors (0ms)
				InitializePlatformSupportModulesInManaged (189ms)
				SetLoadedEditorAssemblies (1ms)
				RefreshPlugins (161ms)
				BeforeProcessingInitializeOnLoad (2ms)
				ProcessInitializeOnLoadAttributes (119ms)
				ProcessInitializeOnLoadMethodAttributes (56ms)
				AfterProcessingInitializeOnLoad (0ms)
				EditorAssembliesLoaded (0ms)
			ExecutionOrderSort2 (0ms)
			AwakeInstancesAfterBackupRestoration (0ms)
Platform modules already initialized, skipping
Registering precompiled user dll's ...
Registered in 0.004941 seconds.
Begin MonoManager ReloadAssembly
Symbol file LoadedFromMemory doesn't match image /Users/bsmith/code/zaroff/project_CAR/project_CAR/Library/PackageCache/com.unity.visualscripting@1.7.8/Editor/VisualScripting.Core/Dependencies/YamlDotNet/Unity.VisualScripting.YamlDotNet.dll
Symbol file LoadedFromMemory doesn't match image /Users/bsmith/code/zaroff/project_CAR/project_CAR/Library/PackageCache/com.unity.visualscripting@1.7.8/Editor/VisualScripting.Core/Dependencies/DotNetZip/Unity.VisualScripting.IonicZip.dll
Native extension for WindowsStandalone target not found
Native extension for iOS target not found
Native extension for Android target not found
Native extension for OSXStandalone target not found
Native extension for WebGL target not found
Refreshing native plugins compatible for Editor in 168.69 ms, found 2 plugins.
Preloading 0 native plugins for Editor in 0.00 ms.
Mono: successfully reloaded assembly
- Completed reload, in  2.366 seconds
Domain Reload Profiling:
	ReloadAssembly (2367ms)
		BeginReloadAssembly (284ms)
			ExecutionOrderSort (0ms)
			DisableScriptedObjects (11ms)
			BackupInstance (0ms)
			ReleaseScriptingObjects (0ms)
			CreateAndSetChildDomain (149ms)
		EndReloadAssembly (1920ms)
			LoadAssemblies (189ms)
			RebuildTransferFunctionScriptingTraits (0ms)
			SetupTypeCache (517ms)
			ReleaseScriptCaches (7ms)
			RebuildScriptCaches (149ms)
			SetupLoadedEditorAssemblies (990ms)
				LogAssemblyErrors (0ms)
				InitializePlatformSupportModulesInManaged (33ms)
				SetLoadedEditorAssemblies (0ms)
				RefreshPlugins (169ms)
				BeforeProcessingInitializeOnLoad (171ms)
				ProcessInitializeOnLoadAttributes (482ms)
				ProcessInitializeOnLoadMethodAttributes (131ms)
				AfterProcessingInitializeOnLoad (3ms)
				EditorAssembliesLoaded (0ms)
			ExecutionOrderSort2 (0ms)
			AwakeInstancesAfterBackupRestoration (6ms)
Platform modules already initialized, skipping
========================================================================
Worker process is ready to serve import requests
Launching external process: /Applications/Unity/Hub/Editor/2021.3.5f1/Unity.app/Contents/Tools/UnityShaderCompiler
Launched and connected shader compiler UnityShaderCompiler after 0.10 seconds
Refreshing native plugins compatible for Editor in 2.34 ms, found 2 plugins.
Preloading 0 native plugins for Editor in 0.00 ms.
Unloading 5283 Unused Serialized files (Serialized files now loaded: 0)
Unloading 35 unused Assets / (65.5 KB). Loaded Objects now: 5783.
Memory consumption went from 166.2 MB to 166.1 MB.
Total: 8.020672 ms (FindLiveObjects: 0.928819 ms CreateObjectMapping: 0.963783 ms MarkObjects: 5.733938 ms  DeleteObjects: 0.391585 ms)

AssetImportParameters requested are different than current active one (requested -> active):
  custom:video-decoder-ogg-theora: a1e56fd34408186e4bbccfd4996cb3dc -> 
  custom:container-muxer-webm: aa71ff27fc2769a1b78a27578f13a17b -> 
  custom:container-demuxer-webm: 4f35f7cbe854078d1ac9338744f61a02 -> 
  custom:video-encoder-webm-vp8: eb34c28f22e8b96e1ab97ce403110664 -> 
  custom:framework-osx-AVFoundation: e770b220cccbd017edd2c1fefb359320 -> 
  custom:audio-encoder-webm-vorbis: bf7c407c2cedff20999df2af8eb42d56 -> 
  custom:container-demuxer-ogg: 62fdf1f143b41e24485cea50d1cbac27 -> 
  custom:video-decoder-webm-vp8: 9c59270c3fd7afecdb556c50c9e8de78 -> 
  custom:audio-decoder-ogg-vorbis: bf7c407c2cedff20999df2af8eb42d56 -> 
========================================================================
Received Import Request.
  Time since last request: 4702.976809 seconds.
  path: Assets/MagicSoundEffects/Car_Engines_02/Pickup/car2_pickup_b_engine_1x-to-0x.wav
  artifactKey: Guid(0e9d80cbb6cde4f5b86a3c8364058561) Importer(2089858483,0ecaa5967403d082aa24f35e1b516d23)
Start importing Assets/MagicSoundEffects/Car_Engines_02/Pickup/car2_pickup_b_engine_1x-to-0x.wav using Guid(0e9d80cbb6cde4f5b86a3c8364058561) Importer(2089858483,0ecaa5967403d082aa24f35e1b516d23)  -> (artifact id: '6396757431610ff964f25e0fada0e1d1') in 0.313517 seconds 
========================================================================
Received Import Request.
  Time since last request: 0.000359 seconds.
  path: Assets/MagicSoundEffects/Car_Engines_02/Pickup/car2_pickup_a_engine_loop_3x.wav
  artifactKey: Guid(ad89c9d0a0aad45d883ff4f640d5203d) Importer(2089858483,0ecaa5967403d082aa24f35e1b516d23)
Start importing Assets/MagicSoundEffects/Car_Engines_02/Pickup/car2_pickup_a_engine_loop_3x.wav using Guid(ad89c9d0a0aad45d883ff4f640d5203d) Importer(2089858483,0ecaa5967403d082aa24f35e1b516d23)  -> (artifact id: '48a4d834e0c347ecf806b0f6a1889ae1') in 0.006560 seconds 
========================================================================
Received Import Request.
  Time since last request: 0.000179 seconds.
  path: Assets/MagicSoundEffects/Car_Engines_02/City/car2_city_c_decel_slow_01.wav
  artifactKey: Guid(54fbee05c2e884efa99e58dfdcce6385) Importer(2089858483,0ecaa5967403d082aa24f35e1b516d23)
Start importing Assets/MagicSoundEffects/Car_Engines_02/City/car2_city_c_decel_slow_01.wav using Guid(54fbee05c2e884efa99e58dfdcce6385) Importer(2089858483,0ecaa5967403d082aa24f35e1b516d23)  -> (artifact id: 'b7079e559115427de8c0151e97048525') in 0.007128 seconds 
========================================================================
Received Import Request.
  Time since last request: 0.000115 seconds.
  path: Assets/MagicSoundEffects/Car_Engines_02/Offroad/car2_offroad_a_accel_slow_02.wav
  artifactKey: Guid(04d79c57685424e618f1081de2dcfd45) Importer(2089858483,0ecaa5967403d082aa24f35e1b516d23)
Start importing Assets/MagicSoundEffects/Car_Engines_02/Offroad/car2_offroad_a_accel_slow_02.wav using Guid(04d79c57685424e618f1081de2dcfd45) Importer(2089858483,0ecaa5967403d082aa24f35e1b516d23)  -> (artifact id: '995743fae08b03485b3fd5586a78890c') in 0.008069 seconds 
========================================================================
Received Import Request.
  Time since last request: 0.000114 seconds.
  path: Assets/MagicSoundEffects/Car_Engines_02/Offroad/car2_offroad_a_decel_slow_01.wav
  artifactKey: Guid(9171b9a432bbd4ecfad17fcc596123c5) Importer(2089858483,0ecaa5967403d082aa24f35e1b516d23)
Start importing Assets/MagicSoundEffects/Car_Engines_02/Offroad/car2_offroad_a_decel_slow_01.wav using Guid(9171b9a432bbd4ecfad17fcc596123c5) Importer(2089858483,0ecaa5967403d082aa24f35e1b516d23)  -> (artifact id: '24253815397a8749bd4a9d75a435d20d') in 0.007162 seconds 
========================================================================
Received Import Request.
  Time since last request: 0.000112 seconds.
  path: Assets/MagicSoundEffects/Car_Engines_02/Sports/car2_sports_d_engine_loop_3x.wav
  artifactKey: Guid(94878ef6556f543f99f0db426bb261dc) Importer(2089858483,0ecaa5967403d082aa24f35e1b516d23)
Start importing Assets/MagicSoundEffects/Car_Engines_02/Sports/car2_sports_d_engine_loop_3x.wav using Guid(94878ef6556f543f99f0db426bb261dc) Importer(2089858483,0ecaa5967403d082aa24f35e1b516d23)  -> (artifact id: '80e2479d00b2bed6c6d1b3dac479de34') in 0.007420 seconds 
========================================================================
Received Import Request.
  Time since last request: 0.000096 seconds.
  path: Assets/MagicSoundEffects/Car_Engines_02/Offroad/car2_offroad_d_engine_start.wav
  artifactKey: Guid(209c9d360ccb04ca4a4e2b75b33f75d0) Importer(2089858483,0ecaa5967403d082aa24f35e1b516d23)
Start importing Assets/MagicSoundEffects/Car_Engines_02/Offroad/car2_offroad_d_engine_start.wav using Guid(209c9d360ccb04ca4a4e2b75b33f75d0) Importer(2089858483,0ecaa5967403d082aa24f35e1b516d23)  -> (artifact id: '1d3b80b16520e9583fc80b042df00285') in 0.004868 seconds 
========================================================================
Received Import Request.
  Time since last request: 0.000085 seconds.
  path: Assets/Photon/PhotonUnityNetworking/Demos/PunCockpit/Scripts/ReadOnlyProperties/IsConnectedAndReadyProperty.cs
  artifactKey: Guid(17aa2c6db1ece46789212ad7c5e21509) Importer(815301076,1909f56bfc062723c751e8b465ee728b)
Start importing Assets/Photon/PhotonUnityNetworking/Demos/PunCockpit/Scripts/ReadOnlyProperties/IsConnectedAndReadyProperty.cs using Guid(17aa2c6db1ece46789212ad7c5e21509) Importer(815301076,1909f56bfc062723c751e8b465ee728b)  -> (artifact id: 'eb0d64a527b012f7efc89916d923588f') in 0.156498 seconds 
========================================================================
Received Import Request.
  Time since last request: 0.000122 seconds.
  path: Assets/RacingGameStarterKit/Editor/Motorbike_Control_Editor.cs
  artifactKey: Guid(2a5139aeb92a32b438625b897d178af1) Importer(815301076,1909f56bfc062723c751e8b465ee728b)
Start importing Assets/RacingGameStarterKit/Editor/Motorbike_Control_Editor.cs using Guid(2a5139aeb92a32b438625b897d178af1) Importer(815301076,1909f56bfc062723c751e8b465ee728b)  -> (artifact id: 'a7817c870109f0ac86cb95f41ab7e5bd') in 0.002305 seconds 
========================================================================
Received Import Request.
  Time since last request: 0.000084 seconds.
  path: Assets/MagicSoundEffects/Car_Engines_02/Pickup/car2_pickup_a_decel_fast_01.wav
  artifactKey: Guid(c7399d5917d5241d8a83e7695749ff12) Importer(2089858483,0ecaa5967403d082aa24f35e1b516d23)
Start importing Assets/MagicSoundEffects/Car_Engines_02/Pickup/car2_pickup_a_decel_fast_01.wav using Guid(c7399d5917d5241d8a83e7695749ff12) Importer(2089858483,0ecaa5967403d082aa24f35e1b516d23)  -> (artifact id: '93168b7f37f75d2846bcd8c20bafab73') in 0.004839 seconds 
========================================================================
Received Import Request.
  Time since last request: 0.000080 seconds.
  path: Assets/MagicSoundEffects/Car_Engines_02/Offroad/car2_offroad_b_engine_3x-to-4x.wav
  artifactKey: Guid(cbf62812e95224e6989ab772e3ae7f90) Importer(2089858483,0ecaa5967403d082aa24f35e1b516d23)
Start importing Assets/MagicSoundEffects/Car_Engines_02/Offroad/car2_offroad_b_engine_3x-to-4x.wav using Guid(cbf62812e95224e6989ab772e3ae7f90) Importer(2089858483,0ecaa5967403d082aa24f35e1b516d23)  -> (artifact id: '1084ade45ee14afac8e5a63de59541c9') in 0.006101 seconds 
========================================================================
Received Import Request.
  Time since last request: 0.000133 seconds.
  path: Assets/MagicSoundEffects/Car_Engines_02/City/car2_city_a_engine_loop_0x.wav
  artifactKey: Guid(ca1319b5f0dce49d589f34e733528c85) Importer(2089858483,0ecaa5967403d082aa24f35e1b516d23)
Start importing Assets/MagicSoundEffects/Car_Engines_02/City/car2_city_a_engine_loop_0x.wav using Guid(ca1319b5f0dce49d589f34e733528c85) Importer(2089858483,0ecaa5967403d082aa24f35e1b516d23)  -> (artifact id: 'fb3499db047de564046fcfe34b32d217') in 0.003900 seconds 
========================================================================
Received Import Request.
  Time since last request: 0.000072 seconds.
  path: Assets/MagicSoundEffects/Car_Engines_02/Sports
  artifactKey: Guid(1c4511a3c3ec74e1fa83bc3b90dcecc7) Importer(2089858483,0ecaa5967403d082aa24f35e1b516d23)
Start importing Assets/MagicSoundEffects/Car_Engines_02/Sports using Guid(1c4511a3c3ec74e1fa83bc3b90dcecc7) Importer(2089858483,0ecaa5967403d082aa24f35e1b516d23)  -> (artifact id: '482a90653fe4efb57700c5b58ae328e6') in 0.005317 seconds 
========================================================================
Received Import Request.
  Time since last request: 0.000086 seconds.
  path: Assets/MagicSoundEffects/Car_Engines_02/City/car2_city_d_passby_02.wav
  artifactKey: Guid(06a3b1eb906f94c3dba05dfffef778aa) Importer(2089858483,0ecaa5967403d082aa24f35e1b516d23)
Start importing Assets/MagicSoundEffects/Car_Engines_02/City/car2_city_d_passby_02.wav using Guid(06a3b1eb906f94c3dba05dfffef778aa) Importer(2089858483,0ecaa5967403d082aa24f35e1b516d23)  -> (artifact id: '21c00403788ce0bb7eb3d65087e00761') in 0.005807 seconds 
========================================================================
Received Import Request.
  Time since last request: 0.000097 seconds.
  path: Assets/MagicSoundEffects/Car_Engines_02/Sports/car2_sports_d_engine_1x-to-0x.wav
  artifactKey: Guid(33f3026d358f64375b64db35ef50b0bd) Importer(2089858483,0ecaa5967403d082aa24f35e1b516d23)
Start importing Assets/MagicSoundEffects/Car_Engines_02/Sports/car2_sports_d_engine_1x-to-0x.wav using Guid(33f3026d358f64375b64db35ef50b0bd) Importer(2089858483,0ecaa5967403d082aa24f35e1b516d23)  -> (artifact id: 'a5ff7e08d09983a690d0360e71f81bbd') in 0.004575 seconds 
========================================================================
Received Import Request.
  Time since last request: 0.000117 seconds.
  path: Assets/MagicSoundEffects/Car_Engines_02/City/car2_city_d_engine_loop_1x.wav
  artifactKey: Guid(9392229dcc2ff419fa87350057711956) Importer(2089858483,0ecaa5967403d082aa24f35e1b516d23)
Start importing Assets/MagicSoundEffects/Car_Engines_02/City/car2_city_d_engine_loop_1x.wav using Guid(9392229dcc2ff419fa87350057711956) Importer(2089858483,0ecaa5967403d082aa24f35e1b516d23)  -> (artifact id: '494d290dba2e45b8220cddf8218d9d36') in 0.004898 seconds 
========================================================================
Received Import Request.
  Time since last request: 0.000154 seconds.
  path: Assets/MagicSoundEffects/Car_Engines_02/Offroad/car2_offroad_c_accel_fast_02.wav
  artifactKey: Guid(5493e4c31f99545d6a502ece9d00cd30) Importer(2089858483,0ecaa5967403d082aa24f35e1b516d23)
Start importing Assets/MagicSoundEffects/Car_Engines_02/Offroad/car2_offroad_c_accel_fast_02.wav using Guid(5493e4c31f99545d6a502ece9d00cd30) Importer(2089858483,0ecaa5967403d082aa24f35e1b516d23)  -> (artifact id: '9bb9eeda2832015db820c1c89d825944') in 0.006640 seconds 
========================================================================
Received Import Request.
  Time since last request: 0.000118 seconds.
  path: Assets/MagicSoundEffects/Car_Engines_02/Sports/car2_sports_c_accel_slow_02.wav
  artifactKey: Guid(f882439eaadfe44288e7d2105339b1e4) Importer(2089858483,0ecaa5967403d082aa24f35e1b516d23)
Start importing Assets/MagicSoundEffects/Car_Engines_02/Sports/car2_sports_c_accel_slow_02.wav using Guid(f882439eaadfe44288e7d2105339b1e4) Importer(2089858483,0ecaa5967403d082aa24f35e1b516d23)  -> (artifact id: '2f2ce6d4af7d550c425f0de55f04a2a2') in 0.004493 seconds 
========================================================================
Received Import Request.
  Time since last request: 0.000085 seconds.
  path: Assets/MagicSoundEffects/Car_Engines_02/Sports/car2_sports_a_engine_2x-to-3x.wav
  artifactKey: Guid(7b449d8cd75574a6594686d45dda4b2b) Importer(2089858483,0ecaa5967403d082aa24f35e1b516d23)
Start importing Assets/MagicSoundEffects/Car_Engines_02/Sports/car2_sports_a_engine_2x-to-3x.wav using Guid(7b449d8cd75574a6594686d45dda4b2b) Importer(2089858483,0ecaa5967403d082aa24f35e1b516d23)  -> (artifact id: '7b9c9cac7d51bd3580caaa3460eff4d9') in 0.004295 seconds 
========================================================================
Received Import Request.
  Time since last request: 0.000102 seconds.
  path: Assets/MagicSoundEffects/Car_Engines_02/Pickup/car2_pickup_b_accel_slow_02.wav
  artifactKey: Guid(d4947590735824a5984225f969598445) Importer(2089858483,0ecaa5967403d082aa24f35e1b516d23)
Start importing Assets/MagicSoundEffects/Car_Engines_02/Pickup/car2_pickup_b_accel_slow_02.wav using Guid(d4947590735824a5984225f969598445) Importer(2089858483,0ecaa5967403d082aa24f35e1b516d23)  -> (artifact id: 'deb713e7aa206cb85e874e5ace3bd49b') in 0.005730 seconds 
========================================================================
Received Import Request.
  Time since last request: 0.000141 seconds.
  path: Assets/MagicSoundEffects/Car_Engines_02/Offroad/car2_offroad_a_engine_3x-to-4x.wav
  artifactKey: Guid(c574ceeea842245b4b64a52857c4f3a8) Importer(2089858483,0ecaa5967403d082aa24f35e1b516d23)
Start importing Assets/MagicSoundEffects/Car_Engines_02/Offroad/car2_offroad_a_engine_3x-to-4x.wav using Guid(c574ceeea842245b4b64a52857c4f3a8) Importer(2089858483,0ecaa5967403d082aa24f35e1b516d23)  -> (artifact id: '1ffa37e4e3c3b2598eaa3c4f30117057') in 0.006064 seconds 
========================================================================
Received Import Request.
  Time since last request: 0.000129 seconds.
  path: Assets/MagicSoundEffects/Car_Engines_02/Offroad/car2_offroad_a_engine_2x-to-3x.wav
  artifactKey: Guid(25055cfa1fa604732b03c4bf129ad5b0) Importer(2089858483,0ecaa5967403d082aa24f35e1b516d23)
Start importing Assets/MagicSoundEffects/Car_Engines_02/Offroad/car2_offroad_a_engine_2x-to-3x.wav using Guid(25055cfa1fa604732b03c4bf129ad5b0) Importer(2089858483,0ecaa5967403d082aa24f35e1b516d23)  -> (artifact id: '3591a16aa22cd1b9965f4a8407ec0c7d') in 0.006372 seconds 
========================================================================
Received Import Request.
  Time since last request: 0.000123 seconds.
  path: Assets/MagicSoundEffects/Car_Engines_02/Pickup/car2_pickup_b_decel_fast_02.wav
  artifactKey: Guid(b30057bf7f0f3480da200bca8db47ba6) Importer(2089858483,0ecaa5967403d082aa24f35e1b516d23)
Start importing Assets/MagicSoundEffects/Car_Engines_02/Pickup/car2_pickup_b_decel_fast_02.wav using Guid(b30057bf7f0f3480da200bca8db47ba6) Importer(2089858483,0ecaa5967403d082aa24f35e1b516d23)  -> (artifact id: '29c081b777d985fce6fb63835d97f364') in 0.004776 seconds 
========================================================================
Received Import Request.
  Time since last request: 0.000092 seconds.
  path: Assets/MagicSoundEffects/Car_Engines_02/Offroad/car2_offroad_c_engine_loop_2x.wav
  artifactKey: Guid(a5610934c14f6415b82b2e9612d0d3b7) Importer(2089858483,0ecaa5967403d082aa24f35e1b516d23)
Start importing Assets/MagicSoundEffects/Car_Engines_02/Offroad/car2_offroad_c_engine_loop_2x.wav using Guid(a5610934c14f6415b82b2e9612d0d3b7) Importer(2089858483,0ecaa5967403d082aa24f35e1b516d23)  -> (artifact id: '7a3bdf5d0de7941ced47b3160c88dcc0') in 0.006001 seconds 
========================================================================
Received Import Request.
  Time since last request: 0.000131 seconds.
  path: Assets/Photon/PhotonUnityNetworking/Demos/WebRpcImplementationExample.cs
  artifactKey: Guid(e5c26fb35dbf64c4eb0d1f24f1a853e9) Importer(815301076,1909f56bfc062723c751e8b465ee728b)
Start importing Assets/Photon/PhotonUnityNetworking/Demos/WebRpcImplementationExample.cs using Guid(e5c26fb35dbf64c4eb0d1f24f1a853e9) Importer(815301076,1909f56bfc062723c751e8b465ee728b)  -> (artifact id: '66519cff0e2b828f88a368adc22cc9c0') in 0.002947 seconds 
========================================================================
Received Import Request.
  Time since last request: 0.000116 seconds.
  path: Assets/MagicSoundEffects/Car_Engines_02/Sports/car2_sports_c_engine_3x-to-2x.wav
  artifactKey: Guid(4a7592d11511d4fd1958d36955442031) Importer(2089858483,0ecaa5967403d082aa24f35e1b516d23)
Start importing Assets/MagicSoundEffects/Car_Engines_02/Sports/car2_sports_c_engine_3x-to-2x.wav using Guid(4a7592d11511d4fd1958d36955442031) Importer(2089858483,0ecaa5967403d082aa24f35e1b516d23)  -> (artifact id: '5a66060c175548deed337cc32bd344ef') in 0.004180 seconds 
========================================================================
Received Import Request.
  Time since last request: 0.000069 seconds.
  path: Assets/MagicSoundEffects/Car_Engines_02/City/car2_city_a_engine_0x-to-1x.wav
  artifactKey: Guid(b2a5331d4400547718cb91a08bf48932) Importer(2089858483,0ecaa5967403d082aa24f35e1b516d23)
Start importing Assets/MagicSoundEffects/Car_Engines_02/City/car2_city_a_engine_0x-to-1x.wav using Guid(b2a5331d4400547718cb91a08bf48932) Importer(2089858483,0ecaa5967403d082aa24f35e1b516d23)  -> (artifact id: '636ec722d51bfd431c7a933969a2460c') in 0.004226 seconds 
========================================================================
Received Import Request.
  Time since last request: 0.000118 seconds.
  path: Assets/Res/Cars/AE_CARS/SAMOCHODY/Car_24/Body_D_24.tga
  artifactKey: Guid(6836c5656523f024bae91670c569d7b9) Importer(2089858483,0ecaa5967403d082aa24f35e1b516d23)
Start importing Assets/Res/Cars/AE_CARS/SAMOCHODY/Car_24/Body_D_24.tga using Guid(6836c5656523f024bae91670c569d7b9) Importer(2089858483,0ecaa5967403d082aa24f35e1b516d23)  -> (artifact id: 'dc54b085ba123e404c261b38c2d74031') in 0.228242 seconds 
========================================================================
Received Import Request.
  Time since last request: 0.000108 seconds.
  path: Assets/Photon/PhotonUnityNetworking/Demos/DemoAsteroids/Scripts/AsteroidsGame.cs
  artifactKey: Guid(a3a5d301bebde6547b43d377600a3e57) Importer(815301076,1909f56bfc062723c751e8b465ee728b)
Start importing Assets/Photon/PhotonUnityNetworking/Demos/DemoAsteroids/Scripts/AsteroidsGame.cs using Guid(a3a5d301bebde6547b43d377600a3e57) Importer(815301076,1909f56bfc062723c751e8b465ee728b)  -> (artifact id: '1db34f15bd70291cd35163ba490d350a') in 0.001533 seconds 
========================================================================
Received Import Request.
  Time since last request: 0.000080 seconds.
  path: Assets/Res/Cars/AE_CARS/SAMOCHODY/Car_21/Wheel_D_21.tga
  artifactKey: Guid(5d6f7c96f64dba24bb3b2ae2419ef02b) Importer(2089858483,0ecaa5967403d082aa24f35e1b516d23)
Start importing Assets/Res/Cars/AE_CARS/SAMOCHODY/Car_21/Wheel_D_21.tga using Guid(5d6f7c96f64dba24bb3b2ae2419ef02b) Importer(2089858483,0ecaa5967403d082aa24f35e1b516d23)  -> (artifact id: 'ffe869fcaecb063d7409ec07145a01f6') in 0.022707 seconds 
========================================================================
Received Import Request.
  Time since last request: 0.000097 seconds.
  path: Assets/Photon/PhotonUnityNetworking/Demos/DemoSlotRacer/Scripts/BezierCurve/BezierSpline.cs
  artifactKey: Guid(b154883273c2845f39445c8015d81639) Importer(815301076,1909f56bfc062723c751e8b465ee728b)
Start importing Assets/Photon/PhotonUnityNetworking/Demos/DemoSlotRacer/Scripts/BezierCurve/BezierSpline.cs using Guid(b154883273c2845f39445c8015d81639) Importer(815301076,1909f56bfc062723c751e8b465ee728b)  -> (artifact id: '7f00b30754c72e8ef0bdd16eecc43f37') in 0.001675 seconds 
========================================================================
Received Import Request.
  Time since last request: 0.000093 seconds.
  path: Assets/MagicSoundEffects/Car_Engines_02/Sports/car2_sports_c_accel_slow_01.wav
  artifactKey: Guid(59a42ef77bcf44bb395b6eaae1194380) Importer(2089858483,0ecaa5967403d082aa24f35e1b516d23)
Start importing Assets/MagicSoundEffects/Car_Engines_02/Sports/car2_sports_c_accel_slow_01.wav using Guid(59a42ef77bcf44bb395b6eaae1194380) Importer(2089858483,0ecaa5967403d082aa24f35e1b516d23)  -> (artifact id: '0ee1d20da0f57341c1fd83bc3ee73aab') in 0.005664 seconds 
========================================================================
Received Import Request.
  Time since last request: 0.000071 seconds.
  path: Assets/Racing Tracks/Scenes/Classical City/City.unity
  artifactKey: Guid(511b309578a1bf04286e9d3052a14216) Importer(2089858483,0ecaa5967403d082aa24f35e1b516d23)
Start importing Assets/Racing Tracks/Scenes/Classical City/City.unity using Guid(511b309578a1bf04286e9d3052a14216) Importer(2089858483,0ecaa5967403d082aa24f35e1b516d23)  -> (artifact id: 'f41ebb5bcf2714080314f16ed032321f') in 0.002612 seconds 
========================================================================
Received Import Request.
  Time since last request: 0.000092 seconds.
  path: Assets/Photon/PhotonUnityNetworking/Demos/DemoAsteroids/Scripts/Lobby/LobbyTopPanel.cs
  artifactKey: Guid(fe0a55ef565e3984f8866c5c91e3c2fd) Importer(815301076,1909f56bfc062723c751e8b465ee728b)
Start importing Assets/Photon/PhotonUnityNetworking/Demos/DemoAsteroids/Scripts/Lobby/LobbyTopPanel.cs using Guid(fe0a55ef565e3984f8866c5c91e3c2fd) Importer(815301076,1909f56bfc062723c751e8b465ee728b)  -> (artifact id: '96aed32468110aef96e1ee0321df2822') in 0.001265 seconds 
========================================================================
Received Import Request.
  Time since last request: 0.000106 seconds.
  path: Assets/Scenes/Title/Lightmap-0_comp_light.exr
  artifactKey: Guid(086008e59d70048c089122c5c044cc93) Importer(2089858483,0ecaa5967403d082aa24f35e1b516d23)
Start importing Assets/Scenes/Title/Lightmap-0_comp_light.exr using Guid(086008e59d70048c089122c5c044cc93) Importer(2089858483,0ecaa5967403d082aa24f35e1b516d23)  -> (artifact id: 'e51a34b0bf058d3741e8e2bb0d56cb28') in 0.142601 seconds 
========================================================================
Received Import Request.
  Time since last request: 0.000081 seconds.
  path: Assets/MagicSoundEffects/Car_Engines_02/Sports/car2_sports_b_engine_loop_1x.wav
  artifactKey: Guid(e0175574d1e8b4b53970600aae75e572) Importer(2089858483,0ecaa5967403d082aa24f35e1b516d23)
Start importing Assets/MagicSoundEffects/Car_Engines_02/Sports/car2_sports_b_engine_loop_1x.wav using Guid(e0175574d1e8b4b53970600aae75e572) Importer(2089858483,0ecaa5967403d082aa24f35e1b516d23)  -> (artifact id: '2b1c1887b3354695a901f91604f06031') in 0.003907 seconds 
========================================================================
Received Import Request.
  Time since last request: 0.000124 seconds.
  path: Assets/MagicSoundEffects/Car_Engines_02/City/car2_city_d_decel_slow_01.wav
  artifactKey: Guid(10befe4d71b154d6fbe6128e5fe0c73b) Importer(2089858483,0ecaa5967403d082aa24f35e1b516d23)
Start importing Assets/MagicSoundEffects/Car_Engines_02/City/car2_city_d_decel_slow_01.wav using Guid(10befe4d71b154d6fbe6128e5fe0c73b) Importer(2089858483,0ecaa5967403d082aa24f35e1b516d23)  -> (artifact id: 'c209d0764b3dd674ef726a799bee37d2') in 0.004371 seconds 
========================================================================
Received Import Request.
  Time since last request: 0.000073 seconds.
  path: Assets/MagicSoundEffects/Car_Engines_02/Pickup/car2_pickup_b_engine_0x-to-1x.wav
  artifactKey: Guid(a2ea36c2d409c4deca9518fe7f529ed1) Importer(2089858483,0ecaa5967403d082aa24f35e1b516d23)
Start importing Assets/MagicSoundEffects/Car_Engines_02/Pickup/car2_pickup_b_engine_0x-to-1x.wav using Guid(a2ea36c2d409c4deca9518fe7f529ed1) Importer(2089858483,0ecaa5967403d082aa24f35e1b516d23)  -> (artifact id: 'faa4b65abab73859ba1d742c3beb18d3') in 0.004617 seconds 
========================================================================
Received Import Request.
  Time since last request: 0.000081 seconds.
  path: Assets/MagicSoundEffects/Car_Engines_02/Offroad/car2_offroad_d_passby_02.wav
  artifactKey: Guid(8ca31c7998c3c467e8c7e7aaa2608152) Importer(2089858483,0ecaa5967403d082aa24f35e1b516d23)
Start importing Assets/MagicSoundEffects/Car_Engines_02/Offroad/car2_offroad_d_passby_02.wav using Guid(8ca31c7998c3c467e8c7e7aaa2608152) Importer(2089858483,0ecaa5967403d082aa24f35e1b516d23)  -> (artifact id: '13fd0683fdbd4970c2c20c6f84c55fab') in 0.004288 seconds 
========================================================================
Received Import Request.
  Time since last request: 0.000149 seconds.
  path: Assets/MagicSoundEffects/Car_Engines_02/City/car2_city_a_engine_3x-to-2x.wav
  artifactKey: Guid(3b0c81a3666d248a3869f2f67f3093e3) Importer(2089858483,0ecaa5967403d082aa24f35e1b516d23)
Start importing Assets/MagicSoundEffects/Car_Engines_02/City/car2_city_a_engine_3x-to-2x.wav using Guid(3b0c81a3666d248a3869f2f67f3093e3) Importer(2089858483,0ecaa5967403d082aa24f35e1b516d23)  -> (artifact id: '83d4c9748fb5b1e40d1e5af6301c5774') in 0.005080 seconds 
========================================================================
Received Import Request.
  Time since last request: 0.000125 seconds.
  path: Assets/MagicSoundEffects/Car_Engines_02/Sports/car2_sports_a_engine_2x-to-1x.wav
  artifactKey: Guid(fe3f56b1595ee4e0da78dacfe023505e) Importer(2089858483,0ecaa5967403d082aa24f35e1b516d23)
Start importing Assets/MagicSoundEffects/Car_Engines_02/Sports/car2_sports_a_engine_2x-to-1x.wav using Guid(fe3f56b1595ee4e0da78dacfe023505e) Importer(2089858483,0ecaa5967403d082aa24f35e1b516d23)  -> (artifact id: 'e4b4994f3cb2cf153d13797e24ed5ff6') in 0.005572 seconds 
========================================================================
Received Import Request.
  Time since last request: 0.000080 seconds.
  path: Assets/MagicSoundEffects/Car_Engines_02/City/car2_city_a_decel_fast_02.wav
  artifactKey: Guid(667660ca4058e42a18bbd4e1e76fa9f3) Importer(2089858483,0ecaa5967403d082aa24f35e1b516d23)
Start importing Assets/MagicSoundEffects/Car_Engines_02/City/car2_city_a_decel_fast_02.wav using Guid(667660ca4058e42a18bbd4e1e76fa9f3) Importer(2089858483,0ecaa5967403d082aa24f35e1b516d23)  -> (artifact id: '6cd325147c609648286da52fbc75cf4a') in 0.006515 seconds 
========================================================================
Received Import Request.
  Time since last request: 0.000081 seconds.
  path: Assets/MagicSoundEffects/Car_Engines_02/Pickup/car2_pickup_b_engine_loop_0x.wav
  artifactKey: Guid(68ef2878d47064c16b8a672b0fd940a8) Importer(2089858483,0ecaa5967403d082aa24f35e1b516d23)
Start importing Assets/MagicSoundEffects/Car_Engines_02/Pickup/car2_pickup_b_engine_loop_0x.wav using Guid(68ef2878d47064c16b8a672b0fd940a8) Importer(2089858483,0ecaa5967403d082aa24f35e1b516d23)  -> (artifact id: 'f8ea8e28451c13281c1e3d7a243cced7') in 0.005255 seconds 
========================================================================
Received Import Request.
  Time since last request: 0.000088 seconds.
  path: Assets/MagicSoundEffects/Car_Engines_02/City/car2_city_c_engine_1x-to-0x.wav
  artifactKey: Guid(517939c8f249348c68eb28593f587769) Importer(2089858483,0ecaa5967403d082aa24f35e1b516d23)
Start importing Assets/MagicSoundEffects/Car_Engines_02/City/car2_city_c_engine_1x-to-0x.wav using Guid(517939c8f249348c68eb28593f587769) Importer(2089858483,0ecaa5967403d082aa24f35e1b516d23)  -> (artifact id: '451116b1daf5543dd2476dca5992a7cd') in 0.004847 seconds 
========================================================================
Received Import Request.
  Time since last request: 0.000126 seconds.
  path: Assets/MagicSoundEffects/Car_Engines_02/Offroad/car2_offroad_a_accel_fast_02.wav
  artifactKey: Guid(5813745abdf91459aaaa61304166ede1) Importer(2089858483,0ecaa5967403d082aa24f35e1b516d23)
Start importing Assets/MagicSoundEffects/Car_Engines_02/Offroad/car2_offroad_a_accel_fast_02.wav using Guid(5813745abdf91459aaaa61304166ede1) Importer(2089858483,0ecaa5967403d082aa24f35e1b516d23)  -> (artifact id: 'ec01f95148290d077a7924a2bdab08c5') in 0.005958 seconds 
========================================================================
Received Import Request.
  Time since last request: 0.000102 seconds.
  path: Assets/MagicSoundEffects/Car_Engines_02/Offroad/car2_offroad_c_decel_slow_02.wav
  artifactKey: Guid(fbc6054dec0a54a28ab34985e3ecd331) Importer(2089858483,0ecaa5967403d082aa24f35e1b516d23)
Start importing Assets/MagicSoundEffects/Car_Engines_02/Offroad/car2_offroad_c_decel_slow_02.wav using Guid(fbc6054dec0a54a28ab34985e3ecd331) Importer(2089858483,0ecaa5967403d082aa24f35e1b516d23)  -> (artifact id: '5a2a8fc6c05b8f4a89d700d08e304d4f') in 0.005010 seconds 
========================================================================
Received Import Request.
  Time since last request: 0.000093 seconds.
  path: Assets/MagicSoundEffects/Car_Engines_02/Sports/car2_sports_b_passby_02.wav
  artifactKey: Guid(d75fe3b7d3dd647cb81535f8685549e8) Importer(2089858483,0ecaa5967403d082aa24f35e1b516d23)
Start importing Assets/MagicSoundEffects/Car_Engines_02/Sports/car2_sports_b_passby_02.wav using Guid(d75fe3b7d3dd647cb81535f8685549e8) Importer(2089858483,0ecaa5967403d082aa24f35e1b516d23)  -> (artifact id: '2dc7467741ac780af870aac98f71ea25') in 0.004336 seconds 
========================================================================
Received Import Request.
  Time since last request: 0.000112 seconds.
  path: Assets/MagicSoundEffects/Car_Engines_02/City/car2_city_d_engine_loop_4x.wav
  artifactKey: Guid(f4eaa22fcdf4e4333b7699d8d322a29e) Importer(2089858483,0ecaa5967403d082aa24f35e1b516d23)
Start importing Assets/MagicSoundEffects/Car_Engines_02/City/car2_city_d_engine_loop_4x.wav using Guid(f4eaa22fcdf4e4333b7699d8d322a29e) Importer(2089858483,0ecaa5967403d082aa24f35e1b516d23)  -> (artifact id: '4cd435c707afc7d4fc8f224799ecce70') in 0.004340 seconds 
========================================================================
Received Import Request.
  Time since last request: 0.000096 seconds.
  path: Assets/MagicSoundEffects/Car_Engines_02/City/car2_city_c_engine_3x-to-2x.wav
  artifactKey: Guid(e2d83e394ed594ba3987f923e2398606) Importer(2089858483,0ecaa5967403d082aa24f35e1b516d23)
Start importing Assets/MagicSoundEffects/Car_Engines_02/City/car2_city_c_engine_3x-to-2x.wav using Guid(e2d83e394ed594ba3987f923e2398606) Importer(2089858483,0ecaa5967403d082aa24f35e1b516d23)  -> (artifact id: '174acbccd34ae7e2740c8475a3849a05') in 0.004180 seconds 
========================================================================
Received Import Request.
  Time since last request: 0.000103 seconds.
  path: Assets/MagicSoundEffects/Car_Engines_02/Sports/car2_sports_f_accel_fast_01.wav
  artifactKey: Guid(7986980d6177949fdb99e1641b291163) Importer(2089858483,0ecaa5967403d082aa24f35e1b516d23)
Start importing Assets/MagicSoundEffects/Car_Engines_02/Sports/car2_sports_f_accel_fast_01.wav using Guid(7986980d6177949fdb99e1641b291163) Importer(2089858483,0ecaa5967403d082aa24f35e1b516d23)  -> (artifact id: 'e41d188625337fe6403ada009926e68f') in 0.005350 seconds 
========================================================================
Received Import Request.
  Time since last request: 0.000109 seconds.
  path: Assets/MagicSoundEffects/Car_Engines_02/Sports/car2_sports_e_engine_loop_2x.wav
  artifactKey: Guid(e6590a012d0074eb1b6b76d487d55fcb) Importer(2089858483,0ecaa5967403d082aa24f35e1b516d23)
Start importing Assets/MagicSoundEffects/Car_Engines_02/Sports/car2_sports_e_engine_loop_2x.wav using Guid(e6590a012d0074eb1b6b76d487d55fcb) Importer(2089858483,0ecaa5967403d082aa24f35e1b516d23)  -> (artifact id: '88fbc67e589ce244e41d27df04178f99') in 0.004839 seconds 
========================================================================
Received Import Request.
  Time since last request: 0.000127 seconds.
  path: Assets/MagicSoundEffects/Car_Engines_02/Offroad/car2_offroad_d_accel_fast_02.wav
  artifactKey: Guid(2cb98c30a3e714a24b73d464bd0eb123) Importer(2089858483,0ecaa5967403d082aa24f35e1b516d23)
Start importing Assets/MagicSoundEffects/Car_Engines_02/Offroad/car2_offroad_d_accel_fast_02.wav using Guid(2cb98c30a3e714a24b73d464bd0eb123) Importer(2089858483,0ecaa5967403d082aa24f35e1b516d23)  -> (artifact id: '4e4f420e1f18a9bcbafdc64f671e1a26') in 0.004646 seconds 
========================================================================
Received Import Request.
  Time since last request: 0.000141 seconds.
  path: Assets/MagicSoundEffects
  artifactKey: Guid(09ac7ec602b96493694cddbbab323df7) Importer(2089858483,0ecaa5967403d082aa24f35e1b516d23)
Start importing Assets/MagicSoundEffects using Guid(09ac7ec602b96493694cddbbab323df7) Importer(2089858483,0ecaa5967403d082aa24f35e1b516d23)  -> (artifact id: '6dfc859efc8edb6a702a33ee866bf859') in 0.004936 seconds 
========================================================================
Received Import Request.
  Time since last request: 0.000123 seconds.
  path: Assets/MagicSoundEffects/Car_Engines_02/City/car2_city_b_engine_1x-to-0x.wav
  artifactKey: Guid(c54b0c4a9ba90471c939edb7d9d7ed88) Importer(2089858483,0ecaa5967403d082aa24f35e1b516d23)
Start importing Assets/MagicSoundEffects/Car_Engines_02/City/car2_city_b_engine_1x-to-0x.wav using Guid(c54b0c4a9ba90471c939edb7d9d7ed88) Importer(2089858483,0ecaa5967403d082aa24f35e1b516d23)  -> (artifact id: '4d8c968714db64f48763ef30ce39bbce') in 0.005706 seconds 
========================================================================
Received Import Request.
  Time since last request: 0.000119 seconds.
  path: Assets/MagicSoundEffects/Car_Engines_02/Pickup/car2_pickup_a_passby_02.wav
  artifactKey: Guid(07e16db66ae8346bf8ce25a8394926e8) Importer(2089858483,0ecaa5967403d082aa24f35e1b516d23)
Start importing Assets/MagicSoundEffects/Car_Engines_02/Pickup/car2_pickup_a_passby_02.wav using Guid(07e16db66ae8346bf8ce25a8394926e8) Importer(2089858483,0ecaa5967403d082aa24f35e1b516d23)  -> (artifact id: 'bdbfa9ffd446c301ce4474e09ac40ee0') in 0.004632 seconds 
========================================================================
Received Import Request.
  Time since last request: 0.000089 seconds.
  path: Assets/MagicSoundEffects/Car_Engines_02/Offroad/car2_offroad_b_engine_1x-to-0x.wav
  artifactKey: Guid(97697f80ca4384916b385f142437323b) Importer(2089858483,0ecaa5967403d082aa24f35e1b516d23)
Start importing Assets/MagicSoundEffects/Car_Engines_02/Offroad/car2_offroad_b_engine_1x-to-0x.wav using Guid(97697f80ca4384916b385f142437323b) Importer(2089858483,0ecaa5967403d082aa24f35e1b516d23)  -> (artifact id: '636367352d883d905bce02e64b61199d') in 0.005855 seconds 
========================================================================
Received Import Request.
  Time since last request: 0.000086 seconds.
  path: Assets/MagicSoundEffects/Car_Engines_02/Sports/car2_sports_f_engine_3x-to-2x.wav
  artifactKey: Guid(26286763ae3d54fc8add3099eda749b0) Importer(2089858483,0ecaa5967403d082aa24f35e1b516d23)
Start importing Assets/MagicSoundEffects/Car_Engines_02/Sports/car2_sports_f_engine_3x-to-2x.wav using Guid(26286763ae3d54fc8add3099eda749b0) Importer(2089858483,0ecaa5967403d082aa24f35e1b516d23)  -> (artifact id: '87c9fe707f58e6188f8aa040d4753df6') in 0.005030 seconds 
========================================================================
Received Import Request.
  Time since last request: 0.000083 seconds.
  path: Assets/MagicSoundEffects/Car_Engines_02/Sports/car2_sports_d_engine_loop_1x.wav
  artifactKey: Guid(b0285b5f308104b92a4729cb3f289e49) Importer(2089858483,0ecaa5967403d082aa24f35e1b516d23)
Start importing Assets/MagicSoundEffects/Car_Engines_02/Sports/car2_sports_d_engine_loop_1x.wav using Guid(b0285b5f308104b92a4729cb3f289e49) Importer(2089858483,0ecaa5967403d082aa24f35e1b516d23)  -> (artifact id: 'f7d259db9fa1e51f456dae5e09fda5fe') in 0.004531 seconds 
========================================================================
Received Import Request.
  Time since last request: 0.000096 seconds.
  path: Assets/MagicSoundEffects/Car_Engines_02/Offroad/car2_offroad_c_decel_slow_01.wav
  artifactKey: Guid(cbe909444f8d84349a108e04d97163ab) Importer(2089858483,0ecaa5967403d082aa24f35e1b516d23)
Start importing Assets/MagicSoundEffects/Car_Engines_02/Offroad/car2_offroad_c_decel_slow_01.wav using Guid(cbe909444f8d84349a108e04d97163ab) Importer(2089858483,0ecaa5967403d082aa24f35e1b516d23)  -> (artifact id: 'd6b914be01ba269aedbc3537d9c2a96e') in 0.003950 seconds 
========================================================================
Received Import Request.
  Time since last request: 0.000067 seconds.
  path: Assets/Sound/sfx/Mustang/Mustang - Mustang hit 4.wav
  artifactKey: Guid(da5f309ad2f7340bd930cc8f609c7946) Importer(2089858483,0ecaa5967403d082aa24f35e1b516d23)
Start importing Assets/Sound/sfx/Mustang/Mustang - Mustang hit 4.wav using Guid(da5f309ad2f7340bd930cc8f609c7946) Importer(2089858483,0ecaa5967403d082aa24f35e1b516d23)  -> (artifact id: 'bb38749f0d39ea7326aaa2596aa523e5') in 0.004218 seconds 
========================================================================
Received Import Request.
  Time since last request: 0.000075 seconds.
  path: Assets/Scripts/menuOption.cs
  artifactKey: Guid(0f4abf5b0f607497d83556247b5f653e) Importer(2089858483,0ecaa5967403d082aa24f35e1b516d23)
Start importing Assets/Scripts/menuOption.cs using Guid(0f4abf5b0f607497d83556247b5f653e) Importer(2089858483,0ecaa5967403d082aa24f35e1b516d23)  -> (artifact id: '1af3d8d97e23cc0356e7ae5ce50f350c') in 0.007742 seconds 
========================================================================
Received Import Request.
  Time since last request: 0.000101 seconds.
  path: Assets/Sound/sfx/Mustang/Mustang - Mustang straight away short.wav
  artifactKey: Guid(00a166b17b0c9446e85d7fbf886a24b9) Importer(2089858483,0ecaa5967403d082aa24f35e1b516d23)
Start importing Assets/Sound/sfx/Mustang/Mustang - Mustang straight away short.wav using Guid(00a166b17b0c9446e85d7fbf886a24b9) Importer(2089858483,0ecaa5967403d082aa24f35e1b516d23)  -> (artifact id: '33b6aa00d1fd00ce1a9e8a7dca26bfab') in 0.003950 seconds 
========================================================================
Received Import Request.
  Time since last request: 0.000170 seconds.
  path: Assets/pngtree-glossy-golden-coin-icon-png-image_2898883.jpeg
  artifactKey: Guid(19eae12b1ba2443b8aa2846bb7613f9c) Importer(2089858483,0ecaa5967403d082aa24f35e1b516d23)
Start importing Assets/pngtree-glossy-golden-coin-icon-png-image_2898883.jpeg using Guid(19eae12b1ba2443b8aa2846bb7613f9c) Importer(2089858483,0ecaa5967403d082aa24f35e1b516d23)  -> (artifact id: 'ece4ee78ae7e79dd8088a622c1a81cb1') in 0.152476 seconds 
========================================================================
Received Import Request.
  Time since last request: 0.000088 seconds.
  path: Assets/MagicSoundEffects/Car_Engines_02/City/car2_city_d_engine_stop.wav
  artifactKey: Guid(b70643aafb4004c54b1f1dbb9b6d7cea) Importer(2089858483,0ecaa5967403d082aa24f35e1b516d23)
Start importing Assets/MagicSoundEffects/Car_Engines_02/City/car2_city_d_engine_stop.wav using Guid(b70643aafb4004c54b1f1dbb9b6d7cea) Importer(2089858483,0ecaa5967403d082aa24f35e1b516d23)  -> (artifact id: '89f044024c20dae5ef0b90bfe9b65322') in 0.004697 seconds 
========================================================================
Received Import Request.
  Time since last request: 0.000089 seconds.
  path: Assets/MagicSoundEffects/Car_Engines_02/Pickup/car2_pickup_b_accel_fast_01.wav
  artifactKey: Guid(9fe7dfe970412441e92c9b728fff3eb9) Importer(2089858483,0ecaa5967403d082aa24f35e1b516d23)
Start importing Assets/MagicSoundEffects/Car_Engines_02/Pickup/car2_pickup_b_accel_fast_01.wav using Guid(9fe7dfe970412441e92c9b728fff3eb9) Importer(2089858483,0ecaa5967403d082aa24f35e1b516d23)  -> (artifact id: '72b8552848e074e65b739bcf17db6237') in 0.004658 seconds 
========================================================================
Received Import Request.
  Time since last request: 0.000085 seconds.
  path: Assets/keystore.cs
  artifactKey: Guid(acf893e245b48479aa1c99cdda15ea64) Importer(2089858483,0ecaa5967403d082aa24f35e1b516d23)
Start importing Assets/keystore.cs using Guid(acf893e245b48479aa1c99cdda15ea64) Importer(2089858483,0ecaa5967403d082aa24f35e1b516d23)  -> (artifact id: 'a2562aea7ed95dbfce96f33264334609') in 0.004757 seconds 
========================================================================
Received Import Request.
  Time since last request: 0.000092 seconds.
  path: Assets/Sound/sfx/Mustang/History
  artifactKey: Guid(b11896388de39400e8ffef1a37fe148b) Importer(2089858483,0ecaa5967403d082aa24f35e1b516d23)
Start importing Assets/Sound/sfx/Mustang/History using Guid(b11896388de39400e8ffef1a37fe148b) Importer(2089858483,0ecaa5967403d082aa24f35e1b516d23)  -> (artifact id: '96e23cb7ad44da59753cf01f4a18b43a') in 0.004637 seconds 
========================================================================
Received Import Request.
  Time since last request: 0.000112 seconds.
  path: Assets/Scripts/Launcher.cs
  artifactKey: Guid(1ea74ee8d96244c558d20a691379b6ae) Importer(2089858483,0ecaa5967403d082aa24f35e1b516d23)
Start importing Assets/Scripts/Launcher.cs using Guid(1ea74ee8d96244c558d20a691379b6ae) Importer(2089858483,0ecaa5967403d082aa24f35e1b516d23)  -> (artifact id: 'cd19cf5b99a4e6cb42a4a3aa287a41b4') in 0.005360 seconds 
========================================================================
Received Import Request.
  Time since last request: 0.000085 seconds.
  path: Assets/Srivatsan Lakshmanan/Scripts
  artifactKey: Guid(afd6513440cdafc43b0227a028573e5a) Importer(2089858483,0ecaa5967403d082aa24f35e1b516d23)
Start importing Assets/Srivatsan Lakshmanan/Scripts using Guid(afd6513440cdafc43b0227a028573e5a) Importer(2089858483,0ecaa5967403d082aa24f35e1b516d23)  -> (artifact id: '4a1ab49c361bfa3ffe540aeb95848cb9') in 0.003245 seconds 
========================================================================
Received Import Request.
  Time since last request: 0.000098 seconds.
  path: Assets/Sound/sfx/Lambo/lambo - Lambo Gear up 7 and out.wav
  artifactKey: Guid(7855a82bc985e432cbbbb2560849dae3) Importer(2089858483,0ecaa5967403d082aa24f35e1b516d23)
Start importing Assets/Sound/sfx/Lambo/lambo - Lambo Gear up 7 and out.wav using Guid(7855a82bc985e432cbbbb2560849dae3) Importer(2089858483,0ecaa5967403d082aa24f35e1b516d23)  -> (artifact id: '90b2af202bfe40511d0876357e77ae9e') in 0.004415 seconds 
========================================================================
Received Import Request.
  Time since last request: 0.000166 seconds.
  path: Assets/Sound/sfx/Mustang/Mustang - Mustang.wav
  artifactKey: Guid(88a92fa161e044222a3cf513930e4ab6) Importer(2089858483,0ecaa5967403d082aa24f35e1b516d23)
Start importing Assets/Sound/sfx/Mustang/Mustang - Mustang.wav using Guid(88a92fa161e044222a3cf513930e4ab6) Importer(2089858483,0ecaa5967403d082aa24f35e1b516d23)  -> (artifact id: '3a201c88310225d2a799d78406edceb4') in 0.003643 seconds 
========================================================================
Received Import Request.
  Time since last request: 0.000073 seconds.
  path: Assets/Sound/sfx/Mustang/Mustang - Mustang straight away Long.wav
  artifactKey: Guid(dd97e00a0975246adbfeb7e0f90d6bc3) Importer(2089858483,0ecaa5967403d082aa24f35e1b516d23)
Start importing Assets/Sound/sfx/Mustang/Mustang - Mustang straight away Long.wav using Guid(dd97e00a0975246adbfeb7e0f90d6bc3) Importer(2089858483,0ecaa5967403d082aa24f35e1b516d23)  -> (artifact id: 'b0282b7637fddfbe85cc33b97005ecd5') in 0.082485 seconds 
========================================================================
Received Import Request.
  Time since last request: 0.000170 seconds.
  path: Assets/MagicSoundEffects/Car_Engines_02/Offroad/car2_offroad_b_engine_2x-to-1x.wav
  artifactKey: Guid(f391ba2accfb44d5494e3170f21e50c9) Importer(2089858483,0ecaa5967403d082aa24f35e1b516d23)
Start importing Assets/MagicSoundEffects/Car_Engines_02/Offroad/car2_offroad_b_engine_2x-to-1x.wav using Guid(f391ba2accfb44d5494e3170f21e50c9) Importer(2089858483,0ecaa5967403d082aa24f35e1b516d23)  -> (artifact id: '2614c75c22d78b22be8a678ed31fa85a') in 0.005335 seconds 
========================================================================
Received Import Request.
  Time since last request: 0.000059 seconds.
  path: Assets/MagicSoundEffects/Car_Engines_02/Sports/car2_sports_b_accel_fast_02.wav
  artifactKey: Guid(28b393578d14047cdba9cc4eda272b10) Importer(2089858483,0ecaa5967403d082aa24f35e1b516d23)
Start importing Assets/MagicSoundEffects/Car_Engines_02/Sports/car2_sports_b_accel_fast_02.wav using Guid(28b393578d14047cdba9cc4eda272b10) Importer(2089858483,0ecaa5967403d082aa24f35e1b516d23)  -> (artifact id: 'e39f136636d3322030fed77a04802849') in 0.003285 seconds 
========================================================================
Received Import Request.
  Time since last request: 0.000070 seconds.
  path: Assets/MagicSoundEffects/Car_Engines_02/Offroad/car2_offroad_a_engine_3x-to-2x.wav
  artifactKey: Guid(b79fb68f7b09a4768a0fcd0426124c64) Importer(2089858483,0ecaa5967403d082aa24f35e1b516d23)
Start importing Assets/MagicSoundEffects/Car_Engines_02/Offroad/car2_offroad_a_engine_3x-to-2x.wav using Guid(b79fb68f7b09a4768a0fcd0426124c64) Importer(2089858483,0ecaa5967403d082aa24f35e1b516d23)  -> (artifact id: '1506e4e53549d248ce1b96dd41e81e07') in 0.004478 seconds 
========================================================================
Received Import Request.
  Time since last request: 0.000103 seconds.
  path: Assets/RacingGameStarterKit/Scripts/Misc/PlayerData.cs
  artifactKey: Guid(65cc8046bf0c16d4caa20beb531a05f8) Importer(2089858483,0ecaa5967403d082aa24f35e1b516d23)
Start importing Assets/RacingGameStarterKit/Scripts/Misc/PlayerData.cs using Guid(65cc8046bf0c16d4caa20beb531a05f8) Importer(2089858483,0ecaa5967403d082aa24f35e1b516d23)  -> (artifact id: '503eae569351813e89dd383353efd7d0') in 0.003740 seconds 
========================================================================
Received Import Request.
  Time since last request: 0.000066 seconds.
  path: Assets/image.jpeg
  artifactKey: Guid(7cd5f8ede00f44c34a6fc91bb716ead4) Importer(2089858483,0ecaa5967403d082aa24f35e1b516d23)
Start importing Assets/image.jpeg using Guid(7cd5f8ede00f44c34a6fc91bb716ead4) Importer(2089858483,0ecaa5967403d082aa24f35e1b516d23)  -> (artifact id: '3087397eff96e4aa773560f48476bc7f') in 0.004886 seconds 
========================================================================
Received Import Request.
  Time since last request: 0.000062 seconds.
  path: Assets/RacingGameStarterKit/Source/Models/Driver/Default/DefaultAvatar.fbm/body normal.png
  artifactKey: Guid(3bb5b9e1034b88c498f5c7705cd8974f) Importer(2089858483,0ecaa5967403d082aa24f35e1b516d23)
Start importing Assets/RacingGameStarterKit/Source/Models/Driver/Default/DefaultAvatar.fbm/body normal.png using Guid(3bb5b9e1034b88c498f5c7705cd8974f) Importer(2089858483,0ecaa5967403d082aa24f35e1b516d23)  -> (artifact id: '4b09885e48139224edbe527732a617f3') in 3.434578 seconds 
========================================================================
Received Import Request.
  Time since last request: 0.000094 seconds.
  path: Assets/Sound/sfx/Mustang
  artifactKey: Guid(c7e0ab81108324deabe4d3d4fa764b9c) Importer(2089858483,0ecaa5967403d082aa24f35e1b516d23)
Start importing Assets/Sound/sfx/Mustang using Guid(c7e0ab81108324deabe4d3d4fa764b9c) Importer(2089858483,0ecaa5967403d082aa24f35e1b516d23)  -> (artifact id: '0cb031747bbd824d89501e5568526dfe') in 0.004878 seconds 
========================================================================
Received Import Request.
  Time since last request: 0.000126 seconds.
  path: Assets/US Racing Cars/Art/3D/Cars/Yellow sport car/Materials/corvette texture.mat
  artifactKey: Guid(f44dd28f22b624f989558f36b9b0f634) Importer(2089858483,0ecaa5967403d082aa24f35e1b516d23)
Start importing Assets/US Racing Cars/Art/3D/Cars/Yellow sport car/Materials/corvette texture.mat using Guid(f44dd28f22b624f989558f36b9b0f634) Importer(2089858483,0ecaa5967403d082aa24f35e1b516d23)  -> (artifact id: '65ba8e972287bbab14db742989bb0106') in 0.315512 seconds 
========================================================================
Received Import Request.
  Time since last request: 0.000098 seconds.
  path: Assets/MagicSoundEffects/Car_Engines_02/Offroad/car2_offroad_d_engine_loop_4x.wav
  artifactKey: Guid(95d2c0b5729144261838bf6775015ea9) Importer(2089858483,0ecaa5967403d082aa24f35e1b516d23)
Start importing Assets/MagicSoundEffects/Car_Engines_02/Offroad/car2_offroad_d_engine_loop_4x.wav using Guid(95d2c0b5729144261838bf6775015ea9) Importer(2089858483,0ecaa5967403d082aa24f35e1b516d23)  -> (artifact id: 'd9b73bb3150b9e5436841c4784898948') in 0.005677 seconds 
========================================================================
Received Import Request.
  Time since last request: 0.000112 seconds.
  path: Assets/MagicSoundEffects/Car_Engines_02/Offroad/car2_offroad_c_decel_fast_02.wav
  artifactKey: Guid(c839b3126ccd44ec084e5efb17642eb7) Importer(2089858483,0ecaa5967403d082aa24f35e1b516d23)
Start importing Assets/MagicSoundEffects/Car_Engines_02/Offroad/car2_offroad_c_decel_fast_02.wav using Guid(c839b3126ccd44ec084e5efb17642eb7) Importer(2089858483,0ecaa5967403d082aa24f35e1b516d23)  -> (artifact id: 'eb52384878eed5c917d5b001caf1b5b8') in 0.004410 seconds 
========================================================================
Received Import Request.
  Time since last request: 0.000100 seconds.
  path: Assets/Vids/IMG_1228.MOV
  artifactKey: Guid(e121a15a7d4724e0a83ee48518ccc3f0) Importer(2089858483,0ecaa5967403d082aa24f35e1b516d23)
Start importing Assets/Vids/IMG_1228.MOV using Guid(e121a15a7d4724e0a83ee48518ccc3f0) Importer(2089858483,0ecaa5967403d082aa24f35e1b516d23)  -> (artifact id: 'dfae28a376f7ec7e67490462b154d2a4') in 1.297551 seconds 
========================================================================
Received Import Request.
  Time since last request: 4.073545 seconds.
  path: Assets/Scripts/menuGamePad.cs
  artifactKey: Guid(72d60337b572a4db896d8b88f6b68dfc) Importer(815301076,1909f56bfc062723c751e8b465ee728b)
Start importing Assets/Scripts/menuGamePad.cs using Guid(72d60337b572a4db896d8b88f6b68dfc) Importer(815301076,1909f56bfc062723c751e8b465ee728b)  -> (artifact id: '058271cc6ba0c0873d6be90e3ca47aae') in 0.001419 seconds 
========================================================================
Received Import Request.
  Time since last request: 29.674147 seconds.
  path: Assets/MagicSoundEffects/Car_Engines_02/Pickup/car2_pickup_a_engine_2x-to-3x.wav
  artifactKey: Guid(3feee0fc139a8473aa33f4f877618d65) Importer(815301076,1909f56bfc062723c751e8b465ee728b)
Start importing Assets/MagicSoundEffects/Car_Engines_02/Pickup/car2_pickup_a_engine_2x-to-3x.wav using Guid(3feee0fc139a8473aa33f4f877618d65) Importer(815301076,1909f56bfc062723c751e8b465ee728b)  -> (artifact id: '79d5db16dcf4c3e5a5fe5f4ad047f2bf') in 0.001389 seconds 
========================================================================
Received Import Request.
  Time since last request: 0.061309 seconds.
  path: Assets/MagicSoundEffects/Car_Engines_02/Pickup/car2_pickup_a_engine_1x-to-2x.wav
  artifactKey: Guid(4a65d04eadf764371af33595b1c4735e) Importer(815301076,1909f56bfc062723c751e8b465ee728b)
Start importing Assets/MagicSoundEffects/Car_Engines_02/Pickup/car2_pickup_a_engine_1x-to-2x.wav using Guid(4a65d04eadf764371af33595b1c4735e) Importer(815301076,1909f56bfc062723c751e8b465ee728b)  -> (artifact id: '036ae2e6e1b2491d174444ba7a6010c0') in 0.001292 seconds 
========================================================================
Received Import Request.
  Time since last request: 0.019493 seconds.
  path: Assets/MagicSoundEffects/Car_Engines_02/Pickup/car2_pickup_a_engine_3x-to-2x.wav
  artifactKey: Guid(4ea40772fd146436f9ae11e815763a06) Importer(815301076,1909f56bfc062723c751e8b465ee728b)
Start importing Assets/MagicSoundEffects/Car_Engines_02/Pickup/car2_pickup_a_engine_3x-to-2x.wav using Guid(4ea40772fd146436f9ae11e815763a06) Importer(815301076,1909f56bfc062723c751e8b465ee728b)  -> (artifact id: 'f29bdc087392cfde904e50a847db468f') in 0.001338 seconds 
========================================================================
Received Import Request.
  Time since last request: 0.610503 seconds.
  path: Assets/MagicSoundEffects/Car_Engines_02/Pickup/car2_pickup_a_decel_slow_01.wav
  artifactKey: Guid(818858e497bce4716a11d46da73a8c1b) Importer(815301076,1909f56bfc062723c751e8b465ee728b)
Start importing Assets/MagicSoundEffects/Car_Engines_02/Pickup/car2_pickup_a_decel_slow_01.wav using Guid(818858e497bce4716a11d46da73a8c1b) Importer(815301076,1909f56bfc062723c751e8b465ee728b)  -> (artifact id: 'dfb6fe306ab54d23551949b750ab1901') in 0.005306 seconds 
========================================================================
Received Import Request.
  Time since last request: 0.009870 seconds.
  path: Assets/MagicSoundEffects/Car_Engines_02/Pickup/car2_pickup_a_accel_fast_02.wav
  artifactKey: Guid(8a627d128354844d3b16ebe804230d2f) Importer(815301076,1909f56bfc062723c751e8b465ee728b)
Start importing Assets/MagicSoundEffects/Car_Engines_02/Pickup/car2_pickup_a_accel_fast_02.wav using Guid(8a627d128354844d3b16ebe804230d2f) Importer(815301076,1909f56bfc062723c751e8b465ee728b)  -> (artifact id: 'c9b84bdb2e6e6dc4580ddbf4844f53b7') in 0.001504 seconds 
========================================================================
Received Import Request.
  Time since last request: 0.388444 seconds.
  path: Assets/MagicSoundEffects/Car_Engines_02/Pickup/car2_pickup_b_engine_0x-to-1x.wav
  artifactKey: Guid(a2ea36c2d409c4deca9518fe7f529ed1) Importer(815301076,1909f56bfc062723c751e8b465ee728b)
Start importing Assets/MagicSoundEffects/Car_Engines_02/Pickup/car2_pickup_b_engine_0x-to-1x.wav using Guid(a2ea36c2d409c4deca9518fe7f529ed1) Importer(815301076,1909f56bfc062723c751e8b465ee728b)  -> (artifact id: '289777e87fcabe84ab88e1efee4cd9be') in 0.002628 seconds 
========================================================================
Received Import Request.
  Time since last request: 0.056123 seconds.
  path: Assets/MagicSoundEffects/Car_Engines_02/Pickup/car2_pickup_a_accel_fast_01.wav
  artifactKey: Guid(d9c6689df3bcd4c18bbfa8acd990fae8) Importer(815301076,1909f56bfc062723c751e8b465ee728b)
Start importing Assets/MagicSoundEffects/Car_Engines_02/Pickup/car2_pickup_a_accel_fast_01.wav using Guid(d9c6689df3bcd4c18bbfa8acd990fae8) Importer(815301076,1909f56bfc062723c751e8b465ee728b)  -> (artifact id: 'de67347b6fcb7b4bcfa0ce717736dc6d') in 0.001374 seconds 
========================================================================
Received Prepare
Registering precompiled user dll's ...
Registered in 0.003729 seconds.
Begin MonoManager ReloadAssembly
Symbol file LoadedFromMemory doesn't match image /Users/bsmith/code/zaroff/project_CAR/project_CAR/Library/PackageCache/com.unity.visualscripting@1.7.8/Editor/VisualScripting.Core/Dependencies/YamlDotNet/Unity.VisualScripting.YamlDotNet.dll
Symbol file LoadedFromMemory doesn't match image /Users/bsmith/code/zaroff/project_CAR/project_CAR/Library/PackageCache/com.unity.visualscripting@1.7.8/Editor/VisualScripting.Core/Dependencies/DotNetZip/Unity.VisualScripting.IonicZip.dll
Native extension for WindowsStandalone target not found
Native extension for iOS target not found
Native extension for Android target not found
Native extension for OSXStandalone target not found
Native extension for WebGL target not found
Refreshing native plugins compatible for Editor in 1.41 ms, found 2 plugins.
Preloading 0 native plugins for Editor in 0.00 ms.
Mono: successfully reloaded assembly
- Completed reload, in  1.587 seconds
Domain Reload Profiling:
	ReloadAssembly (1588ms)
		BeginReloadAssembly (170ms)
			ExecutionOrderSort (0ms)
			DisableScriptedObjects (6ms)
			BackupInstance (0ms)
			ReleaseScriptingObjects (0ms)
			CreateAndSetChildDomain (74ms)
		EndReloadAssembly (1297ms)
			LoadAssemblies (91ms)
			RebuildTransferFunctionScriptingTraits (0ms)
			SetupTypeCache (433ms)
			ReleaseScriptCaches (2ms)
			RebuildScriptCaches (130ms)
			SetupLoadedEditorAssemblies (561ms)
				LogAssemblyErrors (0ms)
				InitializePlatformSupportModulesInManaged (40ms)
				SetLoadedEditorAssemblies (1ms)
				RefreshPlugins (1ms)
				BeforeProcessingInitializeOnLoad (105ms)
				ProcessInitializeOnLoadAttributes (317ms)
				ProcessInitializeOnLoadMethodAttributes (95ms)
				AfterProcessingInitializeOnLoad (2ms)
				EditorAssembliesLoaded (0ms)
			ExecutionOrderSort2 (0ms)
			AwakeInstancesAfterBackupRestoration (4ms)
Platform modules already initialized, skipping
Refreshing native plugins compatible for Editor in 3.19 ms, found 2 plugins.
Preloading 0 native plugins for Editor in 0.00 ms.
Unloading 5234 Unused Serialized files (Serialized files now loaded: 0)
Unloading 28 unused Assets / (65.0 KB). Loaded Objects now: 5788.
Memory consumption went from 0.78 GB to 0.78 GB.
Total: 4.410253 ms (FindLiveObjects: 0.494354 ms CreateObjectMapping: 0.518044 ms MarkObjects: 3.294803 ms  DeleteObjects: 0.102181 ms)

AssetImportParameters requested are different than current active one (requested -> active):
  custom:video-decoder-ogg-theora: a1e56fd34408186e4bbccfd4996cb3dc -> 
  custom:container-muxer-webm: aa71ff27fc2769a1b78a27578f13a17b -> 
  custom:container-demuxer-webm: 4f35f7cbe854078d1ac9338744f61a02 -> 
  custom:video-encoder-webm-vp8: eb34c28f22e8b96e1ab97ce403110664 -> 
  custom:framework-osx-AVFoundation: e770b220cccbd017edd2c1fefb359320 -> 
  custom:audio-encoder-webm-vorbis: bf7c407c2cedff20999df2af8eb42d56 -> 
  custom:SearchIndexIgnoredProperties: e643bd26f0fe6173181afceb89e7c659 -> 
  custom:container-demuxer-ogg: 62fdf1f143b41e24485cea50d1cbac27 -> 
  custom:video-decoder-webm-vp8: 9c59270c3fd7afecdb556c50c9e8de78 -> 
  custom:audio-decoder-ogg-vorbis: bf7c407c2cedff20999df2af8eb42d56 -> 
========================================================================
Received Import Request.
  Time since last request: 50.668338 seconds.
  path: Assets/AnchorSnap/AnchorSnap.cs
  artifactKey: Guid(7131fe7ad51d92b40b0f797f0061d67f) Importer(815301076,1909f56bfc062723c751e8b465ee728b)
Start importing Assets/AnchorSnap/AnchorSnap.cs using Guid(7131fe7ad51d92b40b0f797f0061d67f) Importer(815301076,1909f56bfc062723c751e8b465ee728b)  -> (artifact id: '335d1c4399364d56861c0e33af7b76e5') in 0.011358 seconds 
========================================================================
Received Import Request.
  Time since last request: 34.865501 seconds.
  path: Assets/Photon/PhotonUnityNetworking/Code/Editor/PunSceneSettingsFile.asset
  artifactKey: Guid(d0aacb83307022d449e90a09d28222ae) Importer(815301076,1909f56bfc062723c751e8b465ee728b)
Start importing Assets/Photon/PhotonUnityNetworking/Code/Editor/PunSceneSettingsFile.asset using Guid(d0aacb83307022d449e90a09d28222ae) Importer(815301076,1909f56bfc062723c751e8b465ee728b)  -> (artifact id: '03eee20906ac03af18ff2275b51d5268') in 0.089163 seconds 
