Unity Editor version:    2021.3.5f1 (40eb3a945986)
Branch:                  2021.3/staging
Build type:              Release
Batch mode:              YES
macOS version:           Version 12.6 (Build 21G115)
Darwin version:          21.6.0
Architecture:            x86_64
Running under Rosetta:   NO
Available memory:        16384 MB
Using pre-set license
Pro License: YES

COMMAND LINE ARGUMENTS:
/Applications/Unity/Hub/Editor/2021.3.5f1/Unity.app/Contents/MacOS/Unity
-adb2
-batchMode
-noUpm
-name
AssetImportWorker3
-projectPath
/Users/bsmith/code/zaroff/project_CAR/project_CAR
-logFile
Logs/AssetImportWorker3.log
-srvPort
58116
Successfully changed project path to: /Users/bsmith/code/zaroff/project_CAR/project_CAR
/Users/bsmith/code/zaroff/project_CAR/project_CAR
[UnityMemory] Configuration Parameters - Can be set up in boot.config
    "memorysetup-bucket-allocator-granularity=16"
    "memorysetup-bucket-allocator-bucket-count=8"
    "memorysetup-bucket-allocator-block-size=33554432"
    "memorysetup-bucket-allocator-block-count=8"
    "memorysetup-main-allocator-block-size=16777216"
    "memorysetup-thread-allocator-block-size=16777216"
    "memorysetup-gfx-main-allocator-block-size=16777216"
    "memorysetup-gfx-thread-allocator-block-size=16777216"
    "memorysetup-cache-allocator-block-size=4194304"
    "memorysetup-typetree-allocator-block-size=2097152"
    "memorysetup-profiler-bucket-allocator-granularity=16"
    "memorysetup-profiler-bucket-allocator-bucket-count=8"
    "memorysetup-profiler-bucket-allocator-block-size=33554432"
    "memorysetup-profiler-bucket-allocator-block-count=8"
    "memorysetup-profiler-allocator-block-size=16777216"
    "memorysetup-profiler-editor-allocator-block-size=1048576"
    "memorysetup-temp-allocator-size-main=16777216"
    "memorysetup-job-temp-allocator-block-size=2097152"
    "memorysetup-job-temp-allocator-block-size-background=1048576"
    "memorysetup-job-temp-allocator-reduction-small-platforms=262144"
    "memorysetup-temp-allocator-size-background-worker=32768"
    "memorysetup-temp-allocator-size-job-worker=262144"
    "memorysetup-temp-allocator-size-preload-manager=33554432"
    "memorysetup-temp-allocator-size-nav-mesh-worker=65536"
    "memorysetup-temp-allocator-size-audio-worker=65536"
    "memorysetup-temp-allocator-size-cloud-worker=32768"
    "memorysetup-temp-allocator-size-gi-baking-worker=262144"
    "memorysetup-temp-allocator-size-gfx=262144"
Refreshing native plugins compatible for Editor in 113.62 ms, found 2 plugins.
Preloading 0 native plugins for Editor in 0.00 ms.
Initialize engine version: 2021.3.5f1 (40eb3a945986)
[Subsystems] Discovering subsystems at path /Applications/Unity/Hub/Editor/2021.3.5f1/Unity.app/Contents/Resources/UnitySubsystems
[Subsystems] Discovering subsystems at path /Users/bsmith/code/zaroff/project_CAR/project_CAR/Assets
GfxDevice: creating device client; threaded=0; jobified=0
BenQ EW3270U preferred device: AMD Radeon Pro 5500M (high power)
Metal devices available: 2
0: AMD Radeon Pro 5500M (high power)
1: Intel(R) UHD Graphics 630 (low power)
Using device AMD Radeon Pro 5500M (high power)
Initializing Metal device caps: AMD Radeon Pro 5500M
Initialize mono
Mono path[0] = '/Applications/Unity/Hub/Editor/2021.3.5f1/Unity.app/Contents/Managed'
Mono path[1] = '/Applications/Unity/Hub/Editor/2021.3.5f1/Unity.app/Contents/MonoBleedingEdge/lib/mono/unityjit-macos'
Mono config path = '/Applications/Unity/Hub/Editor/2021.3.5f1/Unity.app/Contents/MonoBleedingEdge/etc'
Using monoOptions --debugger-agent=transport=dt_socket,embedding=1,server=y,suspend=n,address=127.0.0.1:56604
Begin MonoManager ReloadAssembly
Registering precompiled unity dll's ...
Register platform support module: /Applications/Unity/Hub/Editor/2021.3.5f1/PlaybackEngines/WebGLSupport/UnityEditor.WebGL.Extensions.dll
Register platform support module: /Applications/Unity/Hub/Editor/2021.3.5f1/Unity.app/Contents/PlaybackEngines/MacStandaloneSupport/UnityEditor.OSXStandalone.Extensions.dll
Registered in 0.004456 seconds.
Native extension for OSXStandalone target not found
Native extension for WebGL target not found
Refreshing native plugins compatible for Editor in 99.25 ms, found 2 plugins.
Preloading 0 native plugins for Editor in 0.00 ms.
Mono: successfully reloaded assembly
- Completed reload, in  0.874 seconds
Domain Reload Profiling:
	ReloadAssembly (874ms)
		BeginReloadAssembly (125ms)
			ExecutionOrderSort (0ms)
			DisableScriptedObjects (0ms)
			BackupInstance (0ms)
			ReleaseScriptingObjects (0ms)
			CreateAndSetChildDomain (1ms)
		EndReloadAssembly (581ms)
			LoadAssemblies (126ms)
			RebuildTransferFunctionScriptingTraits (0ms)
			SetupTypeCache (139ms)
			ReleaseScriptCaches (0ms)
			RebuildScriptCaches (40ms)
			SetupLoadedEditorAssemblies (341ms)
				LogAssemblyErrors (0ms)
				InitializePlatformSupportModulesInManaged (8ms)
				SetLoadedEditorAssemblies (0ms)
				RefreshPlugins (99ms)
				BeforeProcessingInitializeOnLoad (2ms)
				ProcessInitializeOnLoadAttributes (176ms)
				ProcessInitializeOnLoadMethodAttributes (55ms)
				AfterProcessingInitializeOnLoad (0ms)
				EditorAssembliesLoaded (0ms)
			ExecutionOrderSort2 (0ms)
			AwakeInstancesAfterBackupRestoration (0ms)
Platform modules already initialized, skipping
Registering precompiled user dll's ...
Registered in 0.002554 seconds.
Begin MonoManager ReloadAssembly
Symbol file LoadedFromMemory doesn't match image /Users/bsmith/code/zaroff/project_CAR/project_CAR/Library/PackageCache/com.unity.visualscripting@1.7.8/Editor/VisualScripting.Core/Dependencies/YamlDotNet/Unity.VisualScripting.YamlDotNet.dll
Symbol file LoadedFromMemory doesn't match image /Users/bsmith/code/zaroff/project_CAR/project_CAR/Library/PackageCache/com.unity.visualscripting@1.7.8/Editor/VisualScripting.Core/Dependencies/DotNetZip/Unity.VisualScripting.IonicZip.dll
Native extension for OSXStandalone target not found
Native extension for WebGL target not found
Refreshing native plugins compatible for Editor in 0.66 ms, found 2 plugins.
Preloading 0 native plugins for Editor in 0.00 ms.
Mono: successfully reloaded assembly
- Completed reload, in  1.324 seconds
Domain Reload Profiling:
	ReloadAssembly (1325ms)
		BeginReloadAssembly (114ms)
			ExecutionOrderSort (0ms)
			DisableScriptedObjects (8ms)
			BackupInstance (0ms)
			ReleaseScriptingObjects (0ms)
			CreateAndSetChildDomain (25ms)
		EndReloadAssembly (1063ms)
			LoadAssemblies (118ms)
			RebuildTransferFunctionScriptingTraits (0ms)
			SetupTypeCache (346ms)
			ReleaseScriptCaches (1ms)
			RebuildScriptCaches (72ms)
			SetupLoadedEditorAssemblies (465ms)
				LogAssemblyErrors (0ms)
				InitializePlatformSupportModulesInManaged (6ms)
				SetLoadedEditorAssemblies (1ms)
				RefreshPlugins (1ms)
				BeforeProcessingInitializeOnLoad (91ms)
				ProcessInitializeOnLoadAttributes (328ms)
				ProcessInitializeOnLoadMethodAttributes (37ms)
				AfterProcessingInitializeOnLoad (1ms)
				EditorAssembliesLoaded (0ms)
			ExecutionOrderSort2 (0ms)
			AwakeInstancesAfterBackupRestoration (5ms)
Platform modules already initialized, skipping
========================================================================
Worker process is ready to serve import requests
Launching external process: /Applications/Unity/Hub/Editor/2021.3.5f1/Unity.app/Contents/Tools/UnityShaderCompiler
Launched and connected shader compiler UnityShaderCompiler after 0.07 seconds
Refreshing native plugins compatible for Editor in 0.66 ms, found 2 plugins.
Preloading 0 native plugins for Editor in 0.00 ms.
Unloading 3439 Unused Serialized files (Serialized files now loaded: 0)
Unloading 27 unused Assets / (104.8 KB). Loaded Objects now: 3932.
Memory consumption went from 252.4 MB to 252.3 MB.
Total: 5.371234 ms (FindLiveObjects: 0.424771 ms CreateObjectMapping: 0.322587 ms MarkObjects: 4.449868 ms  DeleteObjects: 0.172858 ms)

AssetImportParameters requested are different than current active one (requested -> active):
  custom:video-decoder-ogg-theora: a1e56fd34408186e4bbccfd4996cb3dc -> 
  custom:container-muxer-webm: aa71ff27fc2769a1b78a27578f13a17b -> 
  custom:container-demuxer-webm: 4f35f7cbe854078d1ac9338744f61a02 -> 
  custom:video-encoder-webm-vp8: eb34c28f22e8b96e1ab97ce403110664 -> 
  custom:framework-osx-AVFoundation: e770b220cccbd017edd2c1fefb359320 -> 
  custom:audio-encoder-webm-vorbis: bf7c407c2cedff20999df2af8eb42d56 -> 
  custom:container-demuxer-ogg: 62fdf1f143b41e24485cea50d1cbac27 -> 
  custom:video-decoder-webm-vp8: 9c59270c3fd7afecdb556c50c9e8de78 -> 
  custom:audio-decoder-ogg-vorbis: bf7c407c2cedff20999df2af8eb42d56 -> 
========================================================================
Received Import Request.
  Time since last request: 38755.913747 seconds.
  path: Assets/RacingGameStarterKit/Source/Audio/Crash2.wav
  artifactKey: Guid(ac072801f2109a44c94d51d0a079aec9) Importer(815301076,1909f56bfc062723c751e8b465ee728b)
Start importing Assets/RacingGameStarterKit/Source/Audio/Crash2.wav using Guid(ac072801f2109a44c94d51d0a079aec9) Importer(815301076,1909f56bfc062723c751e8b465ee728b)  -> (artifact id: '011522e92fd421840ba69e7d8fb47070') in 1.341430 seconds 
========================================================================
Received Import Request.
  Time since last request: 0.000088 seconds.
  path: Assets/Touring Car Pack/Textures/Common/Brakedisc.tga
  artifactKey: Guid(840f1effe0f77bc4a97ef5b3c4b3d229) Importer(815301076,1909f56bfc062723c751e8b465ee728b)
Start importing Assets/Touring Car Pack/Textures/Common/Brakedisc.tga using Guid(840f1effe0f77bc4a97ef5b3c4b3d229) Importer(815301076,1909f56bfc062723c751e8b465ee728b)  -> (artifact id: '5fd14f137e12704a38da24c4e53fc241') in 1.323318 seconds 
========================================================================
Received Import Request.
  Time since last request: 0.000071 seconds.
  path: Assets/RacingGameStarterKit/Source/Models/Driver/Default/DefaultAvatar/eyes_color_map.png
  artifactKey: Guid(a1926cd1efc53a644bd353a8265d46aa) Importer(815301076,1909f56bfc062723c751e8b465ee728b)
Start importing Assets/RacingGameStarterKit/Source/Models/Driver/Default/DefaultAvatar/eyes_color_map.png using Guid(a1926cd1efc53a644bd353a8265d46aa) Importer(815301076,1909f56bfc062723c751e8b465ee728b)  -> (artifact id: '72a46b95b75e4255074dcc8890b8edeb') in 0.429047 seconds 
========================================================================
Received Import Request.
  Time since last request: 0.000200 seconds.
  path: Assets/Touring Car Pack/Textures/Chev/CHEVY_opticas.tga
  artifactKey: Guid(6891ecb6b9ede8a4eb02f590651889c7) Importer(815301076,1909f56bfc062723c751e8b465ee728b)
Start importing Assets/Touring Car Pack/Textures/Chev/CHEVY_opticas.tga using Guid(6891ecb6b9ede8a4eb02f590651889c7) Importer(815301076,1909f56bfc062723c751e8b465ee728b)  -> (artifact id: 'e8f4d3d58b774d90625cab48bde4163e') in 0.011370 seconds 
========================================================================
Received Import Request.
  Time since last request: 0.000058 seconds.
  path: Assets/Touring Car Pack/Textures/Common/Engine.tga
  artifactKey: Guid(46b26b8eb34144a4391ff02436073fa0) Importer(815301076,1909f56bfc062723c751e8b465ee728b)
Start importing Assets/Touring Car Pack/Textures/Common/Engine.tga using Guid(46b26b8eb34144a4391ff02436073fa0) Importer(815301076,1909f56bfc062723c751e8b465ee728b)  -> (artifact id: 'dac46bc02565707ba54130601a51b1c0') in 0.013719 seconds 
========================================================================
Received Import Request.
  Time since last request: 0.000049 seconds.
  path: Assets/RacingGameStarterKit/Source/Models/Driver/Default/DefaultAvatar/face normal.png
  artifactKey: Guid(e8e127824a7c37449ad88373a61fbff8) Importer(815301076,1909f56bfc062723c751e8b465ee728b)
Start importing Assets/RacingGameStarterKit/Source/Models/Driver/Default/DefaultAvatar/face normal.png using Guid(e8e127824a7c37449ad88373a61fbff8) Importer(815301076,1909f56bfc062723c751e8b465ee728b)  -> (artifact id: '50d4b78621708a724f39037a12fb6245') in 0.099260 seconds 
========================================================================
Received Import Request.
  Time since last request: 0.000061 seconds.
  path: Assets/Touring Car Pack/Textures/Common/TREAD_B.tga
  artifactKey: Guid(a34f0da026a1c0145a56e8147fa02eb7) Importer(815301076,1909f56bfc062723c751e8b465ee728b)
Start importing Assets/Touring Car Pack/Textures/Common/TREAD_B.tga using Guid(a34f0da026a1c0145a56e8147fa02eb7) Importer(815301076,1909f56bfc062723c751e8b465ee728b)  -> (artifact id: 'ad45cfe52ad6e213c95c362feea22b8a') in 0.011012 seconds 
========================================================================
Received Import Request.
  Time since last request: 0.000059 seconds.
  path: Assets/Touring Car Pack/Textures/Common/Wood.tga
  artifactKey: Guid(c73c6ba7727717b449733b6d99203767) Importer(815301076,1909f56bfc062723c751e8b465ee728b)
Start importing Assets/Touring Car Pack/Textures/Common/Wood.tga using Guid(c73c6ba7727717b449733b6d99203767) Importer(815301076,1909f56bfc062723c751e8b465ee728b)  -> (artifact id: '59edb3bec3ac70be167a1eda24767316') in 0.009794 seconds 
========================================================================
Received Import Request.
  Time since last request: 0.000057 seconds.
  path: Assets/RacingGameStarterKit/Source/Models/Driver/Default/DefaultAvatar/face_color_map.png
  artifactKey: Guid(ebd52e31a12e1104a9f122a1cf664e68) Importer(815301076,1909f56bfc062723c751e8b465ee728b)
Start importing Assets/RacingGameStarterKit/Source/Models/Driver/Default/DefaultAvatar/face_color_map.png using Guid(ebd52e31a12e1104a9f122a1cf664e68) Importer(815301076,1909f56bfc062723c751e8b465ee728b)  -> (artifact id: 'daa1f83f432435107518700d3b2c4c29') in 0.015748 seconds 
========================================================================
Received Import Request.
  Time since last request: 0.000058 seconds.
  path: Assets/Touring Car Pack/Textures/Chev/CHEVY_INTERIOR.tga
  artifactKey: Guid(ed061e3a976665448acf1552a295fa25) Importer(815301076,1909f56bfc062723c751e8b465ee728b)
Start importing Assets/Touring Car Pack/Textures/Chev/CHEVY_INTERIOR.tga using Guid(ed061e3a976665448acf1552a295fa25) Importer(815301076,1909f56bfc062723c751e8b465ee728b)  -> (artifact id: '5ca6d7582407338092c154fa246c2b5a') in 0.016715 seconds 
========================================================================
Received Import Request.
  Time since last request: 0.000088 seconds.
  path: Assets/Touring Car Pack/Textures/Common/Seat.tga
  artifactKey: Guid(91f8140fbd6ac904b8cd8d0782f756cf) Importer(815301076,1909f56bfc062723c751e8b465ee728b)
Start importing Assets/Touring Car Pack/Textures/Common/Seat.tga using Guid(91f8140fbd6ac904b8cd8d0782f756cf) Importer(815301076,1909f56bfc062723c751e8b465ee728b)  -> (artifact id: '76c2260f376ed3b80a20e116f37c612e') in 0.011549 seconds 
========================================================================
Received Import Request.
  Time since last request: 0.000085 seconds.
  path: Assets/RacingGameStarterKit/Source/Models/Driver/Default/DefaultAvatar/body_color_map.png
  artifactKey: Guid(d8ffd50fc749f804288dfa9d877c9e1f) Importer(815301076,1909f56bfc062723c751e8b465ee728b)
Start importing Assets/RacingGameStarterKit/Source/Models/Driver/Default/DefaultAvatar/body_color_map.png using Guid(d8ffd50fc749f804288dfa9d877c9e1f) Importer(815301076,1909f56bfc062723c751e8b465ee728b)  -> (artifact id: 'd29f24aa4a154953bfa31197bd9e6eae') in 0.022354 seconds 
========================================================================
Received Import Request.
  Time since last request: 0.000082 seconds.
  path: Assets/Touring Car Pack/Textures/Chev/Chevy_Windows.tga
  artifactKey: Guid(b1215da9b5a9ba1438a810e74fdbb578) Importer(815301076,1909f56bfc062723c751e8b465ee728b)
Start importing Assets/Touring Car Pack/Textures/Chev/Chevy_Windows.tga using Guid(b1215da9b5a9ba1438a810e74fdbb578) Importer(815301076,1909f56bfc062723c751e8b465ee728b)  -> (artifact id: 'd839da052ff361472967238ebefaadae') in 0.015488 seconds 
========================================================================
Received Import Request.
  Time since last request: 0.000153 seconds.
  path: Assets/Touring Car Pack/Textures/Common/naonis.tga
  artifactKey: Guid(b4c5efc82e102cc45b4896c4a4b9a5d5) Importer(815301076,1909f56bfc062723c751e8b465ee728b)
Start importing Assets/Touring Car Pack/Textures/Common/naonis.tga using Guid(b4c5efc82e102cc45b4896c4a4b9a5d5) Importer(815301076,1909f56bfc062723c751e8b465ee728b)  -> (artifact id: '9aa2ea9927fa3cfaf464c5f59fb7c560') in 0.013619 seconds 
========================================================================
Received Import Request.
  Time since last request: 0.000090 seconds.
  path: Assets/RacingGameStarterKit/Source/Audio/Engine1.wav
  artifactKey: Guid(2b8c9a9c7a6b26e449ed736bcb943a2e) Importer(815301076,1909f56bfc062723c751e8b465ee728b)
Start importing Assets/RacingGameStarterKit/Source/Audio/Engine1.wav using Guid(2b8c9a9c7a6b26e449ed736bcb943a2e) Importer(815301076,1909f56bfc062723c751e8b465ee728b)  -> (artifact id: 'c9add53d73de3831b0bd89fdccc8bc22') in 0.013609 seconds 
========================================================================
Received Import Request.
  Time since last request: 0.000071 seconds.
  path: Assets/RacingGameStarterKit/Source/Textures/Vehicle/brakeLights.png
  artifactKey: Guid(fd1895db3d1a22648b3db19e49502391) Importer(815301076,1909f56bfc062723c751e8b465ee728b)
Start importing Assets/RacingGameStarterKit/Source/Textures/Vehicle/brakeLights.png using Guid(fd1895db3d1a22648b3db19e49502391) Importer(815301076,1909f56bfc062723c751e8b465ee728b)  -> (artifact id: '304a22f508005e520a08df5b675f22e7') in 0.013054 seconds 
========================================================================
Received Import Request.
  Time since last request: 0.000110 seconds.
  path: Assets/Touring Car Pack/Textures/Common/SIDEWALL.tga
  artifactKey: Guid(cb4bdc43f176c8d45b99a5a42367896d) Importer(815301076,1909f56bfc062723c751e8b465ee728b)
Start importing Assets/Touring Car Pack/Textures/Common/SIDEWALL.tga using Guid(cb4bdc43f176c8d45b99a5a42367896d) Importer(815301076,1909f56bfc062723c751e8b465ee728b)  -> (artifact id: '9dfbe4ef192eb9e7b0be81ac5758ed3a') in 0.015480 seconds 
========================================================================
Received Import Request.
  Time since last request: 0.000158 seconds.
  path: Assets/Touring Car Pack/Textures/Common/RIMS.tga
  artifactKey: Guid(0083334c9ef072f4490a547aebfcfc4a) Importer(815301076,1909f56bfc062723c751e8b465ee728b)
Start importing Assets/Touring Car Pack/Textures/Common/RIMS.tga using Guid(0083334c9ef072f4490a547aebfcfc4a) Importer(815301076,1909f56bfc062723c751e8b465ee728b)  -> (artifact id: '675e34b4213db6fc083bbb17a0b68b60') in 0.016451 seconds 
========================================================================
Received Import Request.
  Time since last request: 0.000073 seconds.
  path: Assets/RacingGameStarterKit/Source/Models/Driver/Default/DefaultAvatar/body normal.png
  artifactKey: Guid(5a181d624a35f074fada76b577e0db0e) Importer(815301076,1909f56bfc062723c751e8b465ee728b)
Start importing Assets/RacingGameStarterKit/Source/Models/Driver/Default/DefaultAvatar/body normal.png using Guid(5a181d624a35f074fada76b577e0db0e) Importer(815301076,1909f56bfc062723c751e8b465ee728b)  -> (artifact id: '854256c380b9708486dee0cecbd295b8') in 0.017055 seconds 
========================================================================
Received Import Request.
  Time since last request: 0.000174 seconds.
  path: Assets/Touring Car Pack/Textures/Common/DASH_B.tga
  artifactKey: Guid(24ad3a8db56494f4492c5b1069b9ef23) Importer(815301076,1909f56bfc062723c751e8b465ee728b)
Start importing Assets/Touring Car Pack/Textures/Common/DASH_B.tga using Guid(24ad3a8db56494f4492c5b1069b9ef23) Importer(815301076,1909f56bfc062723c751e8b465ee728b)  -> (artifact id: '17fb7abbf413576dd28afd4adff074bf') in 0.014297 seconds 
========================================================================
Received Import Request.
  Time since last request: 0.000109 seconds.
  path: Assets/Touring Car Pack/Textures/Common/bkcaliper.tga
  artifactKey: Guid(e0339c30322c76e4a8c3528ae8fa6386) Importer(815301076,1909f56bfc062723c751e8b465ee728b)
Start importing Assets/Touring Car Pack/Textures/Common/bkcaliper.tga using Guid(e0339c30322c76e4a8c3528ae8fa6386) Importer(815301076,1909f56bfc062723c751e8b465ee728b)  -> (artifact id: '2616473b2f2cbaf9cd53d847d6b4a8bf') in 0.011743 seconds 
========================================================================
Received Import Request.
  Time since last request: 0.000101 seconds.
  path: Assets/Touring Car Pack/Textures/Common/TREAD.tga
  artifactKey: Guid(66f587e5bb5dd3544935d074abc21156) Importer(815301076,1909f56bfc062723c751e8b465ee728b)
Start importing Assets/Touring Car Pack/Textures/Common/TREAD.tga using Guid(66f587e5bb5dd3544935d074abc21156) Importer(815301076,1909f56bfc062723c751e8b465ee728b)  -> (artifact id: '9cfd827c84e98f61f13de0d78589dd87') in 0.012772 seconds 
========================================================================
Received Import Request.
  Time since last request: 0.000148 seconds.
  path: Assets/RacingGameStarterKit/Source/Models/Driver/Animator/RacerIK.mask
  artifactKey: Guid(633a2c629a730a746b1bc6eee86c6ea9) Importer(815301076,1909f56bfc062723c751e8b465ee728b)
Start importing Assets/RacingGameStarterKit/Source/Models/Driver/Animator/RacerIK.mask using Guid(633a2c629a730a746b1bc6eee86c6ea9) Importer(815301076,1909f56bfc062723c751e8b465ee728b)  -> (artifact id: 'bc5a1d1a334e0f6c4f1c58d686a0f37e') in 0.720829 seconds 
Editor requested this worker to shutdown with reason: Scaling down because of idle timeout
AssetImportWorker is now disconnected from the server
Process exiting
