Unity Editor version:    2021.3.5f1 (40eb3a945986)
Branch:                  2021.3/staging
Build type:              Release
Batch mode:              YES
macOS version:           Version 13.0.1 (Build 22A400)
Darwin version:          22.1.0
Architecture:            x86_64
Running under Rosetta:   NO
Available memory:        16384 MB
Using pre-set license
Pro License: YES

COMMAND LINE ARGUMENTS:
/Applications/Unity/Hub/Editor/2021.3.5f1/Unity.app/Contents/MacOS/Unity
-adb2
-batchMode
-noUpm
-name
AssetImportWorker15
-projectPath
/Users/bsmith/code/zaroff/project_CAR/project_CAR
-logFile
Logs/AssetImportWorker15.log
-srvPort
53489
Successfully changed project path to: /Users/bsmith/code/zaroff/project_CAR/project_CAR
/Users/bsmith/code/zaroff/project_CAR/project_CAR
[UnityMemory] Configuration Parameters - Can be set up in boot.config
    "memorysetup-bucket-allocator-granularity=16"
    "memorysetup-bucket-allocator-bucket-count=8"
    "memorysetup-bucket-allocator-block-size=33554432"
    "memorysetup-bucket-allocator-block-count=8"
    "memorysetup-main-allocator-block-size=16777216"
    "memorysetup-thread-allocator-block-size=16777216"
    "memorysetup-gfx-main-allocator-block-size=16777216"
    "memorysetup-gfx-thread-allocator-block-size=16777216"
    "memorysetup-cache-allocator-block-size=4194304"
    "memorysetup-typetree-allocator-block-size=2097152"
    "memorysetup-profiler-bucket-allocator-granularity=16"
    "memorysetup-profiler-bucket-allocator-bucket-count=8"
    "memorysetup-profiler-bucket-allocator-block-size=33554432"
    "memorysetup-profiler-bucket-allocator-block-count=8"
    "memorysetup-profiler-allocator-block-size=16777216"
    "memorysetup-profiler-editor-allocator-block-size=1048576"
    "memorysetup-temp-allocator-size-main=16777216"
    "memorysetup-job-temp-allocator-block-size=2097152"
    "memorysetup-job-temp-allocator-block-size-background=1048576"
    "memorysetup-job-temp-allocator-reduction-small-platforms=262144"
    "memorysetup-temp-allocator-size-background-worker=32768"
    "memorysetup-temp-allocator-size-job-worker=262144"
    "memorysetup-temp-allocator-size-preload-manager=33554432"
    "memorysetup-temp-allocator-size-nav-mesh-worker=65536"
    "memorysetup-temp-allocator-size-audio-worker=65536"
    "memorysetup-temp-allocator-size-cloud-worker=32768"
    "memorysetup-temp-allocator-size-gi-baking-worker=262144"
    "memorysetup-temp-allocator-size-gfx=262144"
Refreshing native plugins compatible for Editor in 154.90 ms, found 2 plugins.
Preloading 0 native plugins for Editor in 0.00 ms.
Initialize engine version: 2021.3.5f1 (40eb3a945986)
[Subsystems] Discovering subsystems at path /Applications/Unity/Hub/Editor/2021.3.5f1/Unity.app/Contents/Resources/UnitySubsystems
[Subsystems] Discovering subsystems at path /Users/bsmith/code/zaroff/project_CAR/project_CAR/Assets
GfxDevice: creating device client; threaded=0; jobified=0
BenQ EW3270U preferred device: AMD Radeon Pro 5500M (high power)
Metal devices available: 2
0: AMD Radeon Pro 5500M (high power)
1: Intel(R) UHD Graphics 630 (low power)
Using device AMD Radeon Pro 5500M (high power)
Initializing Metal device caps: AMD Radeon Pro 5500M
Initialize mono
Mono path[0] = '/Applications/Unity/Hub/Editor/2021.3.5f1/Unity.app/Contents/Managed'
Mono path[1] = '/Applications/Unity/Hub/Editor/2021.3.5f1/Unity.app/Contents/MonoBleedingEdge/lib/mono/unityjit-macos'
Mono config path = '/Applications/Unity/Hub/Editor/2021.3.5f1/Unity.app/Contents/MonoBleedingEdge/etc'
Using monoOptions --debugger-agent=transport=dt_socket,embedding=1,server=y,suspend=n,address=127.0.0.1:56978
Begin MonoManager ReloadAssembly
Registering precompiled unity dll's ...
Register platform support module: /Applications/Unity/Hub/Editor/2021.3.5f1/PlaybackEngines/WebGLSupport/UnityEditor.WebGL.Extensions.dll
Register platform support module: /Applications/Unity/Hub/Editor/2021.3.5f1/Unity.app/Contents/PlaybackEngines/MacStandaloneSupport/UnityEditor.OSXStandalone.Extensions.dll
Register platform support module: /Applications/Unity/Hub/Editor/2021.3.5f1/PlaybackEngines/AndroidPlayer/UnityEditor.Android.Extensions.dll
Register platform support module: /Applications/Unity/Hub/Editor/2021.3.5f1/PlaybackEngines/iOSSupport/UnityEditor.iOS.Extensions.dll
Register platform support module: /Applications/Unity/Hub/Editor/2021.3.5f1/PlaybackEngines/WindowsStandaloneSupport/UnityEditor.WindowsStandalone.Extensions.dll
Registered in 0.002635 seconds.
Native extension for WindowsStandalone target not found
[usbmuxd] Start listen thread
[usbmuxd] Listen thread started
[usbmuxd] Send listen message
Native extension for iOS target not found
Native extension for Android target not found
Native extension for OSXStandalone target not found
Native extension for WebGL target not found
Refreshing native plugins compatible for Editor in 137.66 ms, found 2 plugins.
Preloading 0 native plugins for Editor in 0.00 ms.
Mono: successfully reloaded assembly
- Completed reload, in  0.882 seconds
Domain Reload Profiling:
	ReloadAssembly (882ms)
		BeginReloadAssembly (63ms)
			ExecutionOrderSort (0ms)
			DisableScriptedObjects (0ms)
			BackupInstance (0ms)
			ReleaseScriptingObjects (0ms)
			CreateAndSetChildDomain (1ms)
		EndReloadAssembly (682ms)
			LoadAssemblies (62ms)
			RebuildTransferFunctionScriptingTraits (0ms)
			SetupTypeCache (145ms)
			ReleaseScriptCaches (0ms)
			RebuildScriptCaches (37ms)
			SetupLoadedEditorAssemblies (445ms)
				LogAssemblyErrors (0ms)
				InitializePlatformSupportModulesInManaged (147ms)
				SetLoadedEditorAssemblies (0ms)
				RefreshPlugins (138ms)
				BeforeProcessingInitializeOnLoad (1ms)
				ProcessInitializeOnLoadAttributes (106ms)
				ProcessInitializeOnLoadMethodAttributes (52ms)
				AfterProcessingInitializeOnLoad (0ms)
				EditorAssembliesLoaded (0ms)
			ExecutionOrderSort2 (0ms)
			AwakeInstancesAfterBackupRestoration (0ms)
Platform modules already initialized, skipping
Registering precompiled user dll's ...
Registered in 0.006201 seconds.
Begin MonoManager ReloadAssembly
Symbol file LoadedFromMemory doesn't match image /Users/bsmith/code/zaroff/project_CAR/project_CAR/Library/PackageCache/com.unity.visualscripting@1.7.8/Editor/VisualScripting.Core/Dependencies/YamlDotNet/Unity.VisualScripting.YamlDotNet.dll
Symbol file LoadedFromMemory doesn't match image /Users/bsmith/code/zaroff/project_CAR/project_CAR/Library/PackageCache/com.unity.visualscripting@1.7.8/Editor/VisualScripting.Core/Dependencies/DotNetZip/Unity.VisualScripting.IonicZip.dll
Native extension for WindowsStandalone target not found
Native extension for iOS target not found
Native extension for Android target not found
Native extension for OSXStandalone target not found
Native extension for WebGL target not found
Refreshing native plugins compatible for Editor in 134.93 ms, found 2 plugins.
Preloading 0 native plugins for Editor in 0.00 ms.
Package Manager log level set to [2]
Mono: successfully reloaded assembly
- Completed reload, in  1.940 seconds
Domain Reload Profiling:
	ReloadAssembly (1941ms)
		BeginReloadAssembly (230ms)
			ExecutionOrderSort (0ms)
			DisableScriptedObjects (8ms)
			BackupInstance (0ms)
			ReleaseScriptingObjects (0ms)
			CreateAndSetChildDomain (136ms)
		EndReloadAssembly (1577ms)
			LoadAssemblies (95ms)
			RebuildTransferFunctionScriptingTraits (0ms)
			SetupTypeCache (428ms)
			ReleaseScriptCaches (6ms)
			RebuildScriptCaches (120ms)
			SetupLoadedEditorAssemblies (862ms)
				LogAssemblyErrors (0ms)
				InitializePlatformSupportModulesInManaged (31ms)
				SetLoadedEditorAssemblies (0ms)
				RefreshPlugins (135ms)
				BeforeProcessingInitializeOnLoad (133ms)
				ProcessInitializeOnLoadAttributes (378ms)
				ProcessInitializeOnLoadMethodAttributes (183ms)
				AfterProcessingInitializeOnLoad (2ms)
				EditorAssembliesLoaded (0ms)
			ExecutionOrderSort2 (0ms)
			AwakeInstancesAfterBackupRestoration (4ms)
Platform modules already initialized, skipping
========================================================================
Worker process is ready to serve import requests
Launching external process: /Applications/Unity/Hub/Editor/2021.3.5f1/Unity.app/Contents/Tools/UnityShaderCompiler
Launched and connected shader compiler UnityShaderCompiler after 0.08 seconds
Refreshing native plugins compatible for Editor in 1.02 ms, found 2 plugins.
Preloading 0 native plugins for Editor in 0.00 ms.
Unloading 5723 Unused Serialized files (Serialized files now loaded: 0)
Unloading 45 unused Assets / (64.8 KB). Loaded Objects now: 6213.
Memory consumption went from 177.7 MB to 177.6 MB.
Total: 8.373401 ms (FindLiveObjects: 0.570138 ms CreateObjectMapping: 0.544875 ms MarkObjects: 7.091777 ms  DeleteObjects: 0.165536 ms)

AssetImportParameters requested are different than current active one (requested -> active):
  custom:video-decoder-ogg-theora: a1e56fd34408186e4bbccfd4996cb3dc -> 
  custom:container-muxer-webm: aa71ff27fc2769a1b78a27578f13a17b -> 
  custom:container-demuxer-webm: 4f35f7cbe854078d1ac9338744f61a02 -> 
  custom:video-encoder-webm-vp8: eb34c28f22e8b96e1ab97ce403110664 -> 
  custom:framework-osx-AVFoundation: e770b220cccbd017edd2c1fefb359320 -> 
  custom:audio-encoder-webm-vorbis: bf7c407c2cedff20999df2af8eb42d56 -> 
  custom:container-demuxer-ogg: 62fdf1f143b41e24485cea50d1cbac27 -> 
  custom:video-decoder-webm-vp8: 9c59270c3fd7afecdb556c50c9e8de78 -> 
  custom:audio-decoder-ogg-vorbis: bf7c407c2cedff20999df2af8eb42d56 -> 
========================================================================
Received Import Request.
  Time since last request: 10172.697474 seconds.
  path: Assets/US Racing Cars/Art/3D/Cars/Black car/Materials/Material #162.mat
  artifactKey: Guid(b46dca7b68d6743ae8a48105847202f2) Importer(815301076,1909f56bfc062723c751e8b465ee728b)
Start importing Assets/US Racing Cars/Art/3D/Cars/Black car/Materials/Material #162.mat using Guid(b46dca7b68d6743ae8a48105847202f2) Importer(815301076,1909f56bfc062723c751e8b465ee728b)  -> (artifact id: '04993a82207b0a24e418fc36eceb3fae') in 0.249049 seconds 
========================================================================
Received Import Request.
  Time since last request: 0.919356 seconds.
  path: Assets/RacingGameStarterKit/Source/Materials/Skidmarks.mat
  artifactKey: Guid(400971e324f9e104baa7beb429250833) Importer(815301076,1909f56bfc062723c751e8b465ee728b)
Start importing Assets/RacingGameStarterKit/Source/Materials/Skidmarks.mat using Guid(400971e324f9e104baa7beb429250833) Importer(815301076,1909f56bfc062723c751e8b465ee728b)  -> (artifact id: '3f7327b376a59b17f2c7657386349fa3') in 0.015477 seconds 
========================================================================
Received Import Request.
  Time since last request: 8.461607 seconds.
  path: Assets/US Racing Cars/Art/3D/Enviroment/Garage/Materials/garage wall texture 3.mat
  artifactKey: Guid(4c9be4102856446f98c113c775d708d2) Importer(815301076,1909f56bfc062723c751e8b465ee728b)
Start importing Assets/US Racing Cars/Art/3D/Enviroment/Garage/Materials/garage wall texture 3.mat using Guid(4c9be4102856446f98c113c775d708d2) Importer(815301076,1909f56bfc062723c751e8b465ee728b)  -> (artifact id: '488ffbb63f531d9e7bd76b44fa90e77c') in 0.009308 seconds 
========================================================================
Received Import Request.
  Time since last request: 0.522862 seconds.
  path: Assets/RacingGameStarterKit/Source/Materials/Concrete_Wall.mat
  artifactKey: Guid(3eb348bda274a754eb6d817acdf2111e) Importer(815301076,1909f56bfc062723c751e8b465ee728b)
Start importing Assets/RacingGameStarterKit/Source/Materials/Concrete_Wall.mat using Guid(3eb348bda274a754eb6d817acdf2111e) Importer(815301076,1909f56bfc062723c751e8b465ee728b)  -> (artifact id: '15b2bc0260faf5cd11333e3691320b63') in 0.085167 seconds 
========================================================================
Received Import Request.
  Time since last request: 0.839285 seconds.
  path: Assets/US Racing Cars/Art/Materials/Break Disk.mat
  artifactKey: Guid(a22ad436fc4cb4394ac4dafb2a235b42) Importer(815301076,1909f56bfc062723c751e8b465ee728b)
Start importing Assets/US Racing Cars/Art/Materials/Break Disk.mat using Guid(a22ad436fc4cb4394ac4dafb2a235b42) Importer(815301076,1909f56bfc062723c751e8b465ee728b)  -> (artifact id: 'ec66ae920c71d43f3d9b9d5d624ef2a7') in 0.016660 seconds 
========================================================================
Received Import Request.
  Time since last request: 1.463032 seconds.
  path: Assets/US Racing Cars/Art/3D/Cars/Yellow sport car/Materials/85162630.mat
  artifactKey: Guid(27dee3814baca4945a5795311c96d092) Importer(815301076,1909f56bfc062723c751e8b465ee728b)
Start importing Assets/US Racing Cars/Art/3D/Cars/Yellow sport car/Materials/85162630.mat using Guid(27dee3814baca4945a5795311c96d092) Importer(815301076,1909f56bfc062723c751e8b465ee728b)  -> (artifact id: '94a7f91ba5b94b254955ec67c764cfff') in 0.019765 seconds 
========================================================================
Received Prepare
Registering precompiled user dll's ...
Registered in 0.004398 seconds.
Begin MonoManager ReloadAssembly
Symbol file LoadedFromMemory doesn't match image /Users/bsmith/code/zaroff/project_CAR/project_CAR/Library/PackageCache/com.unity.visualscripting@1.7.8/Editor/VisualScripting.Core/Dependencies/YamlDotNet/Unity.VisualScripting.YamlDotNet.dll
Symbol file LoadedFromMemory doesn't match image /Users/bsmith/code/zaroff/project_CAR/project_CAR/Library/PackageCache/com.unity.visualscripting@1.7.8/Editor/VisualScripting.Core/Dependencies/DotNetZip/Unity.VisualScripting.IonicZip.dll
Native extension for WindowsStandalone target not found
Native extension for iOS target not found
Native extension for Android target not found
Native extension for OSXStandalone target not found
Native extension for WebGL target not found
Refreshing native plugins compatible for Editor in 1.37 ms, found 2 plugins.
Preloading 0 native plugins for Editor in 0.00 ms.
Mono: successfully reloaded assembly
- Completed reload, in  1.884 seconds
Domain Reload Profiling:
	ReloadAssembly (1885ms)
		BeginReloadAssembly (217ms)
			ExecutionOrderSort (0ms)
			DisableScriptedObjects (6ms)
			BackupInstance (0ms)
			ReleaseScriptingObjects (0ms)
			CreateAndSetChildDomain (103ms)
		EndReloadAssembly (1523ms)
			LoadAssemblies (124ms)
			RebuildTransferFunctionScriptingTraits (0ms)
			SetupTypeCache (506ms)
			ReleaseScriptCaches (2ms)
			RebuildScriptCaches (106ms)
			SetupLoadedEditorAssemblies (727ms)
				LogAssemblyErrors (0ms)
				InitializePlatformSupportModulesInManaged (46ms)
				SetLoadedEditorAssemblies (1ms)
				RefreshPlugins (1ms)
				BeforeProcessingInitializeOnLoad (119ms)
				ProcessInitializeOnLoadAttributes (353ms)
				ProcessInitializeOnLoadMethodAttributes (204ms)
				AfterProcessingInitializeOnLoad (2ms)
				EditorAssembliesLoaded (0ms)
			ExecutionOrderSort2 (0ms)
			AwakeInstancesAfterBackupRestoration (5ms)
Platform modules already initialized, skipping
Refreshing native plugins compatible for Editor in 3.81 ms, found 2 plugins.
Preloading 0 native plugins for Editor in 0.00 ms.
Unloading 5673 Unused Serialized files (Serialized files now loaded: 0)
Unloading 38 unused Assets / (64.5 KB). Loaded Objects now: 6256.
Memory consumption went from 261.4 MB to 261.4 MB.
Total: 11.143464 ms (FindLiveObjects: 0.864675 ms CreateObjectMapping: 0.528465 ms MarkObjects: 9.534519 ms  DeleteObjects: 0.214453 ms)

AssetImportParameters requested are different than current active one (requested -> active):
  custom:video-decoder-ogg-theora: a1e56fd34408186e4bbccfd4996cb3dc -> 
  custom:container-muxer-webm: aa71ff27fc2769a1b78a27578f13a17b -> 
  custom:container-demuxer-webm: 4f35f7cbe854078d1ac9338744f61a02 -> 
  custom:video-encoder-webm-vp8: eb34c28f22e8b96e1ab97ce403110664 -> 
  custom:framework-osx-AVFoundation: e770b220cccbd017edd2c1fefb359320 -> 
  custom:audio-encoder-webm-vorbis: bf7c407c2cedff20999df2af8eb42d56 -> 
  custom:container-demuxer-ogg: 62fdf1f143b41e24485cea50d1cbac27 -> 
  custom:video-decoder-webm-vp8: 9c59270c3fd7afecdb556c50c9e8de78 -> 
  custom:audio-decoder-ogg-vorbis: bf7c407c2cedff20999df2af8eb42d56 -> 
========================================================================
Received Prepare
Registering precompiled user dll's ...
Registered in 0.004859 seconds.
Begin MonoManager ReloadAssembly
Symbol file LoadedFromMemory doesn't match image /Users/bsmith/code/zaroff/project_CAR/project_CAR/Library/PackageCache/com.unity.visualscripting@1.7.8/Editor/VisualScripting.Core/Dependencies/YamlDotNet/Unity.VisualScripting.YamlDotNet.dll
Symbol file LoadedFromMemory doesn't match image /Users/bsmith/code/zaroff/project_CAR/project_CAR/Library/PackageCache/com.unity.visualscripting@1.7.8/Editor/VisualScripting.Core/Dependencies/DotNetZip/Unity.VisualScripting.IonicZip.dll
Native extension for WindowsStandalone target not found
Native extension for iOS target not found
Native extension for Android target not found
Native extension for OSXStandalone target not found
Native extension for WebGL target not found
Refreshing native plugins compatible for Editor in 1.83 ms, found 2 plugins.
Preloading 0 native plugins for Editor in 0.00 ms.
Mono: successfully reloaded assembly
- Completed reload, in  1.851 seconds
Domain Reload Profiling:
	ReloadAssembly (1852ms)
		BeginReloadAssembly (181ms)
			ExecutionOrderSort (0ms)
			DisableScriptedObjects (6ms)
			BackupInstance (0ms)
			ReleaseScriptingObjects (0ms)
			CreateAndSetChildDomain (84ms)
		EndReloadAssembly (1553ms)
			LoadAssemblies (104ms)
			RebuildTransferFunctionScriptingTraits (0ms)
			SetupTypeCache (518ms)
			ReleaseScriptCaches (2ms)
			RebuildScriptCaches (111ms)
			SetupLoadedEditorAssemblies (734ms)
				LogAssemblyErrors (0ms)
				InitializePlatformSupportModulesInManaged (52ms)
				SetLoadedEditorAssemblies (1ms)
				RefreshPlugins (2ms)
				BeforeProcessingInitializeOnLoad (119ms)
				ProcessInitializeOnLoadAttributes (349ms)
				ProcessInitializeOnLoadMethodAttributes (209ms)
				AfterProcessingInitializeOnLoad (3ms)
				EditorAssembliesLoaded (0ms)
			ExecutionOrderSort2 (0ms)
			AwakeInstancesAfterBackupRestoration (4ms)
Platform modules already initialized, skipping
Refreshing native plugins compatible for Editor in 3.45 ms, found 2 plugins.
Preloading 0 native plugins for Editor in 0.00 ms.
Unloading 5673 Unused Serialized files (Serialized files now loaded: 0)
Unloading 38 unused Assets / (64.6 KB). Loaded Objects now: 6260.
Memory consumption went from 266.0 MB to 266.0 MB.
Total: 10.330137 ms (FindLiveObjects: 0.473710 ms CreateObjectMapping: 0.728391 ms MarkObjects: 8.930247 ms  DeleteObjects: 0.196838 ms)

AssetImportParameters requested are different than current active one (requested -> active):
  custom:video-decoder-ogg-theora: a1e56fd34408186e4bbccfd4996cb3dc -> 
  custom:container-muxer-webm: aa71ff27fc2769a1b78a27578f13a17b -> 
  custom:container-demuxer-webm: 4f35f7cbe854078d1ac9338744f61a02 -> 
  custom:video-encoder-webm-vp8: eb34c28f22e8b96e1ab97ce403110664 -> 
  custom:framework-osx-AVFoundation: e770b220cccbd017edd2c1fefb359320 -> 
  custom:audio-encoder-webm-vorbis: bf7c407c2cedff20999df2af8eb42d56 -> 
  custom:container-demuxer-ogg: 62fdf1f143b41e24485cea50d1cbac27 -> 
  custom:video-decoder-webm-vp8: 9c59270c3fd7afecdb556c50c9e8de78 -> 
  custom:audio-decoder-ogg-vorbis: bf7c407c2cedff20999df2af8eb42d56 -> 
========================================================================
Received Import Request.
  Time since last request: 118.728281 seconds.
  path: Assets/Racing Tracks/Modern City/Materials
  artifactKey: Guid(ba87c85fbc68c2f42916b89751431d6c) Importer(815301076,1909f56bfc062723c751e8b465ee728b)
Start importing Assets/Racing Tracks/Modern City/Materials using Guid(ba87c85fbc68c2f42916b89751431d6c) Importer(815301076,1909f56bfc062723c751e8b465ee728b)  -> (artifact id: '49869ab9b45072599ad34b673ee4dfba') in 0.009808 seconds 
========================================================================
Received Import Request.
  Time since last request: 1.315844 seconds.
  path: Assets/Racing Tracks/Modern City/Model
  artifactKey: Guid(19150fd159ecd3b49906713e45a8cc8a) Importer(815301076,1909f56bfc062723c751e8b465ee728b)
Start importing Assets/Racing Tracks/Modern City/Model using Guid(19150fd159ecd3b49906713e45a8cc8a) Importer(815301076,1909f56bfc062723c751e8b465ee728b)  -> (artifact id: '01a26383bb08f2d832c34c93a2efd254') in 0.001013 seconds 
========================================================================
Received Import Request.
  Time since last request: 4.556812 seconds.
  path: Assets/Racing Tracks/Modern City/Texture
  artifactKey: Guid(4677e03974446bf40b6d9850e97ca8a7) Importer(815301076,1909f56bfc062723c751e8b465ee728b)
Start importing Assets/Racing Tracks/Modern City/Texture using Guid(4677e03974446bf40b6d9850e97ca8a7) Importer(815301076,1909f56bfc062723c751e8b465ee728b)  -> (artifact id: '715af373cd9369a2556bfe2dc116018b') in 0.001065 seconds 
========================================================================
Received Import Request.
  Time since last request: 0.067050 seconds.
  path: Assets/Racing Tracks/Modern City/Texture/Track 01 A Glow.tif
  artifactKey: Guid(ffb6008fecc8cf44f8cbadb3c530d14a) Importer(815301076,1909f56bfc062723c751e8b465ee728b)
Start importing Assets/Racing Tracks/Modern City/Texture/Track 01 A Glow.tif using Guid(ffb6008fecc8cf44f8cbadb3c530d14a) Importer(815301076,1909f56bfc062723c751e8b465ee728b)  -> (artifact id: 'c53fdc23aaea8fdb75864b02cc673bba') in 0.125472 seconds 
========================================================================
Received Import Request.
  Time since last request: 0.000132 seconds.
  path: Assets/Racing Tracks/Modern City/Texture/Track 01 D Normal.tif
  artifactKey: Guid(ab51379851477bd4e9d3aa42c25dd630) Importer(815301076,1909f56bfc062723c751e8b465ee728b)
Start importing Assets/Racing Tracks/Modern City/Texture/Track 01 D Normal.tif using Guid(ab51379851477bd4e9d3aa42c25dd630) Importer(815301076,1909f56bfc062723c751e8b465ee728b)  -> (artifact id: '3adb068075b0dd8d6a4dc792edd5a184') in 0.001807 seconds 
========================================================================
Received Import Request.
  Time since last request: 0.000066 seconds.
  path: Assets/Racing Tracks/Modern City/Texture/Track 01 E.tif
  artifactKey: Guid(832cf8163d3977f43afab2090ef08215) Importer(815301076,1909f56bfc062723c751e8b465ee728b)
Start importing Assets/Racing Tracks/Modern City/Texture/Track 01 E.tif using Guid(832cf8163d3977f43afab2090ef08215) Importer(815301076,1909f56bfc062723c751e8b465ee728b)  -> (artifact id: '8ce9e52c194c6fca8e64cc2d0245e8a0') in 0.001537 seconds 
========================================================================
Received Import Request.
  Time since last request: 0.000133 seconds.
  path: Assets/Racing Tracks/Modern City/Texture/Track 01 D Reflect 1.tif
  artifactKey: Guid(41913b25bd94721439891615cb7e663f) Importer(815301076,1909f56bfc062723c751e8b465ee728b)
Start importing Assets/Racing Tracks/Modern City/Texture/Track 01 D Reflect 1.tif using Guid(41913b25bd94721439891615cb7e663f) Importer(815301076,1909f56bfc062723c751e8b465ee728b)  -> (artifact id: 'f6dbf9bf56c49abe27b219d2d1c68d5b') in 0.001700 seconds 
========================================================================
Received Import Request.
  Time since last request: 0.000078 seconds.
  path: Assets/Racing Tracks/Modern City/Texture/Track 01 C Light.tif
  artifactKey: Guid(56b02d8e69d1e044cb2dd470d0a93401) Importer(815301076,1909f56bfc062723c751e8b465ee728b)
Start importing Assets/Racing Tracks/Modern City/Texture/Track 01 C Light.tif using Guid(56b02d8e69d1e044cb2dd470d0a93401) Importer(815301076,1909f56bfc062723c751e8b465ee728b)  -> (artifact id: 'd22501b95b92aba2f8d610ca8b06d778') in 0.001557 seconds 
Editor requested this worker to shutdown with reason: Scaling down because of idle timeout
AssetImportWorker is now disconnected from the server
Process exiting
