Unity Editor version:    2021.3.5f1 (40eb3a945986)
Branch:                  2021.3/staging
Build type:              Release
Batch mode:              YES
macOS version:           Version 13.0.1 (Build 22A400)
Darwin version:          22.1.0
Architecture:            x86_64
Running under Rosetta:   NO
Available memory:        16384 MB
Using pre-set license
Pro License: YES

COMMAND LINE ARGUMENTS:
/Applications/Unity/Hub/Editor/2021.3.5f1/Unity.app/Contents/MacOS/Unity
-adb2
-batchMode
-noUpm
-name
AssetImportWorker7
-projectPath
/Users/bsmith/code/zaroff/project_CAR/project_CAR
-logFile
Logs/AssetImportWorker7.log
-srvPort
53489
Successfully changed project path to: /Users/bsmith/code/zaroff/project_CAR/project_CAR
/Users/bsmith/code/zaroff/project_CAR/project_CAR
[UnityMemory] Configuration Parameters - Can be set up in boot.config
    "memorysetup-bucket-allocator-granularity=16"
    "memorysetup-bucket-allocator-bucket-count=8"
    "memorysetup-bucket-allocator-block-size=33554432"
    "memorysetup-bucket-allocator-block-count=8"
    "memorysetup-main-allocator-block-size=16777216"
    "memorysetup-thread-allocator-block-size=16777216"
    "memorysetup-gfx-main-allocator-block-size=16777216"
    "memorysetup-gfx-thread-allocator-block-size=16777216"
    "memorysetup-cache-allocator-block-size=4194304"
    "memorysetup-typetree-allocator-block-size=2097152"
    "memorysetup-profiler-bucket-allocator-granularity=16"
    "memorysetup-profiler-bucket-allocator-bucket-count=8"
    "memorysetup-profiler-bucket-allocator-block-size=33554432"
    "memorysetup-profiler-bucket-allocator-block-count=8"
    "memorysetup-profiler-allocator-block-size=16777216"
    "memorysetup-profiler-editor-allocator-block-size=1048576"
    "memorysetup-temp-allocator-size-main=16777216"
    "memorysetup-job-temp-allocator-block-size=2097152"
    "memorysetup-job-temp-allocator-block-size-background=1048576"
    "memorysetup-job-temp-allocator-reduction-small-platforms=262144"
    "memorysetup-temp-allocator-size-background-worker=32768"
    "memorysetup-temp-allocator-size-job-worker=262144"
    "memorysetup-temp-allocator-size-preload-manager=33554432"
    "memorysetup-temp-allocator-size-nav-mesh-worker=65536"
    "memorysetup-temp-allocator-size-audio-worker=65536"
    "memorysetup-temp-allocator-size-cloud-worker=32768"
    "memorysetup-temp-allocator-size-gi-baking-worker=262144"
    "memorysetup-temp-allocator-size-gfx=262144"
Refreshing native plugins compatible for Editor in 161.08 ms, found 2 plugins.
Preloading 0 native plugins for Editor in 0.00 ms.
Initialize engine version: 2021.3.5f1 (40eb3a945986)
[Subsystems] Discovering subsystems at path /Applications/Unity/Hub/Editor/2021.3.5f1/Unity.app/Contents/Resources/UnitySubsystems
[Subsystems] Discovering subsystems at path /Users/bsmith/code/zaroff/project_CAR/project_CAR/Assets
GfxDevice: creating device client; threaded=0; jobified=0
BenQ EW3270U preferred device: AMD Radeon Pro 5500M (high power)
Metal devices available: 2
0: AMD Radeon Pro 5500M (high power)
1: Intel(R) UHD Graphics 630 (low power)
Using device AMD Radeon Pro 5500M (high power)
Initializing Metal device caps: AMD Radeon Pro 5500M
Initialize mono
Mono path[0] = '/Applications/Unity/Hub/Editor/2021.3.5f1/Unity.app/Contents/Managed'
Mono path[1] = '/Applications/Unity/Hub/Editor/2021.3.5f1/Unity.app/Contents/MonoBleedingEdge/lib/mono/unityjit-macos'
Mono config path = '/Applications/Unity/Hub/Editor/2021.3.5f1/Unity.app/Contents/MonoBleedingEdge/etc'
Using monoOptions --debugger-agent=transport=dt_socket,embedding=1,server=y,suspend=n,address=127.0.0.1:56837
Begin MonoManager ReloadAssembly
Registering precompiled unity dll's ...
Register platform support module: /Applications/Unity/Hub/Editor/2021.3.5f1/PlaybackEngines/WebGLSupport/UnityEditor.WebGL.Extensions.dll
Register platform support module: /Applications/Unity/Hub/Editor/2021.3.5f1/Unity.app/Contents/PlaybackEngines/MacStandaloneSupport/UnityEditor.OSXStandalone.Extensions.dll
Register platform support module: /Applications/Unity/Hub/Editor/2021.3.5f1/PlaybackEngines/AndroidPlayer/UnityEditor.Android.Extensions.dll
Register platform support module: /Applications/Unity/Hub/Editor/2021.3.5f1/PlaybackEngines/iOSSupport/UnityEditor.iOS.Extensions.dll
Register platform support module: /Applications/Unity/Hub/Editor/2021.3.5f1/PlaybackEngines/WindowsStandaloneSupport/UnityEditor.WindowsStandalone.Extensions.dll
Registered in 0.006205 seconds.
Native extension for WindowsStandalone target not found
[usbmuxd] Start listen thread
[usbmuxd] Listen thread started
[usbmuxd] Send listen message
Native extension for iOS target not found
Native extension for Android target not found
Native extension for OSXStandalone target not found
Native extension for WebGL target not found
Refreshing native plugins compatible for Editor in 141.93 ms, found 2 plugins.
Preloading 0 native plugins for Editor in 0.00 ms.
Mono: successfully reloaded assembly
- Completed reload, in  1.005 seconds
Domain Reload Profiling:
	ReloadAssembly (1005ms)
		BeginReloadAssembly (116ms)
			ExecutionOrderSort (0ms)
			DisableScriptedObjects (0ms)
			BackupInstance (0ms)
			ReleaseScriptingObjects (0ms)
			CreateAndSetChildDomain (1ms)
		EndReloadAssembly (750ms)
			LoadAssemblies (119ms)
			RebuildTransferFunctionScriptingTraits (0ms)
			SetupTypeCache (152ms)
			ReleaseScriptCaches (0ms)
			RebuildScriptCaches (38ms)
			SetupLoadedEditorAssemblies (495ms)
				LogAssemblyErrors (0ms)
				InitializePlatformSupportModulesInManaged (184ms)
				SetLoadedEditorAssemblies (0ms)
				RefreshPlugins (142ms)
				BeforeProcessingInitializeOnLoad (2ms)
				ProcessInitializeOnLoadAttributes (114ms)
				ProcessInitializeOnLoadMethodAttributes (52ms)
				AfterProcessingInitializeOnLoad (0ms)
				EditorAssembliesLoaded (0ms)
			ExecutionOrderSort2 (0ms)
			AwakeInstancesAfterBackupRestoration (0ms)
Platform modules already initialized, skipping
Registering precompiled user dll's ...
Registered in 0.003754 seconds.
Begin MonoManager ReloadAssembly
Symbol file LoadedFromMemory doesn't match image /Users/bsmith/code/zaroff/project_CAR/project_CAR/Library/PackageCache/com.unity.visualscripting@1.7.8/Editor/VisualScripting.Core/Dependencies/YamlDotNet/Unity.VisualScripting.YamlDotNet.dll
Symbol file LoadedFromMemory doesn't match image /Users/bsmith/code/zaroff/project_CAR/project_CAR/Library/PackageCache/com.unity.visualscripting@1.7.8/Editor/VisualScripting.Core/Dependencies/DotNetZip/Unity.VisualScripting.IonicZip.dll
Native extension for WindowsStandalone target not found
Native extension for iOS target not found
Native extension for Android target not found
Native extension for OSXStandalone target not found
Native extension for WebGL target not found
Refreshing native plugins compatible for Editor in 141.41 ms, found 2 plugins.
Preloading 0 native plugins for Editor in 0.00 ms.
Package Manager log level set to [2]
Mono: successfully reloaded assembly
- Completed reload, in  2.127 seconds
Domain Reload Profiling:
	ReloadAssembly (2129ms)
		BeginReloadAssembly (239ms)
			ExecutionOrderSort (0ms)
			DisableScriptedObjects (8ms)
			BackupInstance (0ms)
			ReleaseScriptingObjects (0ms)
			CreateAndSetChildDomain (141ms)
		EndReloadAssembly (1740ms)
			LoadAssemblies (172ms)
			RebuildTransferFunctionScriptingTraits (0ms)
			SetupTypeCache (445ms)
			ReleaseScriptCaches (7ms)
			RebuildScriptCaches (121ms)
			SetupLoadedEditorAssemblies (925ms)
				LogAssemblyErrors (0ms)
				InitializePlatformSupportModulesInManaged (30ms)
				SetLoadedEditorAssemblies (0ms)
				RefreshPlugins (141ms)
				BeforeProcessingInitializeOnLoad (148ms)
				ProcessInitializeOnLoadAttributes (409ms)
				ProcessInitializeOnLoadMethodAttributes (193ms)
				AfterProcessingInitializeOnLoad (2ms)
				EditorAssembliesLoaded (0ms)
			ExecutionOrderSort2 (0ms)
			AwakeInstancesAfterBackupRestoration (4ms)
Platform modules already initialized, skipping
========================================================================
Worker process is ready to serve import requests
Launching external process: /Applications/Unity/Hub/Editor/2021.3.5f1/Unity.app/Contents/Tools/UnityShaderCompiler
Launched and connected shader compiler UnityShaderCompiler after 0.09 seconds
Refreshing native plugins compatible for Editor in 1.16 ms, found 2 plugins.
Preloading 0 native plugins for Editor in 0.00 ms.
Unloading 5723 Unused Serialized files (Serialized files now loaded: 0)
Unloading 45 unused Assets / (64.8 KB). Loaded Objects now: 6213.
Memory consumption went from 177.9 MB to 177.8 MB.
Total: 8.524857 ms (FindLiveObjects: 0.509959 ms CreateObjectMapping: 0.450033 ms MarkObjects: 7.378971 ms  DeleteObjects: 0.184850 ms)

AssetImportParameters requested are different than current active one (requested -> active):
  custom:video-decoder-ogg-theora: a1e56fd34408186e4bbccfd4996cb3dc -> 
  custom:container-muxer-webm: aa71ff27fc2769a1b78a27578f13a17b -> 
  custom:container-demuxer-webm: 4f35f7cbe854078d1ac9338744f61a02 -> 
  custom:video-encoder-webm-vp8: eb34c28f22e8b96e1ab97ce403110664 -> 
  custom:framework-osx-AVFoundation: e770b220cccbd017edd2c1fefb359320 -> 
  custom:audio-encoder-webm-vorbis: bf7c407c2cedff20999df2af8eb42d56 -> 
  custom:container-demuxer-ogg: 62fdf1f143b41e24485cea50d1cbac27 -> 
  custom:video-decoder-webm-vp8: 9c59270c3fd7afecdb556c50c9e8de78 -> 
  custom:audio-decoder-ogg-vorbis: bf7c407c2cedff20999df2af8eb42d56 -> 
========================================================================
Received Import Request.
  Time since last request: 9484.999910 seconds.
  path: Assets/RacingGameStarterKit/Source/Textures/UI/brakeUI.png
  artifactKey: Guid(1fd961b8bcd58974f8d3f78165777d56) Importer(815301076,1909f56bfc062723c751e8b465ee728b)
Start importing Assets/RacingGameStarterKit/Source/Textures/UI/brakeUI.png using Guid(1fd961b8bcd58974f8d3f78165777d56) Importer(815301076,1909f56bfc062723c751e8b465ee728b)  -> (artifact id: '2bc926ce51b9387c881a43ef30fa3ccc') in 0.292990 seconds 
========================================================================
Received Import Request.
  Time since last request: 0.000108 seconds.
  path: Assets/RacingGameStarterKit/Source/Textures/UI/MinimapMask(Circle).png
  artifactKey: Guid(0dd3fdb8f4ac80144b8d04bcf3f07c53) Importer(815301076,1909f56bfc062723c751e8b465ee728b)
Start importing Assets/RacingGameStarterKit/Source/Textures/UI/MinimapMask(Circle).png using Guid(0dd3fdb8f4ac80144b8d04bcf3f07c53) Importer(815301076,1909f56bfc062723c751e8b465ee728b)  -> (artifact id: 'a677d01352d56bc9cc3c0b427641a17d') in 0.041642 seconds 
========================================================================
Received Import Request.
  Time since last request: 0.000133 seconds.
  path: Assets/RacingGameStarterKit/Source/Textures/UI/ExitButton.png
  artifactKey: Guid(841307639b4df524fa455385ab7d1b77) Importer(815301076,1909f56bfc062723c751e8b465ee728b)
Start importing Assets/RacingGameStarterKit/Source/Textures/UI/ExitButton.png using Guid(841307639b4df524fa455385ab7d1b77) Importer(815301076,1909f56bfc062723c751e8b465ee728b)  -> (artifact id: 'bae23273d5782f536476eebcc764fabc') in 0.025426 seconds 
========================================================================
Received Import Request.
  Time since last request: 0.000083 seconds.
  path: Assets/RacingGameStarterKit/Source/Textures/UI/RespawnButton.png
  artifactKey: Guid(404263bdee595694391bd95887a6c744) Importer(815301076,1909f56bfc062723c751e8b465ee728b)
Start importing Assets/RacingGameStarterKit/Source/Textures/UI/RespawnButton.png using Guid(404263bdee595694391bd95887a6c744) Importer(815301076,1909f56bfc062723c751e8b465ee728b)  -> (artifact id: '6e93f06ec3dff342f1c00ee9d7beffbc') in 0.022343 seconds 
========================================================================
Received Import Request.
  Time since last request: 0.000082 seconds.
  path: Assets/RacingGameStarterKit/Source/Textures/UI/turnLeft.png
  artifactKey: Guid(7fe05aa2699f79447a8e1c406b609d97) Importer(815301076,1909f56bfc062723c751e8b465ee728b)
Start importing Assets/RacingGameStarterKit/Source/Textures/UI/turnLeft.png using Guid(7fe05aa2699f79447a8e1c406b609d97) Importer(815301076,1909f56bfc062723c751e8b465ee728b)  -> (artifact id: '9c533e64355c09e75497904ae0ec318b') in 0.021764 seconds 
========================================================================
Received Import Request.
  Time since last request: 0.000081 seconds.
  path: Assets/RacingGameStarterKit/Source/Textures/UI/Rewind.png
  artifactKey: Guid(fab5074a3e3748041bc0791112ccf6b2) Importer(815301076,1909f56bfc062723c751e8b465ee728b)
Start importing Assets/RacingGameStarterKit/Source/Textures/UI/Rewind.png using Guid(fab5074a3e3748041bc0791112ccf6b2) Importer(815301076,1909f56bfc062723c751e8b465ee728b)  -> (artifact id: 'd27cb87138b908bdb0db20ff0e974234') in 0.022903 seconds 
========================================================================
Received Import Request.
  Time since last request: 0.000096 seconds.
  path: Assets/RacingGameStarterKit/Source/Textures/UI/CameraButton.png
  artifactKey: Guid(a3983c59ebf804b4abba687bd7c9e92f) Importer(815301076,1909f56bfc062723c751e8b465ee728b)
Start importing Assets/RacingGameStarterKit/Source/Textures/UI/CameraButton.png using Guid(a3983c59ebf804b4abba687bd7c9e92f) Importer(815301076,1909f56bfc062723c751e8b465ee728b)  -> (artifact id: '8f252b3df59e6569860c3b44558f15be') in 0.020820 seconds 
Editor requested this worker to shutdown with reason: Scaling down because of idle timeout
AssetImportWorker is now disconnected from the server
Process exiting
