Unity Editor version:    2021.3.5f1 (40eb3a945986)
Branch:                  2021.3/staging
Build type:              Release
Batch mode:              YES
macOS version:           Version 13.0.1 (Build 22A400)
Darwin version:          22.1.0
Architecture:            x86_64
Running under Rosetta:   NO
Available memory:        16384 MB
Using pre-set license
Pro License: YES

COMMAND LINE ARGUMENTS:
/Applications/Unity/Hub/Editor/2021.3.5f1/Unity.app/Contents/MacOS/Unity
-adb2
-batchMode
-noUpm
-name
AssetImportWorker9
-projectPath
/Users/bsmith/code/zaroff/project_CAR/project_CAR
-logFile
Logs/AssetImportWorker9.log
-srvPort
53489
Successfully changed project path to: /Users/bsmith/code/zaroff/project_CAR/project_CAR
/Users/bsmith/code/zaroff/project_CAR/project_CAR
[UnityMemory] Configuration Parameters - Can be set up in boot.config
    "memorysetup-bucket-allocator-granularity=16"
    "memorysetup-bucket-allocator-bucket-count=8"
    "memorysetup-bucket-allocator-block-size=33554432"
    "memorysetup-bucket-allocator-block-count=8"
    "memorysetup-main-allocator-block-size=16777216"
    "memorysetup-thread-allocator-block-size=16777216"
    "memorysetup-gfx-main-allocator-block-size=16777216"
    "memorysetup-gfx-thread-allocator-block-size=16777216"
    "memorysetup-cache-allocator-block-size=4194304"
    "memorysetup-typetree-allocator-block-size=2097152"
    "memorysetup-profiler-bucket-allocator-granularity=16"
    "memorysetup-profiler-bucket-allocator-bucket-count=8"
    "memorysetup-profiler-bucket-allocator-block-size=33554432"
    "memorysetup-profiler-bucket-allocator-block-count=8"
    "memorysetup-profiler-allocator-block-size=16777216"
    "memorysetup-profiler-editor-allocator-block-size=1048576"
    "memorysetup-temp-allocator-size-main=16777216"
    "memorysetup-job-temp-allocator-block-size=2097152"
    "memorysetup-job-temp-allocator-block-size-background=1048576"
    "memorysetup-job-temp-allocator-reduction-small-platforms=262144"
    "memorysetup-temp-allocator-size-background-worker=32768"
    "memorysetup-temp-allocator-size-job-worker=262144"
    "memorysetup-temp-allocator-size-preload-manager=33554432"
    "memorysetup-temp-allocator-size-nav-mesh-worker=65536"
    "memorysetup-temp-allocator-size-audio-worker=65536"
    "memorysetup-temp-allocator-size-cloud-worker=32768"
    "memorysetup-temp-allocator-size-gi-baking-worker=262144"
    "memorysetup-temp-allocator-size-gfx=262144"
Refreshing native plugins compatible for Editor in 192.94 ms, found 2 plugins.
Preloading 0 native plugins for Editor in 0.00 ms.
Initialize engine version: 2021.3.5f1 (40eb3a945986)
[Subsystems] Discovering subsystems at path /Applications/Unity/Hub/Editor/2021.3.5f1/Unity.app/Contents/Resources/UnitySubsystems
[Subsystems] Discovering subsystems at path /Users/bsmith/code/zaroff/project_CAR/project_CAR/Assets
GfxDevice: creating device client; threaded=0; jobified=0
BenQ EW3270U preferred device: AMD Radeon Pro 5500M (high power)
Metal devices available: 2
0: AMD Radeon Pro 5500M (high power)
1: Intel(R) UHD Graphics 630 (low power)
Using device AMD Radeon Pro 5500M (high power)
Initializing Metal device caps: AMD Radeon Pro 5500M
Initialize mono
Mono path[0] = '/Applications/Unity/Hub/Editor/2021.3.5f1/Unity.app/Contents/Managed'
Mono path[1] = '/Applications/Unity/Hub/Editor/2021.3.5f1/Unity.app/Contents/MonoBleedingEdge/lib/mono/unityjit-macos'
Mono config path = '/Applications/Unity/Hub/Editor/2021.3.5f1/Unity.app/Contents/MonoBleedingEdge/etc'
Using monoOptions --debugger-agent=transport=dt_socket,embedding=1,server=y,suspend=n,address=127.0.0.1:56197
Begin MonoManager ReloadAssembly
Registering precompiled unity dll's ...
Register platform support module: /Applications/Unity/Hub/Editor/2021.3.5f1/PlaybackEngines/WebGLSupport/UnityEditor.WebGL.Extensions.dll
Register platform support module: /Applications/Unity/Hub/Editor/2021.3.5f1/Unity.app/Contents/PlaybackEngines/MacStandaloneSupport/UnityEditor.OSXStandalone.Extensions.dll
Register platform support module: /Applications/Unity/Hub/Editor/2021.3.5f1/PlaybackEngines/AndroidPlayer/UnityEditor.Android.Extensions.dll
Register platform support module: /Applications/Unity/Hub/Editor/2021.3.5f1/PlaybackEngines/iOSSupport/UnityEditor.iOS.Extensions.dll
Register platform support module: /Applications/Unity/Hub/Editor/2021.3.5f1/PlaybackEngines/WindowsStandaloneSupport/UnityEditor.WindowsStandalone.Extensions.dll
Registered in 0.009019 seconds.
Native extension for WindowsStandalone target not found
[usbmuxd] Start listen thread
[usbmuxd] Listen thread started
[usbmuxd] Send listen message
Native extension for iOS target not found
Native extension for Android target not found
Native extension for OSXStandalone target not found
Native extension for WebGL target not found
Refreshing native plugins compatible for Editor in 141.12 ms, found 2 plugins.
Preloading 0 native plugins for Editor in 0.00 ms.
Mono: successfully reloaded assembly
- Completed reload, in  1.046 seconds
Domain Reload Profiling:
	ReloadAssembly (1046ms)
		BeginReloadAssembly (140ms)
			ExecutionOrderSort (0ms)
			DisableScriptedObjects (0ms)
			BackupInstance (0ms)
			ReleaseScriptingObjects (0ms)
			CreateAndSetChildDomain (1ms)
		EndReloadAssembly (750ms)
			LoadAssemblies (142ms)
			RebuildTransferFunctionScriptingTraits (0ms)
			SetupTypeCache (152ms)
			ReleaseScriptCaches (0ms)
			RebuildScriptCaches (39ms)
			SetupLoadedEditorAssemblies (493ms)
				LogAssemblyErrors (0ms)
				InitializePlatformSupportModulesInManaged (182ms)
				SetLoadedEditorAssemblies (0ms)
				RefreshPlugins (141ms)
				BeforeProcessingInitializeOnLoad (2ms)
				ProcessInitializeOnLoadAttributes (112ms)
				ProcessInitializeOnLoadMethodAttributes (56ms)
				AfterProcessingInitializeOnLoad (0ms)
				EditorAssembliesLoaded (0ms)
			ExecutionOrderSort2 (0ms)
			AwakeInstancesAfterBackupRestoration (0ms)
Platform modules already initialized, skipping
Registering precompiled user dll's ...
Registered in 0.003807 seconds.
Begin MonoManager ReloadAssembly
Symbol file LoadedFromMemory doesn't match image /Users/bsmith/code/zaroff/project_CAR/project_CAR/Library/PackageCache/com.unity.visualscripting@1.7.8/Editor/VisualScripting.Core/Dependencies/YamlDotNet/Unity.VisualScripting.YamlDotNet.dll
Symbol file LoadedFromMemory doesn't match image /Users/bsmith/code/zaroff/project_CAR/project_CAR/Library/PackageCache/com.unity.visualscripting@1.7.8/Editor/VisualScripting.Core/Dependencies/DotNetZip/Unity.VisualScripting.IonicZip.dll
Native extension for WindowsStandalone target not found
Native extension for iOS target not found
Native extension for Android target not found
Native extension for OSXStandalone target not found
Native extension for WebGL target not found
Refreshing native plugins compatible for Editor in 142.37 ms, found 2 plugins.
Preloading 0 native plugins for Editor in 0.00 ms.
Package Manager log level set to [2]
Mono: successfully reloaded assembly
- Completed reload, in  2.156 seconds
Domain Reload Profiling:
	ReloadAssembly (2157ms)
		BeginReloadAssembly (246ms)
			ExecutionOrderSort (0ms)
			DisableScriptedObjects (9ms)
			BackupInstance (0ms)
			ReleaseScriptingObjects (0ms)
			CreateAndSetChildDomain (143ms)
		EndReloadAssembly (1764ms)
			LoadAssemblies (161ms)
			RebuildTransferFunctionScriptingTraits (0ms)
			SetupTypeCache (450ms)
			ReleaseScriptCaches (6ms)
			RebuildScriptCaches (124ms)
			SetupLoadedEditorAssemblies (954ms)
				LogAssemblyErrors (0ms)
				InitializePlatformSupportModulesInManaged (31ms)
				SetLoadedEditorAssemblies (0ms)
				RefreshPlugins (142ms)
				BeforeProcessingInitializeOnLoad (153ms)
				ProcessInitializeOnLoadAttributes (431ms)
				ProcessInitializeOnLoadMethodAttributes (195ms)
				AfterProcessingInitializeOnLoad (2ms)
				EditorAssembliesLoaded (0ms)
			ExecutionOrderSort2 (0ms)
			AwakeInstancesAfterBackupRestoration (4ms)
Platform modules already initialized, skipping
========================================================================
Worker process is ready to serve import requests
Launching external process: /Applications/Unity/Hub/Editor/2021.3.5f1/Unity.app/Contents/Tools/UnityShaderCompiler
Launched and connected shader compiler UnityShaderCompiler after 0.09 seconds
Refreshing native plugins compatible for Editor in 1.43 ms, found 2 plugins.
Preloading 0 native plugins for Editor in 0.00 ms.
Unloading 5723 Unused Serialized files (Serialized files now loaded: 0)
Unloading 45 unused Assets / (64.8 KB). Loaded Objects now: 6213.
Memory consumption went from 177.8 MB to 177.8 MB.
Total: 9.168901 ms (FindLiveObjects: 0.834283 ms CreateObjectMapping: 0.670193 ms MarkObjects: 7.303637 ms  DeleteObjects: 0.359858 ms)

AssetImportParameters requested are different than current active one (requested -> active):
  custom:video-decoder-ogg-theora: a1e56fd34408186e4bbccfd4996cb3dc -> 
  custom:container-muxer-webm: aa71ff27fc2769a1b78a27578f13a17b -> 
  custom:container-demuxer-webm: 4f35f7cbe854078d1ac9338744f61a02 -> 
  custom:video-encoder-webm-vp8: eb34c28f22e8b96e1ab97ce403110664 -> 
  custom:framework-osx-AVFoundation: e770b220cccbd017edd2c1fefb359320 -> 
  custom:audio-encoder-webm-vorbis: bf7c407c2cedff20999df2af8eb42d56 -> 
  custom:container-demuxer-ogg: 62fdf1f143b41e24485cea50d1cbac27 -> 
  custom:video-decoder-webm-vp8: 9c59270c3fd7afecdb556c50c9e8de78 -> 
  custom:audio-decoder-ogg-vorbis: bf7c407c2cedff20999df2af8eb42d56 -> 
========================================================================
Received Import Request.
  Time since last request: 9541.092834 seconds.
  path: Assets/RacingGameStarterKit/Source/Textures/Vehicle/smoke.tif
  artifactKey: Guid(b9106d1a677566348a837fc4bbc0e43d) Importer(815301076,1909f56bfc062723c751e8b465ee728b)
Start importing Assets/RacingGameStarterKit/Source/Textures/Vehicle/smoke.tif using Guid(b9106d1a677566348a837fc4bbc0e43d) Importer(815301076,1909f56bfc062723c751e8b465ee728b)  -> (artifact id: '756c7f3f0cca573c40e83caa793a35a7') in 0.229059 seconds 
========================================================================
Received Import Request.
  Time since last request: 73.837824 seconds.
  path: Assets/RacingGameStarterKit/Prefabs/Misc/RaceComponents/PlayerPointer.prefab
  artifactKey: Guid(b8c36210cb34cb94080626996c8fe04f) Importer(815301076,1909f56bfc062723c751e8b465ee728b)
Start importing Assets/RacingGameStarterKit/Prefabs/Misc/RaceComponents/PlayerPointer.prefab using Guid(b8c36210cb34cb94080626996c8fe04f) Importer(815301076,1909f56bfc062723c751e8b465ee728b)  -> (artifact id: 'ff126b461ee628de28292ff630190723') in 0.107226 seconds 
========================================================================
Received Import Request.
  Time since last request: 0.000096 seconds.
  path: Assets/RacingGameStarterKit/Prefabs/Misc/RaceComponents/RacerNameV3.prefab
  artifactKey: Guid(296a104c98de34947b82808aeede3746) Importer(815301076,1909f56bfc062723c751e8b465ee728b)
Start importing Assets/RacingGameStarterKit/Prefabs/Misc/RaceComponents/RacerNameV3.prefab using Guid(296a104c98de34947b82808aeede3746) Importer(815301076,1909f56bfc062723c751e8b465ee728b)  -> (artifact id: 'a17fb483885e1566b48252ddbcdeeaa5') in 0.137324 seconds 
========================================================================
Received Import Request.
  Time since last request: 45.165453 seconds.
  path: Assets/RacingGameStarterKit/Source/Models/Driver/Default/Materials/body_color_map.mat
  artifactKey: Guid(1d1809ba9e3792345be1ac8cb7082a77) Importer(815301076,1909f56bfc062723c751e8b465ee728b)
Start importing Assets/RacingGameStarterKit/Source/Models/Driver/Default/Materials/body_color_map.mat using Guid(1d1809ba9e3792345be1ac8cb7082a77) Importer(815301076,1909f56bfc062723c751e8b465ee728b)  -> (artifact id: '0a744aac961ba7439a13caa9b140580f') in 0.237546 seconds 
========================================================================
Received Import Request.
  Time since last request: 0.000117 seconds.
  path: Assets/Res/Cars/AE_CARS/SAMOCHODY/Car_29/FBX/Materials/Body_D_29__skull_png.mat
  artifactKey: Guid(b30817c39f763794292eb575fbc80bc9) Importer(815301076,1909f56bfc062723c751e8b465ee728b)
Start importing Assets/Res/Cars/AE_CARS/SAMOCHODY/Car_29/FBX/Materials/Body_D_29__skull_png.mat using Guid(b30817c39f763794292eb575fbc80bc9) Importer(815301076,1909f56bfc062723c751e8b465ee728b)  -> (artifact id: 'a5bdbba63b2e0f5e860be5124d133a17') in 0.042942 seconds 
========================================================================
Received Import Request.
  Time since last request: 0.000061 seconds.
  path: Assets/Res/Cars/AE_CARS/SAMOCHODY/Car_30/LOD/Materials/Body_D_30_PontiacGTO.mat
  artifactKey: Guid(358234137d2a63545bb7015d4ecb9978) Importer(815301076,1909f56bfc062723c751e8b465ee728b)
Start importing Assets/Res/Cars/AE_CARS/SAMOCHODY/Car_30/LOD/Materials/Body_D_30_PontiacGTO.mat using Guid(358234137d2a63545bb7015d4ecb9978) Importer(815301076,1909f56bfc062723c751e8b465ee728b)  -> (artifact id: 'f74573fd29626002e72e20c08ca7a314') in 0.028636 seconds 
========================================================================
Received Import Request.
  Time since last request: 0.000091 seconds.
  path: Assets/Res/Cars/AE_CARS/SAMOCHODY/Car_26/FBX/Materials/Body_D_26__skull_png.mat
  artifactKey: Guid(b03c2581d932ec540bba7d55a7c12cdf) Importer(815301076,1909f56bfc062723c751e8b465ee728b)
Start importing Assets/Res/Cars/AE_CARS/SAMOCHODY/Car_26/FBX/Materials/Body_D_26__skull_png.mat using Guid(b03c2581d932ec540bba7d55a7c12cdf) Importer(815301076,1909f56bfc062723c751e8b465ee728b)  -> (artifact id: '00039136d53322f70381312a157e7dba') in 0.032982 seconds 
========================================================================
Received Import Request.
  Time since last request: 0.569467 seconds.
  path: Assets/RacingGameStarterKit/Source/Materials/PlayerPointer.mat
  artifactKey: Guid(d4534758b8729c643b2688023b9ed31a) Importer(815301076,1909f56bfc062723c751e8b465ee728b)
Start importing Assets/RacingGameStarterKit/Source/Materials/PlayerPointer.mat using Guid(d4534758b8729c643b2688023b9ed31a) Importer(815301076,1909f56bfc062723c751e8b465ee728b)  -> (artifact id: 'e96ea3eee63f8233d18bef2184812b85') in 0.075493 seconds 
========================================================================
Received Import Request.
  Time since last request: 0.000100 seconds.
  path: Assets/RacingGameStarterKit/Source/Materials/SpawnpointDecal.mat
  artifactKey: Guid(6f920c155ace4fd44ab6a2567c119b5c) Importer(815301076,1909f56bfc062723c751e8b465ee728b)
Start importing Assets/RacingGameStarterKit/Source/Materials/SpawnpointDecal.mat using Guid(6f920c155ace4fd44ab6a2567c119b5c) Importer(815301076,1909f56bfc062723c751e8b465ee728b)  -> (artifact id: 'c3b8b1e476db6dfb3dc518942d1aab06') in 0.014109 seconds 
========================================================================
Received Prepare
Registering precompiled user dll's ...
Registered in 0.004487 seconds.
Begin MonoManager ReloadAssembly
Symbol file LoadedFromMemory doesn't match image /Users/bsmith/code/zaroff/project_CAR/project_CAR/Library/PackageCache/com.unity.visualscripting@1.7.8/Editor/VisualScripting.Core/Dependencies/YamlDotNet/Unity.VisualScripting.YamlDotNet.dll
Symbol file LoadedFromMemory doesn't match image /Users/bsmith/code/zaroff/project_CAR/project_CAR/Library/PackageCache/com.unity.visualscripting@1.7.8/Editor/VisualScripting.Core/Dependencies/DotNetZip/Unity.VisualScripting.IonicZip.dll
Native extension for WindowsStandalone target not found
Native extension for iOS target not found
Native extension for Android target not found
Native extension for OSXStandalone target not found
Native extension for WebGL target not found
Refreshing native plugins compatible for Editor in 1.18 ms, found 2 plugins.
Preloading 0 native plugins for Editor in 0.00 ms.
Mono: successfully reloaded assembly
- Completed reload, in  1.680 seconds
Domain Reload Profiling:
	ReloadAssembly (1681ms)
		BeginReloadAssembly (169ms)
			ExecutionOrderSort (0ms)
			DisableScriptedObjects (6ms)
			BackupInstance (0ms)
			ReleaseScriptingObjects (0ms)
			CreateAndSetChildDomain (76ms)
		EndReloadAssembly (1387ms)
			LoadAssemblies (96ms)
			RebuildTransferFunctionScriptingTraits (0ms)
			SetupTypeCache (429ms)
			ReleaseScriptCaches (2ms)
			RebuildScriptCaches (94ms)
			SetupLoadedEditorAssemblies (698ms)
				LogAssemblyErrors (0ms)
				InitializePlatformSupportModulesInManaged (41ms)
				SetLoadedEditorAssemblies (1ms)
				RefreshPlugins (1ms)
				BeforeProcessingInitializeOnLoad (121ms)
				ProcessInitializeOnLoadAttributes (334ms)
				ProcessInitializeOnLoadMethodAttributes (196ms)
				AfterProcessingInitializeOnLoad (2ms)
				EditorAssembliesLoaded (0ms)
			ExecutionOrderSort2 (0ms)
			AwakeInstancesAfterBackupRestoration (4ms)
Platform modules already initialized, skipping
Refreshing native plugins compatible for Editor in 4.11 ms, found 2 plugins.
Preloading 0 native plugins for Editor in 0.00 ms.
Unloading 5673 Unused Serialized files (Serialized files now loaded: 0)
Unloading 38 unused Assets / (64.6 KB). Loaded Objects now: 6259.
Memory consumption went from 419.6 MB to 419.5 MB.
Total: 9.781049 ms (FindLiveObjects: 0.529890 ms CreateObjectMapping: 0.619979 ms MarkObjects: 8.503915 ms  DeleteObjects: 0.125188 ms)

AssetImportParameters requested are different than current active one (requested -> active):
  custom:video-decoder-ogg-theora: a1e56fd34408186e4bbccfd4996cb3dc -> 
  custom:container-muxer-webm: aa71ff27fc2769a1b78a27578f13a17b -> 
  custom:container-demuxer-webm: 4f35f7cbe854078d1ac9338744f61a02 -> 
  custom:video-encoder-webm-vp8: eb34c28f22e8b96e1ab97ce403110664 -> 
  custom:framework-osx-AVFoundation: e770b220cccbd017edd2c1fefb359320 -> 
  custom:audio-encoder-webm-vorbis: bf7c407c2cedff20999df2af8eb42d56 -> 
  custom:container-demuxer-ogg: 62fdf1f143b41e24485cea50d1cbac27 -> 
  custom:video-decoder-webm-vp8: 9c59270c3fd7afecdb556c50c9e8de78 -> 
  custom:audio-decoder-ogg-vorbis: bf7c407c2cedff20999df2af8eb42d56 -> 
Editor requested this worker to shutdown with reason: Scaling down because of idle timeout
AssetImportWorker is now disconnected from the server
Process exiting
