Unity Editor version:    2021.3.5f1 (40eb3a945986)
Branch:                  2021.3/staging
Build type:              Release
Batch mode:              YES
macOS version:           Version 13.0.1 (Build 22A400)
Darwin version:          22.1.0
Architecture:            x86_64
Running under Rosetta:   NO
Available memory:        16384 MB
Using pre-set license
Pro License: YES

COMMAND LINE ARGUMENTS:
/Applications/Unity/Hub/Editor/2021.3.5f1/Unity.app/Contents/MacOS/Unity
-adb2
-batchMode
-noUpm
-name
AssetImportWorker2
-projectPath
/Users/bsmith/code/zaroff/project_CAR/project_CAR
-logFile
Logs/AssetImportWorker2.log
-srvPort
50133
Successfully changed project path to: /Users/bsmith/code/zaroff/project_CAR/project_CAR
/Users/bsmith/code/zaroff/project_CAR/project_CAR
[UnityMemory] Configuration Parameters - Can be set up in boot.config
    "memorysetup-bucket-allocator-granularity=16"
    "memorysetup-bucket-allocator-bucket-count=8"
    "memorysetup-bucket-allocator-block-size=33554432"
    "memorysetup-bucket-allocator-block-count=8"
    "memorysetup-main-allocator-block-size=16777216"
    "memorysetup-thread-allocator-block-size=16777216"
    "memorysetup-gfx-main-allocator-block-size=16777216"
    "memorysetup-gfx-thread-allocator-block-size=16777216"
    "memorysetup-cache-allocator-block-size=4194304"
    "memorysetup-typetree-allocator-block-size=2097152"
    "memorysetup-profiler-bucket-allocator-granularity=16"
    "memorysetup-profiler-bucket-allocator-bucket-count=8"
    "memorysetup-profiler-bucket-allocator-block-size=33554432"
    "memorysetup-profiler-bucket-allocator-block-count=8"
    "memorysetup-profiler-allocator-block-size=16777216"
    "memorysetup-profiler-editor-allocator-block-size=1048576"
    "memorysetup-temp-allocator-size-main=16777216"
    "memorysetup-job-temp-allocator-block-size=2097152"
    "memorysetup-job-temp-allocator-block-size-background=1048576"
    "memorysetup-job-temp-allocator-reduction-small-platforms=262144"
    "memorysetup-temp-allocator-size-background-worker=32768"
    "memorysetup-temp-allocator-size-job-worker=262144"
    "memorysetup-temp-allocator-size-preload-manager=33554432"
    "memorysetup-temp-allocator-size-nav-mesh-worker=65536"
    "memorysetup-temp-allocator-size-audio-worker=65536"
    "memorysetup-temp-allocator-size-cloud-worker=32768"
    "memorysetup-temp-allocator-size-gi-baking-worker=262144"
    "memorysetup-temp-allocator-size-gfx=262144"
Refreshing native plugins compatible for Editor in 159.11 ms, found 2 plugins.
Preloading 0 native plugins for Editor in 0.00 ms.
Initialize engine version: 2021.3.5f1 (40eb3a945986)
[Subsystems] Discovering subsystems at path /Applications/Unity/Hub/Editor/2021.3.5f1/Unity.app/Contents/Resources/UnitySubsystems
[Subsystems] Discovering subsystems at path /Users/bsmith/code/zaroff/project_CAR/project_CAR/Assets
GfxDevice: creating device client; threaded=0; jobified=0
BenQ EW3270U preferred device: AMD Radeon Pro 5500M (high power)
Metal devices available: 2
0: AMD Radeon Pro 5500M (high power)
1: Intel(R) UHD Graphics 630 (low power)
Using device AMD Radeon Pro 5500M (high power)
Initializing Metal device caps: AMD Radeon Pro 5500M
Initialize mono
Mono path[0] = '/Applications/Unity/Hub/Editor/2021.3.5f1/Unity.app/Contents/Managed'
Mono path[1] = '/Applications/Unity/Hub/Editor/2021.3.5f1/Unity.app/Contents/MonoBleedingEdge/lib/mono/unityjit-macos'
Mono config path = '/Applications/Unity/Hub/Editor/2021.3.5f1/Unity.app/Contents/MonoBleedingEdge/etc'
Using monoOptions --debugger-agent=transport=dt_socket,embedding=1,server=y,suspend=n,address=127.0.0.1:56687
Begin MonoManager ReloadAssembly
Registering precompiled unity dll's ...
Register platform support module: /Applications/Unity/Hub/Editor/2021.3.5f1/PlaybackEngines/WebGLSupport/UnityEditor.WebGL.Extensions.dll
Register platform support module: /Applications/Unity/Hub/Editor/2021.3.5f1/Unity.app/Contents/PlaybackEngines/MacStandaloneSupport/UnityEditor.OSXStandalone.Extensions.dll
Register platform support module: /Applications/Unity/Hub/Editor/2021.3.5f1/PlaybackEngines/AndroidPlayer/UnityEditor.Android.Extensions.dll
Register platform support module: /Applications/Unity/Hub/Editor/2021.3.5f1/PlaybackEngines/iOSSupport/UnityEditor.iOS.Extensions.dll
Register platform support module: /Applications/Unity/Hub/Editor/2021.3.5f1/PlaybackEngines/WindowsStandaloneSupport/UnityEditor.WindowsStandalone.Extensions.dll
Registered in 0.007275 seconds.
Native extension for WindowsStandalone target not found
[usbmuxd] Start listen thread
[usbmuxd] Listen thread started
[usbmuxd] Send listen message
Native extension for iOS target not found
Native extension for Android target not found
Native extension for OSXStandalone target not found
Native extension for WebGL target not found
Refreshing native plugins compatible for Editor in 132.36 ms, found 2 plugins.
Preloading 0 native plugins for Editor in 0.00 ms.
Mono: successfully reloaded assembly
- Completed reload, in  1.006 seconds
Domain Reload Profiling:
	ReloadAssembly (1007ms)
		BeginReloadAssembly (116ms)
			ExecutionOrderSort (0ms)
			DisableScriptedObjects (0ms)
			BackupInstance (0ms)
			ReleaseScriptingObjects (0ms)
			CreateAndSetChildDomain (1ms)
		EndReloadAssembly (735ms)
			LoadAssemblies (122ms)
			RebuildTransferFunctionScriptingTraits (0ms)
			SetupTypeCache (168ms)
			ReleaseScriptCaches (0ms)
			RebuildScriptCaches (40ms)
			SetupLoadedEditorAssemblies (461ms)
				LogAssemblyErrors (0ms)
				InitializePlatformSupportModulesInManaged (187ms)
				SetLoadedEditorAssemblies (0ms)
				RefreshPlugins (132ms)
				BeforeProcessingInitializeOnLoad (1ms)
				ProcessInitializeOnLoadAttributes (95ms)
				ProcessInitializeOnLoadMethodAttributes (45ms)
				AfterProcessingInitializeOnLoad (0ms)
				EditorAssembliesLoaded (0ms)
			ExecutionOrderSort2 (0ms)
			AwakeInstancesAfterBackupRestoration (0ms)
Platform modules already initialized, skipping
Registering precompiled user dll's ...
Registered in 0.003332 seconds.
Begin MonoManager ReloadAssembly
Symbol file LoadedFromMemory doesn't match image /Users/bsmith/code/zaroff/project_CAR/project_CAR/Library/PackageCache/com.unity.visualscripting@1.7.8/Editor/VisualScripting.Core/Dependencies/YamlDotNet/Unity.VisualScripting.YamlDotNet.dll
Symbol file LoadedFromMemory doesn't match image /Users/bsmith/code/zaroff/project_CAR/project_CAR/Library/PackageCache/com.unity.visualscripting@1.7.8/Editor/VisualScripting.Core/Dependencies/DotNetZip/Unity.VisualScripting.IonicZip.dll
Native extension for WindowsStandalone target not found
Native extension for iOS target not found
Native extension for Android target not found
Native extension for OSXStandalone target not found
Native extension for WebGL target not found
Refreshing native plugins compatible for Editor in 125.10 ms, found 2 plugins.
Preloading 0 native plugins for Editor in 0.00 ms.
Mono: successfully reloaded assembly
- Completed reload, in  1.885 seconds
Domain Reload Profiling:
	ReloadAssembly (1886ms)
		BeginReloadAssembly (235ms)
			ExecutionOrderSort (0ms)
			DisableScriptedObjects (6ms)
			BackupInstance (0ms)
			ReleaseScriptingObjects (0ms)
			CreateAndSetChildDomain (144ms)
		EndReloadAssembly (1493ms)
			LoadAssemblies (139ms)
			RebuildTransferFunctionScriptingTraits (0ms)
			SetupTypeCache (415ms)
			ReleaseScriptCaches (6ms)
			RebuildScriptCaches (120ms)
			SetupLoadedEditorAssemblies (754ms)
				LogAssemblyErrors (0ms)
				InitializePlatformSupportModulesInManaged (30ms)
				SetLoadedEditorAssemblies (0ms)
				RefreshPlugins (125ms)
				BeforeProcessingInitializeOnLoad (135ms)
				ProcessInitializeOnLoadAttributes (371ms)
				ProcessInitializeOnLoadMethodAttributes (90ms)
				AfterProcessingInitializeOnLoad (2ms)
				EditorAssembliesLoaded (0ms)
			ExecutionOrderSort2 (0ms)
			AwakeInstancesAfterBackupRestoration (3ms)
Platform modules already initialized, skipping
========================================================================
Worker process is ready to serve import requests
Launching external process: /Applications/Unity/Hub/Editor/2021.3.5f1/Unity.app/Contents/Tools/UnityShaderCompiler
Launched and connected shader compiler UnityShaderCompiler after 0.08 seconds
Refreshing native plugins compatible for Editor in 1.23 ms, found 2 plugins.
Preloading 0 native plugins for Editor in 0.00 ms.
Unloading 5281 Unused Serialized files (Serialized files now loaded: 0)
Unloading 35 unused Assets / (65.5 KB). Loaded Objects now: 5781.
Memory consumption went from 166.0 MB to 165.9 MB.
Total: 4.411563 ms (FindLiveObjects: 0.409083 ms CreateObjectMapping: 0.375394 ms MarkObjects: 3.484774 ms  DeleteObjects: 0.141460 ms)

AssetImportParameters requested are different than current active one (requested -> active):
  custom:video-decoder-ogg-theora: a1e56fd34408186e4bbccfd4996cb3dc -> 
  custom:container-muxer-webm: aa71ff27fc2769a1b78a27578f13a17b -> 
  custom:container-demuxer-webm: 4f35f7cbe854078d1ac9338744f61a02 -> 
  custom:video-encoder-webm-vp8: eb34c28f22e8b96e1ab97ce403110664 -> 
  custom:framework-osx-AVFoundation: e770b220cccbd017edd2c1fefb359320 -> 
  custom:audio-encoder-webm-vorbis: bf7c407c2cedff20999df2af8eb42d56 -> 
  custom:container-demuxer-ogg: 62fdf1f143b41e24485cea50d1cbac27 -> 
  custom:video-decoder-webm-vp8: 9c59270c3fd7afecdb556c50c9e8de78 -> 
  custom:audio-decoder-ogg-vorbis: bf7c407c2cedff20999df2af8eb42d56 -> 
========================================================================
Received Import Request.
  Time since last request: 1361.499157 seconds.
  path: Assets/Res/Cars/AE_CARS/SAMOCHODY/Car_30/FBX/Materials/Body_D_30__skull_png.mat
  artifactKey: Guid(75e288778dfddd24a8332b3308f4fa0d) Importer(815301076,1909f56bfc062723c751e8b465ee728b)
Start importing Assets/Res/Cars/AE_CARS/SAMOCHODY/Car_30/FBX/Materials/Body_D_30__skull_png.mat using Guid(75e288778dfddd24a8332b3308f4fa0d) Importer(815301076,1909f56bfc062723c751e8b465ee728b)  -> (artifact id: '4da5d5eeb10f7126b1e2798dce8f8bfa') in 0.223671 seconds 
========================================================================
Received Import Request.
  Time since last request: 2.463094 seconds.
  path: Assets/RacingGameStarterKit/Source/Models/Driver/Default/Materials/DefaultAvatar-body.mat
  artifactKey: Guid(c46b61d8956ccde45ae8a78ee57c2739) Importer(815301076,1909f56bfc062723c751e8b465ee728b)
Start importing Assets/RacingGameStarterKit/Source/Models/Driver/Default/Materials/DefaultAvatar-body.mat using Guid(c46b61d8956ccde45ae8a78ee57c2739) Importer(815301076,1909f56bfc062723c751e8b465ee728b)  -> (artifact id: '41bad95fc22f38a3f81c51178ea1186f') in 0.071122 seconds 
========================================================================
Received Import Request.
  Time since last request: 0.046567 seconds.
  path: Assets/RacingGameStarterKit/Source/Models/Driver/Default/Materials/eyes_color_map.mat
  artifactKey: Guid(5a61211467db89a488aa73bb75687b9b) Importer(815301076,1909f56bfc062723c751e8b465ee728b)
Start importing Assets/RacingGameStarterKit/Source/Models/Driver/Default/Materials/eyes_color_map.mat using Guid(5a61211467db89a488aa73bb75687b9b) Importer(815301076,1909f56bfc062723c751e8b465ee728b)  -> (artifact id: 'c46df6e462c288fa1bb7c3a68d02646c') in 0.027532 seconds 
========================================================================
Received Import Request.
  Time since last request: 0.000086 seconds.
  path: Packages/com.unity.searcher/Editor/Resources/FlatSkin/Font/Roboto-Bold.ttf
  artifactKey: Guid(3750c318f40cab44a97d3a81beaefeb3) Importer(815301076,1909f56bfc062723c751e8b465ee728b)
Start importing Packages/com.unity.searcher/Editor/Resources/FlatSkin/Font/Roboto-Bold.ttf using Guid(3750c318f40cab44a97d3a81beaefeb3) Importer(815301076,1909f56bfc062723c751e8b465ee728b)  -> (artifact id: '4b75e623f38a2bf8d53962ef42d97648') in 1.473872 seconds 
========================================================================
Received Import Request.
  Time since last request: 0.000059 seconds.
  path: Assets/US Racing Cars/Art/3D/Enviroment/Garage/Materials/garage stand texture 2.mat
  artifactKey: Guid(ef73eb444cf0d4dc7a83c6d52731a34a) Importer(815301076,1909f56bfc062723c751e8b465ee728b)
Start importing Assets/US Racing Cars/Art/3D/Enviroment/Garage/Materials/garage stand texture 2.mat using Guid(ef73eb444cf0d4dc7a83c6d52731a34a) Importer(815301076,1909f56bfc062723c751e8b465ee728b)  -> (artifact id: '02dfd59aaee0b7dd540220c3e31bc24d') in 0.056333 seconds 
========================================================================
Received Import Request.
  Time since last request: 0.000072 seconds.
  path: Assets/US Racing Cars/Art/3D/Enviroment/Garage/Materials/garage props texture.mat
  artifactKey: Guid(58d5243e0aa594515a8e0e6ff816e007) Importer(815301076,1909f56bfc062723c751e8b465ee728b)
Start importing Assets/US Racing Cars/Art/3D/Enviroment/Garage/Materials/garage props texture.mat using Guid(58d5243e0aa594515a8e0e6ff816e007) Importer(815301076,1909f56bfc062723c751e8b465ee728b)  -> (artifact id: 'c70d517ca4b683de2b20f5f373349055') in 0.011653 seconds 
========================================================================
Received Import Request.
  Time since last request: 0.000065 seconds.
  path: Assets/US Racing Cars/Art/3D/Enviroment/Garage/Materials/garage wall texture 2.mat
  artifactKey: Guid(e24c2af8625864ae7b625bfe2aeabe5d) Importer(815301076,1909f56bfc062723c751e8b465ee728b)
Start importing Assets/US Racing Cars/Art/3D/Enviroment/Garage/Materials/garage wall texture 2.mat using Guid(e24c2af8625864ae7b625bfe2aeabe5d) Importer(815301076,1909f56bfc062723c751e8b465ee728b)  -> (artifact id: '7b43274680606f1ac2d11a0ac26483b7') in 0.010210 seconds 
========================================================================
Received Import Request.
  Time since last request: 0.000102 seconds.
  path: Packages/com.unity.searcher/Editor/Resources/FlatSkin/Font/Roboto-Medium.ttf
  artifactKey: Guid(a51a3aebb43ac044989270407476b208) Importer(815301076,1909f56bfc062723c751e8b465ee728b)
Start importing Packages/com.unity.searcher/Editor/Resources/FlatSkin/Font/Roboto-Medium.ttf using Guid(a51a3aebb43ac044989270407476b208) Importer(815301076,1909f56bfc062723c751e8b465ee728b)  -> (artifact id: '46682079face997b7761f7b709257e2d') in 0.018204 seconds 
========================================================================
Received Import Request.
  Time since last request: 0.000072 seconds.
  path: Packages/com.unity.searcher/Editor/Resources/FlatSkin/Font/Roboto-Light.ttf
  artifactKey: Guid(2a29e27936eb547458f646f71125b264) Importer(815301076,1909f56bfc062723c751e8b465ee728b)
Start importing Packages/com.unity.searcher/Editor/Resources/FlatSkin/Font/Roboto-Light.ttf using Guid(2a29e27936eb547458f646f71125b264) Importer(815301076,1909f56bfc062723c751e8b465ee728b)  -> (artifact id: '255c5875e84fa2da3a654515df0c97f8') in 0.018484 seconds 
========================================================================
Received Import Request.
  Time since last request: 1.208508 seconds.
  path: Assets/Photon/PhotonUnityNetworking/Demos/Shared Assets/Materials/Gradient.mat
  artifactKey: Guid(32e7ed8e6b80b884bbed8260b788648b) Importer(815301076,1909f56bfc062723c751e8b465ee728b)
Start importing Assets/Photon/PhotonUnityNetworking/Demos/Shared Assets/Materials/Gradient.mat using Guid(32e7ed8e6b80b884bbed8260b788648b) Importer(815301076,1909f56bfc062723c751e8b465ee728b)  -> (artifact id: '4afa67d464f4b3e9da56190273c517db') in 0.011337 seconds 
========================================================================
Received Import Request.
  Time since last request: 0.016402 seconds.
  path: Assets/Res/Cars/AE_CARS/SAMOCHODY/Car_23/Car_23_Interior_C/Materials/Interior_C.mat
  artifactKey: Guid(289c12a402cb4524a9c891b629f97a8e) Importer(815301076,1909f56bfc062723c751e8b465ee728b)
Start importing Assets/Res/Cars/AE_CARS/SAMOCHODY/Car_23/Car_23_Interior_C/Materials/Interior_C.mat using Guid(289c12a402cb4524a9c891b629f97a8e) Importer(815301076,1909f56bfc062723c751e8b465ee728b)  -> (artifact id: 'bca4693b114d151d18f10fc4e239ef7c') in 0.012554 seconds 
========================================================================
Received Import Request.
  Time since last request: 0.000089 seconds.
  path: Assets/Photon/PhotonUnityNetworking/Demos/Shared Assets/Skin/Jura-Flat-Material.mat
  artifactKey: Guid(c190da5d14d0e904ba512abe82018576) Importer(815301076,1909f56bfc062723c751e8b465ee728b)
Start importing Assets/Photon/PhotonUnityNetworking/Demos/Shared Assets/Skin/Jura-Flat-Material.mat using Guid(c190da5d14d0e904ba512abe82018576) Importer(815301076,1909f56bfc062723c751e8b465ee728b)  -> (artifact id: '41ffdb9fc0a0410a1d6a8a6867662d0e') in 0.034935 seconds 
========================================================================
Received Import Request.
  Time since last request: 0.012032 seconds.
  path: Assets/Res/Cars/AE_CARS/SAMOCHODY/Car_23/FBX/Materials/Lights_17_24.mat
  artifactKey: Guid(43f539b114caaee4e913b911a6aa1162) Importer(815301076,1909f56bfc062723c751e8b465ee728b)
Start importing Assets/Res/Cars/AE_CARS/SAMOCHODY/Car_23/FBX/Materials/Lights_17_24.mat using Guid(43f539b114caaee4e913b911a6aa1162) Importer(815301076,1909f56bfc062723c751e8b465ee728b)  -> (artifact id: '6795378e1247492803b0f28e383c5e46') in 0.014507 seconds 
========================================================================
Received Import Request.
  Time since last request: 0.000076 seconds.
  path: Assets/Touring Car Pack/Materials/Pass/M_Banner.mat
  artifactKey: Guid(752b6b3fb4da6484f8fa312569696bac) Importer(815301076,1909f56bfc062723c751e8b465ee728b)
Start importing Assets/Touring Car Pack/Materials/Pass/M_Banner.mat using Guid(752b6b3fb4da6484f8fa312569696bac) Importer(815301076,1909f56bfc062723c751e8b465ee728b)  -> (artifact id: '1f6a8ae800c80017d7db14c3edf737a5') in 0.011288 seconds 
========================================================================
Received Import Request.
  Time since last request: 0.000074 seconds.
  path: Assets/Touring Car Pack/Materials/Chev/M_Banner.mat
  artifactKey: Guid(d0e5234c3b0bdd047b38624f1008885e) Importer(815301076,1909f56bfc062723c751e8b465ee728b)
Start importing Assets/Touring Car Pack/Materials/Chev/M_Banner.mat using Guid(d0e5234c3b0bdd047b38624f1008885e) Importer(815301076,1909f56bfc062723c751e8b465ee728b)  -> (artifact id: 'c5e4c2edb293c09e327786ffcde36d03') in 0.015096 seconds 
========================================================================
Received Import Request.
  Time since last request: 0.000097 seconds.
  path: Assets/Res/Cars/AE_CARS/SAMOCHODY/Car_26/FBX/Materials/Lights_25_32.mat
  artifactKey: Guid(6bb226e83582bc8438e86f2350fe589e) Importer(815301076,1909f56bfc062723c751e8b465ee728b)
Start importing Assets/Res/Cars/AE_CARS/SAMOCHODY/Car_26/FBX/Materials/Lights_25_32.mat using Guid(6bb226e83582bc8438e86f2350fe589e) Importer(815301076,1909f56bfc062723c751e8b465ee728b)  -> (artifact id: '2cedb0e02e588ace4f5d460b5663644c') in 0.009913 seconds 
========================================================================
Received Import Request.
  Time since last request: 1.058603 seconds.
  path: Assets/Touring Car Pack/Materials/Common/M_brackedisk.mat
  artifactKey: Guid(ab7884a6b8c6ea244aceed0a71709c7f) Importer(815301076,1909f56bfc062723c751e8b465ee728b)
Start importing Assets/Touring Car Pack/Materials/Common/M_brackedisk.mat using Guid(ab7884a6b8c6ea244aceed0a71709c7f) Importer(815301076,1909f56bfc062723c751e8b465ee728b)  -> (artifact id: '86f83786b18742306bceea73582b72b0') in 0.019837 seconds 
========================================================================
Received Import Request.
  Time since last request: 0.000058 seconds.
  path: Assets/Touring Car Pack/Materials/Pass/M_Carbody17.mat
  artifactKey: Guid(11507bdaf34032042a83e0ba05a7aa55) Importer(815301076,1909f56bfc062723c751e8b465ee728b)
Start importing Assets/Touring Car Pack/Materials/Pass/M_Carbody17.mat using Guid(11507bdaf34032042a83e0ba05a7aa55) Importer(815301076,1909f56bfc062723c751e8b465ee728b)  -> (artifact id: 'e3106ec60abb8ec668c27d4a07c04a6c') in 0.257750 seconds 
========================================================================
Received Import Request.
  Time since last request: 0.000126 seconds.
  path: Assets/Touring Car Pack/Materials/Pass/M_Interior.mat
  artifactKey: Guid(1b0d8dafbe6742f4280f0193daf17dcc) Importer(815301076,1909f56bfc062723c751e8b465ee728b)
Start importing Assets/Touring Car Pack/Materials/Pass/M_Interior.mat using Guid(1b0d8dafbe6742f4280f0193daf17dcc) Importer(815301076,1909f56bfc062723c751e8b465ee728b)  -> (artifact id: '88e5b79337aa1472f7e0a836e4236e46') in 0.010864 seconds 
========================================================================
Received Import Request.
  Time since last request: 0.000058 seconds.
  path: Assets/Touring Car Pack/Materials/Mond/M_Optica.mat
  artifactKey: Guid(39ceb41db46f72645896fb4763c7f1db) Importer(815301076,1909f56bfc062723c751e8b465ee728b)
Start importing Assets/Touring Car Pack/Materials/Mond/M_Optica.mat using Guid(39ceb41db46f72645896fb4763c7f1db) Importer(815301076,1909f56bfc062723c751e8b465ee728b)  -> (artifact id: '7243448acaaa5fd5d5dc5e465c602f5f') in 0.012801 seconds 
========================================================================
Received Import Request.
  Time since last request: 0.000113 seconds.
  path: Assets/Touring Car Pack/Materials/Chev/M_Carbody666.mat
  artifactKey: Guid(845c7d99a63b73742b652fce7bf10499) Importer(815301076,1909f56bfc062723c751e8b465ee728b)
Start importing Assets/Touring Car Pack/Materials/Chev/M_Carbody666.mat using Guid(845c7d99a63b73742b652fce7bf10499) Importer(815301076,1909f56bfc062723c751e8b465ee728b)  -> (artifact id: '03769f3fe949f164d755d781f4711f3b') in 0.014869 seconds 
========================================================================
Received Import Request.
  Time since last request: 0.000072 seconds.
  path: Assets/Touring Car Pack/Materials/Pass/M_Grill.mat
  artifactKey: Guid(2c87c85651821c84caccf28f6cf47ebe) Importer(815301076,1909f56bfc062723c751e8b465ee728b)
Start importing Assets/Touring Car Pack/Materials/Pass/M_Grill.mat using Guid(2c87c85651821c84caccf28f6cf47ebe) Importer(815301076,1909f56bfc062723c751e8b465ee728b)  -> (artifact id: 'b15ce9b0f030e6c8ac7f5bbec8b461a4') in 0.011601 seconds 
========================================================================
Received Import Request.
  Time since last request: 0.000107 seconds.
  path: Assets/Touring Car Pack/Materials/Chev/M_Carbody130.mat
  artifactKey: Guid(5fbcae4d97fc2d04fac971b68503708a) Importer(815301076,1909f56bfc062723c751e8b465ee728b)
Start importing Assets/Touring Car Pack/Materials/Chev/M_Carbody130.mat using Guid(5fbcae4d97fc2d04fac971b68503708a) Importer(815301076,1909f56bfc062723c751e8b465ee728b)  -> (artifact id: 'b56e69b147dae0f2cb009e4c1c31e3cb') in 0.011210 seconds 
========================================================================
Received Import Request.
  Time since last request: 0.000131 seconds.
  path: Assets/Touring Car Pack/Materials/Chev/M_Carbody260.mat
  artifactKey: Guid(d8cc7b79a04175b40b0f57a1f86cc01d) Importer(815301076,1909f56bfc062723c751e8b465ee728b)
Start importing Assets/Touring Car Pack/Materials/Chev/M_Carbody260.mat using Guid(d8cc7b79a04175b40b0f57a1f86cc01d) Importer(815301076,1909f56bfc062723c751e8b465ee728b)  -> (artifact id: '8792bce1837eb6c36343f4d2786547bb') in 0.011864 seconds 
========================================================================
Received Import Request.
  Time since last request: 0.000075 seconds.
  path: Assets/Touring Car Pack/Materials/Pass/M_Cockpit.mat
  artifactKey: Guid(d3d2ca5b6867e2a46a0e5a67ff6374d5) Importer(815301076,1909f56bfc062723c751e8b465ee728b)
Start importing Assets/Touring Car Pack/Materials/Pass/M_Cockpit.mat using Guid(d3d2ca5b6867e2a46a0e5a67ff6374d5) Importer(815301076,1909f56bfc062723c751e8b465ee728b)  -> (artifact id: '65de56f5fa6cc3ded4a489ee47f8438c') in 0.011830 seconds 
========================================================================
Received Import Request.
  Time since last request: 0.000073 seconds.
  path: Assets/Touring Car Pack/Materials/Chev/M_Interior.mat
  artifactKey: Guid(eda3a7d8c7943554da3ccf4933f17a7d) Importer(815301076,1909f56bfc062723c751e8b465ee728b)
Start importing Assets/Touring Car Pack/Materials/Chev/M_Interior.mat using Guid(eda3a7d8c7943554da3ccf4933f17a7d) Importer(815301076,1909f56bfc062723c751e8b465ee728b)  -> (artifact id: 'fa9b37ca08202cc4f53e7a4a8701fdca') in 0.010549 seconds 
========================================================================
Received Import Request.
  Time since last request: 0.880949 seconds.
  path: Assets/Touring Car Pack/Materials/Pass/M_Opticas_Del.mat
  artifactKey: Guid(8bf9006767613be4aa8c7663cc7b22ac) Importer(815301076,1909f56bfc062723c751e8b465ee728b)
Start importing Assets/Touring Car Pack/Materials/Pass/M_Opticas_Del.mat using Guid(8bf9006767613be4aa8c7663cc7b22ac) Importer(815301076,1909f56bfc062723c751e8b465ee728b)  -> (artifact id: '56c3660a953ea61c148d1ac4306b4387') in 0.020815 seconds 
========================================================================
Received Import Request.
  Time since last request: 0.000086 seconds.
  path: Assets/Touring Car Pack/Materials/Common/M_Rim2.mat
  artifactKey: Guid(835af0cde1c93ec49ba9da688bf486dd) Importer(815301076,1909f56bfc062723c751e8b465ee728b)
Start importing Assets/Touring Car Pack/Materials/Common/M_Rim2.mat using Guid(835af0cde1c93ec49ba9da688bf486dd) Importer(815301076,1909f56bfc062723c751e8b465ee728b)  -> (artifact id: 'a2a51f6c2081f58383213e835f39ec95') in 0.014774 seconds 
========================================================================
Received Import Request.
  Time since last request: 0.032081 seconds.
  path: Assets/Touring Car Pack/Materials/Common/M_tread.mat
  artifactKey: Guid(4698249be2d3e274a88644b8a9bd1a91) Importer(815301076,1909f56bfc062723c751e8b465ee728b)
Start importing Assets/Touring Car Pack/Materials/Common/M_tread.mat using Guid(4698249be2d3e274a88644b8a9bd1a91) Importer(815301076,1909f56bfc062723c751e8b465ee728b)  -> (artifact id: '18174afca0458ddb28953c353d24fc3b') in 0.150831 seconds 
========================================================================
Received Import Request.
  Time since last request: 0.000062 seconds.
  path: Assets/US Racing Cars/Art/3D/Cars/Black car/Materials/Material #25.mat
  artifactKey: Guid(9b8278fcae5a64b16a91735598e22369) Importer(815301076,1909f56bfc062723c751e8b465ee728b)
Start importing Assets/US Racing Cars/Art/3D/Cars/Black car/Materials/Material #25.mat using Guid(9b8278fcae5a64b16a91735598e22369) Importer(815301076,1909f56bfc062723c751e8b465ee728b)  -> (artifact id: '5733928250e30510481368f37cc2b199') in 0.013217 seconds 
========================================================================
Received Import Request.
  Time since last request: 0.000056 seconds.
  path: Assets/Racing Tracks/Modern City/Model/Track 01.FBX
  artifactKey: Guid(7e80462f54dfa3c4e8dd92037291f12b) Importer(815301076,1909f56bfc062723c751e8b465ee728b)
Start importing Assets/Racing Tracks/Modern City/Model/Track 01.FBX using Guid(7e80462f54dfa3c4e8dd92037291f12b) Importer(815301076,1909f56bfc062723c751e8b465ee728b)  -> (artifact id: '90a5d960f03b41ae1093252cee4ed093') in 0.399165 seconds 
========================================================================
Received Import Request.
  Time since last request: 0.221708 seconds.
  path: Assets/Res/Cars/AE_CARS/SAMOCHODY/Car_21/FBX/Materials/Matte_21.mat
  artifactKey: Guid(c90c2c30c966e8b4ea1b86756e045046) Importer(815301076,1909f56bfc062723c751e8b465ee728b)
Start importing Assets/Res/Cars/AE_CARS/SAMOCHODY/Car_21/FBX/Materials/Matte_21.mat using Guid(c90c2c30c966e8b4ea1b86756e045046) Importer(815301076,1909f56bfc062723c751e8b465ee728b)  -> (artifact id: '5bddfb3dadd82d4fbcc90a0b58893d8c') in 0.031860 seconds 
========================================================================
Received Import Request.
  Time since last request: 0.624579 seconds.
  path: Assets/Res/Cars/AE_CARS/SAMOCHODY/Car_22/FBX/Materials/Matte_D_22.mat
  artifactKey: Guid(a8703fc69e4e6fe4299b614ced3af72a) Importer(815301076,1909f56bfc062723c751e8b465ee728b)
Start importing Assets/Res/Cars/AE_CARS/SAMOCHODY/Car_22/FBX/Materials/Matte_D_22.mat using Guid(a8703fc69e4e6fe4299b614ced3af72a) Importer(815301076,1909f56bfc062723c751e8b465ee728b)  -> (artifact id: '50d7eb9a8e1de734efaed018158b429e') in 0.169318 seconds 
========================================================================
Received Import Request.
  Time since last request: 0.929629 seconds.
  path: Assets/RacingGameStarterKit/Source/Materials/Tree_Bark.mat
  artifactKey: Guid(995c1aa6794c72e47ad5f8a0ab4ce3d1) Importer(815301076,1909f56bfc062723c751e8b465ee728b)
Start importing Assets/RacingGameStarterKit/Source/Materials/Tree_Bark.mat using Guid(995c1aa6794c72e47ad5f8a0ab4ce3d1) Importer(815301076,1909f56bfc062723c751e8b465ee728b)  -> (artifact id: '806fb59ed8688579f54ef9c324d5e47e') in 0.061779 seconds 
========================================================================
Received Import Request.
  Time since last request: 0.594506 seconds.
  path: Assets/Photon/PhotonUnityNetworking/Demos/Shared Assets/Materials/UnitTextureRed.mat
  artifactKey: Guid(4c506c95d32f3494e9453ef5c0124b0e) Importer(815301076,1909f56bfc062723c751e8b465ee728b)
Start importing Assets/Photon/PhotonUnityNetworking/Demos/Shared Assets/Materials/UnitTextureRed.mat using Guid(4c506c95d32f3494e9453ef5c0124b0e) Importer(815301076,1909f56bfc062723c751e8b465ee728b)  -> (artifact id: '11c43ae74adbd948e3998909c67cdcb6') in 0.025362 seconds 
========================================================================
Received Import Request.
  Time since last request: 0.000091 seconds.
  path: Assets/Res/Cars/AE_CARS/SAMOCHODY/Car_22/FBX/Materials/Wheel_D_22.mat
  artifactKey: Guid(95ce64d9a8062b84b8ece342acb70186) Importer(815301076,1909f56bfc062723c751e8b465ee728b)
Start importing Assets/Res/Cars/AE_CARS/SAMOCHODY/Car_22/FBX/Materials/Wheel_D_22.mat using Guid(95ce64d9a8062b84b8ece342acb70186) Importer(815301076,1909f56bfc062723c751e8b465ee728b)  -> (artifact id: '1f35ed5886b1ba92069941d3d40d1da1') in 0.012469 seconds 
========================================================================
Received Import Request.
  Time since last request: 0.059354 seconds.
  path: Assets/Res/Cars/AE_CARS/SAMOCHODY/Car_23/FBX/Materials/Wheel_D_23.mat
  artifactKey: Guid(7a1f20c79b5288b4cb52e2eea7bd9e6f) Importer(815301076,1909f56bfc062723c751e8b465ee728b)
Start importing Assets/Res/Cars/AE_CARS/SAMOCHODY/Car_23/FBX/Materials/Wheel_D_23.mat using Guid(7a1f20c79b5288b4cb52e2eea7bd9e6f) Importer(815301076,1909f56bfc062723c751e8b465ee728b)  -> (artifact id: '9341ba3c177b788ca7a43fee5b901ebe') in 0.017924 seconds 
========================================================================
Received Import Request.
  Time since last request: 0.000098 seconds.
  path: Assets/Res/Cars/AE_CARS/SAMOCHODY/Car_28/LOD/Materials/Wheel_D_28.mat
  artifactKey: Guid(3128e91a6d92bbf4e886c8b2e89df758) Importer(815301076,1909f56bfc062723c751e8b465ee728b)
Start importing Assets/Res/Cars/AE_CARS/SAMOCHODY/Car_28/LOD/Materials/Wheel_D_28.mat using Guid(3128e91a6d92bbf4e886c8b2e89df758) Importer(815301076,1909f56bfc062723c751e8b465ee728b)  -> (artifact id: '071a970ff7bffceb024aa07a50b61de3') in 0.013580 seconds 
========================================================================
Received Import Request.
  Time since last request: 0.000123 seconds.
  path: Assets/US Racing Cars/Art/3D/Cars/White car/Materials/White car_Breaks.mat
  artifactKey: Guid(241eb3e4c66bf42edb5230603f70e0b7) Importer(815301076,1909f56bfc062723c751e8b465ee728b)
Start importing Assets/US Racing Cars/Art/3D/Cars/White car/Materials/White car_Breaks.mat using Guid(241eb3e4c66bf42edb5230603f70e0b7) Importer(815301076,1909f56bfc062723c751e8b465ee728b)  -> (artifact id: 'af2e52c5c3d594d9220c856fd62f7b2b') in 0.020532 seconds 
========================================================================
Received Import Request.
  Time since last request: 0.000111 seconds.
  path: Assets/US Racing Cars/Art/3D/Cars/White car/Materials/White car_Tires.mat
  artifactKey: Guid(20250f33dda3349dbac11358f383c6d4) Importer(815301076,1909f56bfc062723c751e8b465ee728b)
Start importing Assets/US Racing Cars/Art/3D/Cars/White car/Materials/White car_Tires.mat using Guid(20250f33dda3349dbac11358f383c6d4) Importer(815301076,1909f56bfc062723c751e8b465ee728b)  -> (artifact id: 'de90cd4982375a5ea66a50d7346f6d79') in 0.018311 seconds 
========================================================================
Received Import Request.
  Time since last request: 0.000070 seconds.
  path: Assets/Res/Cars/AE_CARS/SAMOCHODY/Car_29/FBX/Materials/Wheel_D_29.mat
  artifactKey: Guid(6ba2f9aa316bb2048af1a4f4d929d870) Importer(815301076,1909f56bfc062723c751e8b465ee728b)
Start importing Assets/Res/Cars/AE_CARS/SAMOCHODY/Car_29/FBX/Materials/Wheel_D_29.mat using Guid(6ba2f9aa316bb2048af1a4f4d929d870) Importer(815301076,1909f56bfc062723c751e8b465ee728b)  -> (artifact id: '46cfb96eb5b79469768c3271fb543936') in 0.014263 seconds 
========================================================================
Received Import Request.
  Time since last request: 0.466855 seconds.
  path: Assets/US Racing Cars/Art/3D/Cars/Yellow muscle car/Materials/Yellow muscle car_Body.mat
  artifactKey: Guid(474d10759109d43eea897683a8d888a0) Importer(815301076,1909f56bfc062723c751e8b465ee728b)
Start importing Assets/US Racing Cars/Art/3D/Cars/Yellow muscle car/Materials/Yellow muscle car_Body.mat using Guid(474d10759109d43eea897683a8d888a0) Importer(815301076,1909f56bfc062723c751e8b465ee728b)  -> (artifact id: 'bb294a7fe9ae9bbe223fecebc12b154c') in 0.027950 seconds 
========================================================================
Received Import Request.
  Time since last request: 0.000086 seconds.
  path: Assets/US Racing Cars/Art/3D/Cars/Yellow muscle car/Materials/Yellow muscle car_Tiers.mat
  artifactKey: Guid(88c2006c9928a48e392ba2f1c4fa01d5) Importer(815301076,1909f56bfc062723c751e8b465ee728b)
Start importing Assets/US Racing Cars/Art/3D/Cars/Yellow muscle car/Materials/Yellow muscle car_Tiers.mat using Guid(88c2006c9928a48e392ba2f1c4fa01d5) Importer(815301076,1909f56bfc062723c751e8b465ee728b)  -> (artifact id: '0617a46cc71821c667bf42e38dc48555') in 0.016438 seconds 
Editor requested this worker to shutdown with reason: Scaling down because of idle timeout
AssetImportWorker is now disconnected from the server
Process exiting
