Unity Editor version:    2021.3.5f1 (40eb3a945986)
Branch:                  2021.3/staging
Build type:              Release
Batch mode:              YES
macOS version:           Version 13.0.1 (Build 22A400)
Darwin version:          22.1.0
Architecture:            x86_64
Running under Rosetta:   NO
Available memory:        16384 MB
Using pre-set license
Pro License: YES

COMMAND LINE ARGUMENTS:
/Applications/Unity/Hub/Editor/2021.3.5f1/Unity.app/Contents/MacOS/Unity
-adb2
-batchMode
-noUpm
-name
AssetImportWorker19
-projectPath
/Users/bsmith/code/zaroff/project_CAR/project_CAR
-logFile
Logs/AssetImportWorker19.log
-srvPort
50133
Successfully changed project path to: /Users/bsmith/code/zaroff/project_CAR/project_CAR
/Users/bsmith/code/zaroff/project_CAR/project_CAR
[UnityMemory] Configuration Parameters - Can be set up in boot.config
    "memorysetup-bucket-allocator-granularity=16"
    "memorysetup-bucket-allocator-bucket-count=8"
    "memorysetup-bucket-allocator-block-size=33554432"
    "memorysetup-bucket-allocator-block-count=8"
    "memorysetup-main-allocator-block-size=16777216"
    "memorysetup-thread-allocator-block-size=16777216"
    "memorysetup-gfx-main-allocator-block-size=16777216"
    "memorysetup-gfx-thread-allocator-block-size=16777216"
    "memorysetup-cache-allocator-block-size=4194304"
    "memorysetup-typetree-allocator-block-size=2097152"
    "memorysetup-profiler-bucket-allocator-granularity=16"
    "memorysetup-profiler-bucket-allocator-bucket-count=8"
    "memorysetup-profiler-bucket-allocator-block-size=33554432"
    "memorysetup-profiler-bucket-allocator-block-count=8"
    "memorysetup-profiler-allocator-block-size=16777216"
    "memorysetup-profiler-editor-allocator-block-size=1048576"
    "memorysetup-temp-allocator-size-main=16777216"
    "memorysetup-job-temp-allocator-block-size=2097152"
    "memorysetup-job-temp-allocator-block-size-background=1048576"
    "memorysetup-job-temp-allocator-reduction-small-platforms=262144"
    "memorysetup-temp-allocator-size-background-worker=32768"
    "memorysetup-temp-allocator-size-job-worker=262144"
    "memorysetup-temp-allocator-size-preload-manager=33554432"
    "memorysetup-temp-allocator-size-nav-mesh-worker=65536"
    "memorysetup-temp-allocator-size-audio-worker=65536"
    "memorysetup-temp-allocator-size-cloud-worker=32768"
    "memorysetup-temp-allocator-size-gi-baking-worker=262144"
    "memorysetup-temp-allocator-size-gfx=262144"
Refreshing native plugins compatible for Editor in 148.57 ms, found 2 plugins.
Preloading 0 native plugins for Editor in 0.00 ms.
Initialize engine version: 2021.3.5f1 (40eb3a945986)
[Subsystems] Discovering subsystems at path /Applications/Unity/Hub/Editor/2021.3.5f1/Unity.app/Contents/Resources/UnitySubsystems
[Subsystems] Discovering subsystems at path /Users/bsmith/code/zaroff/project_CAR/project_CAR/Assets
GfxDevice: creating device client; threaded=0; jobified=0
BenQ EW3270U preferred device: AMD Radeon Pro 5500M (high power)
Metal devices available: 2
0: AMD Radeon Pro 5500M (high power)
1: Intel(R) UHD Graphics 630 (low power)
Using device AMD Radeon Pro 5500M (high power)
Initializing Metal device caps: AMD Radeon Pro 5500M
Initialize mono
Mono path[0] = '/Applications/Unity/Hub/Editor/2021.3.5f1/Unity.app/Contents/Managed'
Mono path[1] = '/Applications/Unity/Hub/Editor/2021.3.5f1/Unity.app/Contents/MonoBleedingEdge/lib/mono/unityjit-macos'
Mono config path = '/Applications/Unity/Hub/Editor/2021.3.5f1/Unity.app/Contents/MonoBleedingEdge/etc'
Using monoOptions --debugger-agent=transport=dt_socket,embedding=1,server=y,suspend=n,address=127.0.0.1:56364
Begin MonoManager ReloadAssembly
Registering precompiled unity dll's ...
Register platform support module: /Applications/Unity/Hub/Editor/2021.3.5f1/PlaybackEngines/WebGLSupport/UnityEditor.WebGL.Extensions.dll
Register platform support module: /Applications/Unity/Hub/Editor/2021.3.5f1/Unity.app/Contents/PlaybackEngines/MacStandaloneSupport/UnityEditor.OSXStandalone.Extensions.dll
Register platform support module: /Applications/Unity/Hub/Editor/2021.3.5f1/PlaybackEngines/AndroidPlayer/UnityEditor.Android.Extensions.dll
Register platform support module: /Applications/Unity/Hub/Editor/2021.3.5f1/PlaybackEngines/iOSSupport/UnityEditor.iOS.Extensions.dll
Register platform support module: /Applications/Unity/Hub/Editor/2021.3.5f1/PlaybackEngines/WindowsStandaloneSupport/UnityEditor.WindowsStandalone.Extensions.dll
Registered in 0.008081 seconds.
Native extension for WindowsStandalone target not found
[usbmuxd] Start listen thread
[usbmuxd] Listen thread started
[usbmuxd] Send listen message
Native extension for iOS target not found
Native extension for Android target not found
Native extension for OSXStandalone target not found
Native extension for WebGL target not found
Refreshing native plugins compatible for Editor in 131.48 ms, found 2 plugins.
Preloading 0 native plugins for Editor in 0.00 ms.
Mono: successfully reloaded assembly
- Completed reload, in  0.897 seconds
Domain Reload Profiling:
	ReloadAssembly (897ms)
		BeginReloadAssembly (69ms)
			ExecutionOrderSort (0ms)
			DisableScriptedObjects (0ms)
			BackupInstance (0ms)
			ReleaseScriptingObjects (0ms)
			CreateAndSetChildDomain (1ms)
		EndReloadAssembly (688ms)
			LoadAssemblies (73ms)
			RebuildTransferFunctionScriptingTraits (0ms)
			SetupTypeCache (155ms)
			ReleaseScriptCaches (0ms)
			RebuildScriptCaches (38ms)
			SetupLoadedEditorAssemblies (434ms)
				LogAssemblyErrors (0ms)
				InitializePlatformSupportModulesInManaged (148ms)
				SetLoadedEditorAssemblies (0ms)
				RefreshPlugins (132ms)
				BeforeProcessingInitializeOnLoad (2ms)
				ProcessInitializeOnLoadAttributes (106ms)
				ProcessInitializeOnLoadMethodAttributes (46ms)
				AfterProcessingInitializeOnLoad (0ms)
				EditorAssembliesLoaded (0ms)
			ExecutionOrderSort2 (0ms)
			AwakeInstancesAfterBackupRestoration (0ms)
Platform modules already initialized, skipping
Registering precompiled user dll's ...
Registered in 0.003283 seconds.
Begin MonoManager ReloadAssembly
Symbol file LoadedFromMemory doesn't match image /Users/bsmith/code/zaroff/project_CAR/project_CAR/Library/PackageCache/com.unity.visualscripting@1.7.8/Editor/VisualScripting.Core/Dependencies/YamlDotNet/Unity.VisualScripting.YamlDotNet.dll
Symbol file LoadedFromMemory doesn't match image /Users/bsmith/code/zaroff/project_CAR/project_CAR/Library/PackageCache/com.unity.visualscripting@1.7.8/Editor/VisualScripting.Core/Dependencies/DotNetZip/Unity.VisualScripting.IonicZip.dll
Native extension for WindowsStandalone target not found
Native extension for iOS target not found
Native extension for Android target not found
Native extension for OSXStandalone target not found
Native extension for WebGL target not found
Refreshing native plugins compatible for Editor in 135.49 ms, found 2 plugins.
Preloading 0 native plugins for Editor in 0.00 ms.
Mono: successfully reloaded assembly
- Completed reload, in  1.947 seconds
Domain Reload Profiling:
	ReloadAssembly (1948ms)
		BeginReloadAssembly (228ms)
			ExecutionOrderSort (0ms)
			DisableScriptedObjects (7ms)
			BackupInstance (0ms)
			ReleaseScriptingObjects (0ms)
			CreateAndSetChildDomain (139ms)
		EndReloadAssembly (1574ms)
			LoadAssemblies (193ms)
			RebuildTransferFunctionScriptingTraits (0ms)
			SetupTypeCache (410ms)
			ReleaseScriptCaches (5ms)
			RebuildScriptCaches (120ms)
			SetupLoadedEditorAssemblies (779ms)
				LogAssemblyErrors (0ms)
				InitializePlatformSupportModulesInManaged (29ms)
				SetLoadedEditorAssemblies (0ms)
				RefreshPlugins (136ms)
				BeforeProcessingInitializeOnLoad (134ms)
				ProcessInitializeOnLoadAttributes (380ms)
				ProcessInitializeOnLoadMethodAttributes (98ms)
				AfterProcessingInitializeOnLoad (3ms)
				EditorAssembliesLoaded (0ms)
			ExecutionOrderSort2 (0ms)
			AwakeInstancesAfterBackupRestoration (4ms)
Platform modules already initialized, skipping
========================================================================
Worker process is ready to serve import requests
Launching external process: /Applications/Unity/Hub/Editor/2021.3.5f1/Unity.app/Contents/Tools/UnityShaderCompiler
Launched and connected shader compiler UnityShaderCompiler after 0.09 seconds
Refreshing native plugins compatible for Editor in 1.47 ms, found 2 plugins.
Preloading 0 native plugins for Editor in 0.00 ms.
Unloading 5281 Unused Serialized files (Serialized files now loaded: 0)
Unloading 35 unused Assets / (65.5 KB). Loaded Objects now: 5781.
Memory consumption went from 166.1 MB to 166.0 MB.
Total: 5.845191 ms (FindLiveObjects: 0.712603 ms CreateObjectMapping: 0.629631 ms MarkObjects: 4.309207 ms  DeleteObjects: 0.192807 ms)

AssetImportParameters requested are different than current active one (requested -> active):
  custom:video-decoder-ogg-theora: a1e56fd34408186e4bbccfd4996cb3dc -> 
  custom:container-muxer-webm: aa71ff27fc2769a1b78a27578f13a17b -> 
  custom:container-demuxer-webm: 4f35f7cbe854078d1ac9338744f61a02 -> 
  custom:video-encoder-webm-vp8: eb34c28f22e8b96e1ab97ce403110664 -> 
  custom:framework-osx-AVFoundation: e770b220cccbd017edd2c1fefb359320 -> 
  custom:audio-encoder-webm-vorbis: bf7c407c2cedff20999df2af8eb42d56 -> 
  custom:container-demuxer-ogg: 62fdf1f143b41e24485cea50d1cbac27 -> 
  custom:video-decoder-webm-vp8: 9c59270c3fd7afecdb556c50c9e8de78 -> 
  custom:audio-decoder-ogg-vorbis: bf7c407c2cedff20999df2af8eb42d56 -> 
========================================================================
Received Import Request.
  Time since last request: 4363.627708 seconds.
  path: Assets/US Racing Cars/Art/3D/Cars/Yellow muscle car/Materials/Car Paint 1.mat
  artifactKey: Guid(8010450c7307b48c0b9310f1e3c91bf1) Importer(815301076,1909f56bfc062723c751e8b465ee728b)
Start importing Assets/US Racing Cars/Art/3D/Cars/Yellow muscle car/Materials/Car Paint 1.mat using Guid(8010450c7307b48c0b9310f1e3c91bf1) Importer(815301076,1909f56bfc062723c751e8b465ee728b)  -> (artifact id: '163fb0a9029ef18a49c830cd726fd3d8') in 0.286208 seconds 
========================================================================
Received Import Request.
  Time since last request: 40.870029 seconds.
  path: Assets/RacingGameStarterKit/Prefabs/AiVehicles/Motorbike/Sportbike_Ai 2.prefab
  artifactKey: Guid(89778d39b02ea24488ece8ad9f6571ba) Importer(815301076,1909f56bfc062723c751e8b465ee728b)
Start importing Assets/RacingGameStarterKit/Prefabs/AiVehicles/Motorbike/Sportbike_Ai 2.prefab using Guid(89778d39b02ea24488ece8ad9f6571ba) Importer(815301076,1909f56bfc062723c751e8b465ee728b)  -> (artifact id: '928f4c460946dc21d848008cd4ca3bb8') in 0.151092 seconds 
========================================================================
Received Import Request.
  Time since last request: 13.985937 seconds.
  path: Assets/Res/Cars/AE_CARS/SAMOCHODY/Car_30/Wheel_N_30.tga
  artifactKey: Guid(6169369dce747d545b7ab0d27a8e20bc) Importer(815301076,1909f56bfc062723c751e8b465ee728b)
Start importing Assets/Res/Cars/AE_CARS/SAMOCHODY/Car_30/Wheel_N_30.tga using Guid(6169369dce747d545b7ab0d27a8e20bc) Importer(815301076,1909f56bfc062723c751e8b465ee728b)  -> (artifact id: '4854b15ada6ee099ec67c9ac2119e929') in 0.115887 seconds 
========================================================================
Received Import Request.
  Time since last request: 76.441179 seconds.
  path: Assets/Res/Cars/AE_CARS/SAMOCHODY/Car_30/Body_D_30.tga
  artifactKey: Guid(7e993f991a7c9634795a01db81e04544) Importer(815301076,1909f56bfc062723c751e8b465ee728b)
Start importing Assets/Res/Cars/AE_CARS/SAMOCHODY/Car_30/Body_D_30.tga using Guid(7e993f991a7c9634795a01db81e04544) Importer(815301076,1909f56bfc062723c751e8b465ee728b)  -> (artifact id: '9db3170b2579acb092e64bb44d5ea0f1') in 0.033699 seconds 
========================================================================
Received Import Request.
  Time since last request: 0.000069 seconds.
  path: Assets/Res/Cars/AE_CARS/SAMOCHODY/Car_30/Wheel_D_30.tga
  artifactKey: Guid(557b64dabaed8544f8884c48b0504b65) Importer(815301076,1909f56bfc062723c751e8b465ee728b)
Start importing Assets/Res/Cars/AE_CARS/SAMOCHODY/Car_30/Wheel_D_30.tga using Guid(557b64dabaed8544f8884c48b0504b65) Importer(815301076,1909f56bfc062723c751e8b465ee728b)  -> (artifact id: 'e4ee928f95f12498de5b02bbdfe23903') in 0.013775 seconds 
========================================================================
Received Import Request.
  Time since last request: 0.000065 seconds.
  path: Assets/Res/Cars/AE_CARS/SAMOCHODY/Car_30/Wheel_N_30.tga
  artifactKey: Guid(6169369dce747d545b7ab0d27a8e20bc) Importer(815301076,1909f56bfc062723c751e8b465ee728b)
Start importing Assets/Res/Cars/AE_CARS/SAMOCHODY/Car_30/Wheel_N_30.tga using Guid(6169369dce747d545b7ab0d27a8e20bc) Importer(815301076,1909f56bfc062723c751e8b465ee728b)  -> (artifact id: '212b337f9310f1a44711b5235aae3b7a') in 0.012315 seconds 
========================================================================
Received Import Request.
  Time since last request: 42.539157 seconds.
  path: Assets/Res/Cars/AE_CARS/SAMOCHODY/Car_30/Car_30_Interior_B/Interior_B_Normal.tga
  artifactKey: Guid(5498f23532fdbb442bb71a3d799b6de1) Importer(815301076,1909f56bfc062723c751e8b465ee728b)
Start importing Assets/Res/Cars/AE_CARS/SAMOCHODY/Car_30/Car_30_Interior_B/Interior_B_Normal.tga using Guid(5498f23532fdbb442bb71a3d799b6de1) Importer(815301076,1909f56bfc062723c751e8b465ee728b)  -> (artifact id: 'a3bb0652718dc752509da9e315e9d989') in 0.022343 seconds 
========================================================================
Received Prepare
Registering precompiled user dll's ...
Registered in 0.003915 seconds.
Begin MonoManager ReloadAssembly
Symbol file LoadedFromMemory doesn't match image /Users/bsmith/code/zaroff/project_CAR/project_CAR/Library/PackageCache/com.unity.visualscripting@1.7.8/Editor/VisualScripting.Core/Dependencies/YamlDotNet/Unity.VisualScripting.YamlDotNet.dll
Symbol file LoadedFromMemory doesn't match image /Users/bsmith/code/zaroff/project_CAR/project_CAR/Library/PackageCache/com.unity.visualscripting@1.7.8/Editor/VisualScripting.Core/Dependencies/DotNetZip/Unity.VisualScripting.IonicZip.dll
Native extension for WindowsStandalone target not found
Native extension for iOS target not found
Native extension for Android target not found
Native extension for OSXStandalone target not found
Native extension for WebGL target not found
Refreshing native plugins compatible for Editor in 1.46 ms, found 2 plugins.
Preloading 0 native plugins for Editor in 0.00 ms.
Mono: successfully reloaded assembly
- Completed reload, in  1.560 seconds
Domain Reload Profiling:
	ReloadAssembly (1561ms)
		BeginReloadAssembly (168ms)
			ExecutionOrderSort (0ms)
			DisableScriptedObjects (5ms)
			BackupInstance (0ms)
			ReleaseScriptingObjects (0ms)
			CreateAndSetChildDomain (78ms)
		EndReloadAssembly (1272ms)
			LoadAssemblies (85ms)
			RebuildTransferFunctionScriptingTraits (0ms)
			SetupTypeCache (425ms)
			ReleaseScriptCaches (2ms)
			RebuildScriptCaches (92ms)
			SetupLoadedEditorAssemblies (600ms)
				LogAssemblyErrors (0ms)
				InitializePlatformSupportModulesInManaged (38ms)
				SetLoadedEditorAssemblies (1ms)
				RefreshPlugins (1ms)
				BeforeProcessingInitializeOnLoad (118ms)
				ProcessInitializeOnLoadAttributes (345ms)
				ProcessInitializeOnLoadMethodAttributes (93ms)
				AfterProcessingInitializeOnLoad (3ms)
				EditorAssembliesLoaded (0ms)
			ExecutionOrderSort2 (0ms)
			AwakeInstancesAfterBackupRestoration (5ms)
Platform modules already initialized, skipping
Refreshing native plugins compatible for Editor in 3.30 ms, found 2 plugins.
Preloading 0 native plugins for Editor in 0.00 ms.
Unloading 5231 Unused Serialized files (Serialized files now loaded: 0)
Unloading 28 unused Assets / (65.0 KB). Loaded Objects now: 5826.
Memory consumption went from 406.3 MB to 406.2 MB.
Total: 4.604053 ms (FindLiveObjects: 0.546558 ms CreateObjectMapping: 0.408668 ms MarkObjects: 3.533188 ms  DeleteObjects: 0.114460 ms)

AssetImportParameters requested are different than current active one (requested -> active):
  custom:video-decoder-ogg-theora: a1e56fd34408186e4bbccfd4996cb3dc -> 
  custom:container-muxer-webm: aa71ff27fc2769a1b78a27578f13a17b -> 
  custom:container-demuxer-webm: 4f35f7cbe854078d1ac9338744f61a02 -> 
  custom:video-encoder-webm-vp8: eb34c28f22e8b96e1ab97ce403110664 -> 
  custom:framework-osx-AVFoundation: e770b220cccbd017edd2c1fefb359320 -> 
  custom:audio-encoder-webm-vorbis: bf7c407c2cedff20999df2af8eb42d56 -> 
  custom:container-demuxer-ogg: 62fdf1f143b41e24485cea50d1cbac27 -> 
  custom:video-decoder-webm-vp8: 9c59270c3fd7afecdb556c50c9e8de78 -> 
  custom:audio-decoder-ogg-vorbis: bf7c407c2cedff20999df2af8eb42d56 -> 
Editor requested this worker to shutdown with reason: Scaling down because of idle timeout
AssetImportWorker is now disconnected from the server
Process exiting
