Unity Editor version:    2021.3.5f1 (40eb3a945986)
Branch:                  2021.3/staging
Build type:              Release
Batch mode:              YES
macOS version:           Version 13.0.1 (Build 22A400)
Darwin version:          22.1.0
Architecture:            x86_64
Running under Rosetta:   NO
Available memory:        16384 MB
Using pre-set license
Pro License: YES

COMMAND LINE ARGUMENTS:
/Applications/Unity/Hub/Editor/2021.3.5f1/Unity.app/Contents/MacOS/Unity
-adb2
-batchMode
-noUpm
-name
AssetImportWorker11
-projectPath
/Users/bsmith/code/zaroff/project_CAR/project_CAR
-logFile
Logs/AssetImportWorker11.log
-srvPort
50133
Successfully changed project path to: /Users/bsmith/code/zaroff/project_CAR/project_CAR
/Users/bsmith/code/zaroff/project_CAR/project_CAR
[UnityMemory] Configuration Parameters - Can be set up in boot.config
    "memorysetup-bucket-allocator-granularity=16"
    "memorysetup-bucket-allocator-bucket-count=8"
    "memorysetup-bucket-allocator-block-size=33554432"
    "memorysetup-bucket-allocator-block-count=8"
    "memorysetup-main-allocator-block-size=16777216"
    "memorysetup-thread-allocator-block-size=16777216"
    "memorysetup-gfx-main-allocator-block-size=16777216"
    "memorysetup-gfx-thread-allocator-block-size=16777216"
    "memorysetup-cache-allocator-block-size=4194304"
    "memorysetup-typetree-allocator-block-size=2097152"
    "memorysetup-profiler-bucket-allocator-granularity=16"
    "memorysetup-profiler-bucket-allocator-bucket-count=8"
    "memorysetup-profiler-bucket-allocator-block-size=33554432"
    "memorysetup-profiler-bucket-allocator-block-count=8"
    "memorysetup-profiler-allocator-block-size=16777216"
    "memorysetup-profiler-editor-allocator-block-size=1048576"
    "memorysetup-temp-allocator-size-main=16777216"
    "memorysetup-job-temp-allocator-block-size=2097152"
    "memorysetup-job-temp-allocator-block-size-background=1048576"
    "memorysetup-job-temp-allocator-reduction-small-platforms=262144"
    "memorysetup-temp-allocator-size-background-worker=32768"
    "memorysetup-temp-allocator-size-job-worker=262144"
    "memorysetup-temp-allocator-size-preload-manager=33554432"
    "memorysetup-temp-allocator-size-nav-mesh-worker=65536"
    "memorysetup-temp-allocator-size-audio-worker=65536"
    "memorysetup-temp-allocator-size-cloud-worker=32768"
    "memorysetup-temp-allocator-size-gi-baking-worker=262144"
    "memorysetup-temp-allocator-size-gfx=262144"
Refreshing native plugins compatible for Editor in 156.78 ms, found 2 plugins.
Preloading 0 native plugins for Editor in 0.00 ms.
Initialize engine version: 2021.3.5f1 (40eb3a945986)
[Subsystems] Discovering subsystems at path /Applications/Unity/Hub/Editor/2021.3.5f1/Unity.app/Contents/Resources/UnitySubsystems
[Subsystems] Discovering subsystems at path /Users/bsmith/code/zaroff/project_CAR/project_CAR/Assets
GfxDevice: creating device client; threaded=0; jobified=0
BenQ EW3270U preferred device: AMD Radeon Pro 5500M (high power)
Metal devices available: 2
0: AMD Radeon Pro 5500M (high power)
1: Intel(R) UHD Graphics 630 (low power)
Using device AMD Radeon Pro 5500M (high power)
Initializing Metal device caps: AMD Radeon Pro 5500M
Initialize mono
Mono path[0] = '/Applications/Unity/Hub/Editor/2021.3.5f1/Unity.app/Contents/Managed'
Mono path[1] = '/Applications/Unity/Hub/Editor/2021.3.5f1/Unity.app/Contents/MonoBleedingEdge/lib/mono/unityjit-macos'
Mono config path = '/Applications/Unity/Hub/Editor/2021.3.5f1/Unity.app/Contents/MonoBleedingEdge/etc'
Using monoOptions --debugger-agent=transport=dt_socket,embedding=1,server=y,suspend=n,address=127.0.0.1:56106
Begin MonoManager ReloadAssembly
Registering precompiled unity dll's ...
Register platform support module: /Applications/Unity/Hub/Editor/2021.3.5f1/PlaybackEngines/WebGLSupport/UnityEditor.WebGL.Extensions.dll
Register platform support module: /Applications/Unity/Hub/Editor/2021.3.5f1/Unity.app/Contents/PlaybackEngines/MacStandaloneSupport/UnityEditor.OSXStandalone.Extensions.dll
Register platform support module: /Applications/Unity/Hub/Editor/2021.3.5f1/PlaybackEngines/AndroidPlayer/UnityEditor.Android.Extensions.dll
Register platform support module: /Applications/Unity/Hub/Editor/2021.3.5f1/PlaybackEngines/iOSSupport/UnityEditor.iOS.Extensions.dll
Register platform support module: /Applications/Unity/Hub/Editor/2021.3.5f1/PlaybackEngines/WindowsStandaloneSupport/UnityEditor.WindowsStandalone.Extensions.dll
Registered in 0.007009 seconds.
Native extension for WindowsStandalone target not found
[usbmuxd] Start listen thread
[usbmuxd] Listen thread started
[usbmuxd] Send listen message
Native extension for iOS target not found
Native extension for Android target not found
Native extension for OSXStandalone target not found
Native extension for WebGL target not found
Refreshing native plugins compatible for Editor in 133.87 ms, found 2 plugins.
Preloading 0 native plugins for Editor in 0.00 ms.
Mono: successfully reloaded assembly
- Completed reload, in  0.929 seconds
Domain Reload Profiling:
	ReloadAssembly (929ms)
		BeginReloadAssembly (115ms)
			ExecutionOrderSort (0ms)
			DisableScriptedObjects (0ms)
			BackupInstance (0ms)
			ReleaseScriptingObjects (0ms)
			CreateAndSetChildDomain (1ms)
		EndReloadAssembly (687ms)
			LoadAssemblies (119ms)
			RebuildTransferFunctionScriptingTraits (0ms)
			SetupTypeCache (133ms)
			ReleaseScriptCaches (0ms)
			RebuildScriptCaches (34ms)
			SetupLoadedEditorAssemblies (457ms)
				LogAssemblyErrors (0ms)
				InitializePlatformSupportModulesInManaged (177ms)
				SetLoadedEditorAssemblies (0ms)
				RefreshPlugins (134ms)
				BeforeProcessingInitializeOnLoad (2ms)
				ProcessInitializeOnLoadAttributes (100ms)
				ProcessInitializeOnLoadMethodAttributes (44ms)
				AfterProcessingInitializeOnLoad (0ms)
				EditorAssembliesLoaded (0ms)
			ExecutionOrderSort2 (0ms)
			AwakeInstancesAfterBackupRestoration (0ms)
Platform modules already initialized, skipping
Registering precompiled user dll's ...
Registered in 0.003133 seconds.
Begin MonoManager ReloadAssembly
Symbol file LoadedFromMemory doesn't match image /Users/bsmith/code/zaroff/project_CAR/project_CAR/Library/PackageCache/com.unity.visualscripting@1.7.8/Editor/VisualScripting.Core/Dependencies/YamlDotNet/Unity.VisualScripting.YamlDotNet.dll
Symbol file LoadedFromMemory doesn't match image /Users/bsmith/code/zaroff/project_CAR/project_CAR/Library/PackageCache/com.unity.visualscripting@1.7.8/Editor/VisualScripting.Core/Dependencies/DotNetZip/Unity.VisualScripting.IonicZip.dll
Native extension for WindowsStandalone target not found
Native extension for iOS target not found
Native extension for Android target not found
Native extension for OSXStandalone target not found
Native extension for WebGL target not found
Refreshing native plugins compatible for Editor in 150.98 ms, found 2 plugins.
Preloading 0 native plugins for Editor in 0.00 ms.
Mono: successfully reloaded assembly
- Completed reload, in  2.017 seconds
Domain Reload Profiling:
	ReloadAssembly (2018ms)
		BeginReloadAssembly (244ms)
			ExecutionOrderSort (0ms)
			DisableScriptedObjects (8ms)
			BackupInstance (0ms)
			ReleaseScriptingObjects (0ms)
			CreateAndSetChildDomain (140ms)
		EndReloadAssembly (1618ms)
			LoadAssemblies (119ms)
			RebuildTransferFunctionScriptingTraits (0ms)
			SetupTypeCache (444ms)
			ReleaseScriptCaches (6ms)
			RebuildScriptCaches (122ms)
			SetupLoadedEditorAssemblies (858ms)
				LogAssemblyErrors (0ms)
				InitializePlatformSupportModulesInManaged (31ms)
				SetLoadedEditorAssemblies (0ms)
				RefreshPlugins (166ms)
				BeforeProcessingInitializeOnLoad (146ms)
				ProcessInitializeOnLoadAttributes (418ms)
				ProcessInitializeOnLoadMethodAttributes (93ms)
				AfterProcessingInitializeOnLoad (2ms)
				EditorAssembliesLoaded (0ms)
			ExecutionOrderSort2 (0ms)
			AwakeInstancesAfterBackupRestoration (4ms)
Platform modules already initialized, skipping
========================================================================
Worker process is ready to serve import requests
Launching external process: /Applications/Unity/Hub/Editor/2021.3.5f1/Unity.app/Contents/Tools/UnityShaderCompiler
Launched and connected shader compiler UnityShaderCompiler after 0.08 seconds
Refreshing native plugins compatible for Editor in 1.28 ms, found 2 plugins.
Preloading 0 native plugins for Editor in 0.00 ms.
Unloading 5281 Unused Serialized files (Serialized files now loaded: 0)
Unloading 35 unused Assets / (65.5 KB). Loaded Objects now: 5781.
Memory consumption went from 166.1 MB to 166.1 MB.
Total: 4.732122 ms (FindLiveObjects: 0.404927 ms CreateObjectMapping: 0.558290 ms MarkObjects: 3.556402 ms  DeleteObjects: 0.211917 ms)

AssetImportParameters requested are different than current active one (requested -> active):
  custom:video-decoder-ogg-theora: a1e56fd34408186e4bbccfd4996cb3dc -> 
  custom:container-muxer-webm: aa71ff27fc2769a1b78a27578f13a17b -> 
  custom:container-demuxer-webm: 4f35f7cbe854078d1ac9338744f61a02 -> 
  custom:video-encoder-webm-vp8: eb34c28f22e8b96e1ab97ce403110664 -> 
  custom:framework-osx-AVFoundation: e770b220cccbd017edd2c1fefb359320 -> 
  custom:audio-encoder-webm-vorbis: bf7c407c2cedff20999df2af8eb42d56 -> 
  custom:container-demuxer-ogg: 62fdf1f143b41e24485cea50d1cbac27 -> 
  custom:video-decoder-webm-vp8: 9c59270c3fd7afecdb556c50c9e8de78 -> 
  custom:audio-decoder-ogg-vorbis: bf7c407c2cedff20999df2af8eb42d56 -> 
========================================================================
Received Import Request.
  Time since last request: 2972.078439 seconds.
  path: Assets/RacingGameStarterKit/Resources/actor_black.prefab
  artifactKey: Guid(6b581d5f747944a9581d62ccc5286e39) Importer(815301076,1909f56bfc062723c751e8b465ee728b)
Start importing Assets/RacingGameStarterKit/Resources/actor_black.prefab using Guid(6b581d5f747944a9581d62ccc5286e39) Importer(815301076,1909f56bfc062723c751e8b465ee728b) Tried select unknown importer for id '-2' '00000000000000000000000000000000'
 -> (artifact id: 'd1d8a449eebea53e2de48f7afe525605') in 0.596873 seconds 
========================================================================
Received Import Request.
  Time since last request: 47.524620 seconds.
  path: Assets/US Racing Cars/Art/3D/Cars/Black car/Black car_texture.png
  artifactKey: Guid(1d2d81d36688c49d4b662f640ad67ed1) Importer(815301076,1909f56bfc062723c751e8b465ee728b)
Start importing Assets/US Racing Cars/Art/3D/Cars/Black car/Black car_texture.png using Guid(1d2d81d36688c49d4b662f640ad67ed1) Importer(815301076,1909f56bfc062723c751e8b465ee728b)  -> (artifact id: 'fa62d0493aaa6e5209f9d0e13df39113') in 0.176086 seconds 
========================================================================
Received Import Request.
  Time since last request: 36.911434 seconds.
  path: Assets/US Racing Cars/Art/3D/Cars/Black car/Materials
  artifactKey: Guid(1d6c6da4081cf474583ecc102f416757) Importer(815301076,1909f56bfc062723c751e8b465ee728b)
Start importing Assets/US Racing Cars/Art/3D/Cars/Black car/Materials using Guid(1d6c6da4081cf474583ecc102f416757) Importer(815301076,1909f56bfc062723c751e8b465ee728b)  -> (artifact id: 'c97a661113a74019217aa6e545bf9bd3') in 0.000990 seconds 
========================================================================
Received Import Request.
  Time since last request: 0.333107 seconds.
  path: Assets/US Racing Cars/Art/3D/Cars/Black car/Materials/Black car_Body 1.mat
  artifactKey: Guid(1b15d6752aa8e48548d3b4162e0014d4) Importer(815301076,1909f56bfc062723c751e8b465ee728b)
Start importing Assets/US Racing Cars/Art/3D/Cars/Black car/Materials/Black car_Body 1.mat using Guid(1b15d6752aa8e48548d3b4162e0014d4) Importer(815301076,1909f56bfc062723c751e8b465ee728b)  -> (artifact id: '89b9a5afd0daa7648a4c3d9f3f41d552') in 0.191069 seconds 
========================================================================
Received Import Request.
  Time since last request: 0.000128 seconds.
  path: Assets/US Racing Cars/Art/3D/Cars/Black car/Materials/Black car_Rims.mat
  artifactKey: Guid(7ad796ef6a1db4ba18e77c09e89a9b9c) Importer(815301076,1909f56bfc062723c751e8b465ee728b)
Start importing Assets/US Racing Cars/Art/3D/Cars/Black car/Materials/Black car_Rims.mat using Guid(7ad796ef6a1db4ba18e77c09e89a9b9c) Importer(815301076,1909f56bfc062723c751e8b465ee728b)  -> (artifact id: '98dea3af4480682e2dab6943fc38d2f6') in 0.081318 seconds 
========================================================================
Received Import Request.
  Time since last request: 0.000086 seconds.
  path: Assets/US Racing Cars/Art/3D/Cars/Black car/Materials/Black car_Tiers.mat
  artifactKey: Guid(3d8e77dc7c340496b806779aa7421450) Importer(815301076,1909f56bfc062723c751e8b465ee728b)
Start importing Assets/US Racing Cars/Art/3D/Cars/Black car/Materials/Black car_Tiers.mat using Guid(3d8e77dc7c340496b806779aa7421450) Importer(815301076,1909f56bfc062723c751e8b465ee728b)  -> (artifact id: '95be1a7cbe7971202aaef98730efc365') in 0.071644 seconds 
========================================================================
Received Import Request.
  Time since last request: 51.139593 seconds.
  path: Assets/Res/Cars/AE_CARS/SAMOCHODY/Car_29/FBX/Materials
  artifactKey: Guid(a0e5967473bce45bbbec10be3216a43d) Importer(815301076,1909f56bfc062723c751e8b465ee728b)
Start importing Assets/Res/Cars/AE_CARS/SAMOCHODY/Car_29/FBX/Materials using Guid(a0e5967473bce45bbbec10be3216a43d) Importer(815301076,1909f56bfc062723c751e8b465ee728b)  -> (artifact id: '43511c9b7d8483e633a0fac96ee25b2f') in 0.000997 seconds 
========================================================================
Received Import Request.
  Time since last request: 87.946875 seconds.
  path: Assets/Res/Cars/AE_CARS/SAMOCHODY/Car_29/Skybox/negx.jpg
  artifactKey: Guid(be9fbb62a073f6149886b027e4fa7130) Importer(815301076,1909f56bfc062723c751e8b465ee728b)
Start importing Assets/Res/Cars/AE_CARS/SAMOCHODY/Car_29/Skybox/negx.jpg using Guid(be9fbb62a073f6149886b027e4fa7130) Importer(815301076,1909f56bfc062723c751e8b465ee728b)  -> (artifact id: '4e49c6f31a58fb619f84ad0a1db7ddd3') in 0.156232 seconds 
========================================================================
Received Import Request.
  Time since last request: 0.000087 seconds.
  path: Assets/Res/Cars/AE_CARS/SAMOCHODY/Car_29/Skybox/negz.jpg
  artifactKey: Guid(7a5398712fadad048809c1d30d835076) Importer(815301076,1909f56bfc062723c751e8b465ee728b)
Start importing Assets/Res/Cars/AE_CARS/SAMOCHODY/Car_29/Skybox/negz.jpg using Guid(7a5398712fadad048809c1d30d835076) Importer(815301076,1909f56bfc062723c751e8b465ee728b)  -> (artifact id: '211f3311ad30ccef2b6a30ddcb9da838') in 0.034566 seconds 
========================================================================
Received Import Request.
  Time since last request: 0.000088 seconds.
  path: Assets/Res/Cars/AE_CARS/SAMOCHODY/Car_29/Skybox/posx.jpg
  artifactKey: Guid(9bc3966c5acb93e48bfde047b01c0ac2) Importer(815301076,1909f56bfc062723c751e8b465ee728b)
Start importing Assets/Res/Cars/AE_CARS/SAMOCHODY/Car_29/Skybox/posx.jpg using Guid(9bc3966c5acb93e48bfde047b01c0ac2) Importer(815301076,1909f56bfc062723c751e8b465ee728b)  -> (artifact id: 'e33b871339d6b200112223a9441a5db8') in 0.026602 seconds 
========================================================================
Received Import Request.
  Time since last request: 0.000061 seconds.
  path: Assets/Res/Cars/AE_CARS/SAMOCHODY/Car_29/Skybox/posz.jpg
  artifactKey: Guid(029feaad59ebaf144b246835fcd2de3d) Importer(815301076,1909f56bfc062723c751e8b465ee728b)
Start importing Assets/Res/Cars/AE_CARS/SAMOCHODY/Car_29/Skybox/posz.jpg using Guid(029feaad59ebaf144b246835fcd2de3d) Importer(815301076,1909f56bfc062723c751e8b465ee728b)  -> (artifact id: 'd02068d636f86f66da3b9795372daf35') in 0.024888 seconds 
========================================================================
Received Import Request.
  Time since last request: 6.145240 seconds.
  path: Assets/Res/Cars/AE_CARS/SAMOCHODY/Car_29/Wheel_D_29.tga
  artifactKey: Guid(68f2bbb1f95556941b219466f3f86eb7) Importer(815301076,1909f56bfc062723c751e8b465ee728b)
Start importing Assets/Res/Cars/AE_CARS/SAMOCHODY/Car_29/Wheel_D_29.tga using Guid(68f2bbb1f95556941b219466f3f86eb7) Importer(815301076,1909f56bfc062723c751e8b465ee728b)  -> (artifact id: '180265f7f7e64e708ce1584234ba3c21') in 0.133618 seconds 
========================================================================
Received Import Request.
  Time since last request: 70.412645 seconds.
  path: Assets/Res/Cars/AE_CARS/SAMOCHODY/Car_29/Matte_D_29.tga
  artifactKey: Guid(7d2dfa23896f60a4facd42c985ce4dca) Importer(815301076,1909f56bfc062723c751e8b465ee728b)
Start importing Assets/Res/Cars/AE_CARS/SAMOCHODY/Car_29/Matte_D_29.tga using Guid(7d2dfa23896f60a4facd42c985ce4dca) Importer(815301076,1909f56bfc062723c751e8b465ee728b)  -> (artifact id: '5b2274d47e9d9e690821ef8103b5e65b') in 0.024019 seconds 
========================================================================
Received Import Request.
  Time since last request: 0.000089 seconds.
  path: Assets/Res/Cars/AE_CARS/SAMOCHODY/Car_29/Wheel_N_29.tga
  artifactKey: Guid(f36bce97fca15aa468601c596a2c450b) Importer(815301076,1909f56bfc062723c751e8b465ee728b)
Start importing Assets/Res/Cars/AE_CARS/SAMOCHODY/Car_29/Wheel_N_29.tga using Guid(f36bce97fca15aa468601c596a2c450b) Importer(815301076,1909f56bfc062723c751e8b465ee728b)  -> (artifact id: 'f0ba38c70e7064a3ee3940d8438aa7c3') in 0.013040 seconds 
========================================================================
Received Import Request.
  Time since last request: 0.000081 seconds.
  path: Assets/Res/Cars/AE_CARS/SAMOCHODY/Car_29/Matte_N_29.tga
  artifactKey: Guid(522b42ed2113ea24bae2058b4d42b008) Importer(815301076,1909f56bfc062723c751e8b465ee728b)
Start importing Assets/Res/Cars/AE_CARS/SAMOCHODY/Car_29/Matte_N_29.tga using Guid(522b42ed2113ea24bae2058b4d42b008) Importer(815301076,1909f56bfc062723c751e8b465ee728b)  -> (artifact id: 'db40694de808d781468f5af076ec5b21') in 0.023770 seconds 
========================================================================
Received Import Request.
  Time since last request: 27.109252 seconds.
  path: Assets/Res/Cars/AE_CARS/SAMOCHODY/Car_24/Wheels_N_24.tga
  artifactKey: Guid(4cfb287f648d2714a92d6daa6b92c79e) Importer(815301076,1909f56bfc062723c751e8b465ee728b)
Start importing Assets/Res/Cars/AE_CARS/SAMOCHODY/Car_24/Wheels_N_24.tga using Guid(4cfb287f648d2714a92d6daa6b92c79e) Importer(815301076,1909f56bfc062723c751e8b465ee728b)  -> (artifact id: '8eed9f9ea532096d348f22337489763a') in 0.001696 seconds 
========================================================================
Received Import Request.
  Time since last request: 80.293534 seconds.
  path: Assets/Res/Cars/AE_CARS/SAMOCHODY/Car_24/Body_B_24.tga
  artifactKey: Guid(4707826e3a3442345b63b7298d505f24) Importer(815301076,1909f56bfc062723c751e8b465ee728b)
Start importing Assets/Res/Cars/AE_CARS/SAMOCHODY/Car_24/Body_B_24.tga using Guid(4707826e3a3442345b63b7298d505f24) Importer(815301076,1909f56bfc062723c751e8b465ee728b)  -> (artifact id: '5e410f9295cfce4b9fe756c42bc4cbaf') in 0.012399 seconds 
========================================================================
Received Import Request.
  Time since last request: 0.000069 seconds.
  path: Assets/Res/Cars/AE_CARS/SAMOCHODY/Car_24/Matte_D_24.tga
  artifactKey: Guid(e5f5db93739a2ff4790893bac88e57ce) Importer(815301076,1909f56bfc062723c751e8b465ee728b)
Start importing Assets/Res/Cars/AE_CARS/SAMOCHODY/Car_24/Matte_D_24.tga using Guid(e5f5db93739a2ff4790893bac88e57ce) Importer(815301076,1909f56bfc062723c751e8b465ee728b)  -> (artifact id: '7273b6cf0f58df6f8d0b7491e11f71d3') in 0.024111 seconds 
========================================================================
Received Import Request.
  Time since last request: 0.000061 seconds.
  path: Assets/Res/Cars/AE_CARS/SAMOCHODY/Car_24/Wheels_N_24.tga
  artifactKey: Guid(4cfb287f648d2714a92d6daa6b92c79e) Importer(815301076,1909f56bfc062723c751e8b465ee728b)
Start importing Assets/Res/Cars/AE_CARS/SAMOCHODY/Car_24/Wheels_N_24.tga using Guid(4cfb287f648d2714a92d6daa6b92c79e) Importer(815301076,1909f56bfc062723c751e8b465ee728b)  -> (artifact id: '9a3674ba0bec892ffa2890e721ade2fc') in 0.009467 seconds 
========================================================================
Received Import Request.
  Time since last request: 0.000092 seconds.
  path: Assets/Res/Cars/AE_CARS/SAMOCHODY/Car_24/Matte_N_24.tga
  artifactKey: Guid(1905d6eebf9c9bf45853382fd3b3a809) Importer(815301076,1909f56bfc062723c751e8b465ee728b)
Start importing Assets/Res/Cars/AE_CARS/SAMOCHODY/Car_24/Matte_N_24.tga using Guid(1905d6eebf9c9bf45853382fd3b3a809) Importer(815301076,1909f56bfc062723c751e8b465ee728b)  -> (artifact id: '87c0dcbc85236fa65492ebdca2bd3826') in 0.021481 seconds 
========================================================================
Received Import Request.
  Time since last request: 34.459362 seconds.
  path: Assets/Res/Cars/AE_CARS/SAMOCHODY/Car_24/Car_24_Interior_I/Interior_I_Diff.tga
  artifactKey: Guid(f9640bdc620a4894eb026577db28d5d0) Importer(815301076,1909f56bfc062723c751e8b465ee728b)
Start importing Assets/Res/Cars/AE_CARS/SAMOCHODY/Car_24/Car_24_Interior_I/Interior_I_Diff.tga using Guid(f9640bdc620a4894eb026577db28d5d0) Importer(815301076,1909f56bfc062723c751e8b465ee728b)  -> (artifact id: 'bdc9dad61d26aea02d8eab58dbc30d69') in 0.021641 seconds 
========================================================================
Received Import Request.
  Time since last request: 38.665287 seconds.
  path: Assets/Res/Cars/AE_CARS/SAMOCHODY/Car_24/LOD/Prefabs/Prefab_LOD2.prefab
  artifactKey: Guid(2db6849315c726a4a8125b62fe8cf8a0) Importer(815301076,1909f56bfc062723c751e8b465ee728b)
Start importing Assets/Res/Cars/AE_CARS/SAMOCHODY/Car_24/LOD/Prefabs/Prefab_LOD2.prefab using Guid(2db6849315c726a4a8125b62fe8cf8a0) Importer(815301076,1909f56bfc062723c751e8b465ee728b)  -> (artifact id: 'dc9b95a533ad7449f06cb1e92cc661dc') in 0.166175 seconds 
========================================================================
Received Import Request.
  Time since last request: 23.743914 seconds.
  path: Assets/Res/Cars/AE_CARS/SAMOCHODY/Car_21/Wheel_N_21.tga
  artifactKey: Guid(5e2d70e8220e38a4697e7a73310eebc8) Importer(815301076,1909f56bfc062723c751e8b465ee728b)
Start importing Assets/Res/Cars/AE_CARS/SAMOCHODY/Car_21/Wheel_N_21.tga using Guid(5e2d70e8220e38a4697e7a73310eebc8) Importer(815301076,1909f56bfc062723c751e8b465ee728b)  -> (artifact id: 'a98d720ac9dee8219c3ed87dd7c993a2') in 0.001632 seconds 
========================================================================
Received Import Request.
  Time since last request: 41.172430 seconds.
  path: Assets/Res/Cars/AE_CARS/SAMOCHODY/Car_26/Wheel_N_26.tga
  artifactKey: Guid(f89894de73c37364baaba7608b613ba1) Importer(815301076,1909f56bfc062723c751e8b465ee728b)
Start importing Assets/Res/Cars/AE_CARS/SAMOCHODY/Car_26/Wheel_N_26.tga using Guid(f89894de73c37364baaba7608b613ba1) Importer(815301076,1909f56bfc062723c751e8b465ee728b)  -> (artifact id: '5235b4fb4a190f171c6709dea8205479') in 0.001803 seconds 
========================================================================
Received Import Request.
  Time since last request: 71.016213 seconds.
  path: Assets/Res/Cars/AE_CARS/SAMOCHODY/Car_26/Body_D_26.tga
  artifactKey: Guid(e5d714efda5abb8449d55b6934fd5022) Importer(815301076,1909f56bfc062723c751e8b465ee728b)
Start importing Assets/Res/Cars/AE_CARS/SAMOCHODY/Car_26/Body_D_26.tga using Guid(e5d714efda5abb8449d55b6934fd5022) Importer(815301076,1909f56bfc062723c751e8b465ee728b)  -> (artifact id: 'a9c68ebe483f35dcc5936f90bf2ccb8a') in 0.031336 seconds 
========================================================================
Received Import Request.
  Time since last request: 0.000091 seconds.
  path: Assets/Res/Cars/AE_CARS/SAMOCHODY/Car_26/Matte_D_26.tga
  artifactKey: Guid(eff80ebbcc8395e47a4bec43666c8f1a) Importer(815301076,1909f56bfc062723c751e8b465ee728b)
Start importing Assets/Res/Cars/AE_CARS/SAMOCHODY/Car_26/Matte_D_26.tga using Guid(eff80ebbcc8395e47a4bec43666c8f1a) Importer(815301076,1909f56bfc062723c751e8b465ee728b)  -> (artifact id: 'c954bc113c696f4caac44677643cd42a') in 0.024205 seconds 
Editor requested this worker to shutdown with reason: Scaling down because of idle timeout
AssetImportWorker is now disconnected from the server
Process exiting
