Unity Editor version:    2021.3.5f1 (40eb3a945986)
Branch:                  2021.3/staging
Build type:              Release
Batch mode:              YES
macOS version:           Version 13.0.1 (Build 22A400)
Darwin version:          22.1.0
Architecture:            x86_64
Running under Rosetta:   NO
Available memory:        16384 MB
Using pre-set license
Pro License: YES

COMMAND LINE ARGUMENTS:
/Applications/Unity/Hub/Editor/2021.3.5f1/Unity.app/Contents/MacOS/Unity
-adb2
-batchMode
-noUpm
-name
AssetImportWorker8
-projectPath
/Users/bsmith/code/zaroff/project_CAR/project_CAR
-logFile
Logs/AssetImportWorker8.log
-srvPort
50133
Successfully changed project path to: /Users/bsmith/code/zaroff/project_CAR/project_CAR
/Users/bsmith/code/zaroff/project_CAR/project_CAR
[UnityMemory] Configuration Parameters - Can be set up in boot.config
    "memorysetup-bucket-allocator-granularity=16"
    "memorysetup-bucket-allocator-bucket-count=8"
    "memorysetup-bucket-allocator-block-size=33554432"
    "memorysetup-bucket-allocator-block-count=8"
    "memorysetup-main-allocator-block-size=16777216"
    "memorysetup-thread-allocator-block-size=16777216"
    "memorysetup-gfx-main-allocator-block-size=16777216"
    "memorysetup-gfx-thread-allocator-block-size=16777216"
    "memorysetup-cache-allocator-block-size=4194304"
    "memorysetup-typetree-allocator-block-size=2097152"
    "memorysetup-profiler-bucket-allocator-granularity=16"
    "memorysetup-profiler-bucket-allocator-bucket-count=8"
    "memorysetup-profiler-bucket-allocator-block-size=33554432"
    "memorysetup-profiler-bucket-allocator-block-count=8"
    "memorysetup-profiler-allocator-block-size=16777216"
    "memorysetup-profiler-editor-allocator-block-size=1048576"
    "memorysetup-temp-allocator-size-main=16777216"
    "memorysetup-job-temp-allocator-block-size=2097152"
    "memorysetup-job-temp-allocator-block-size-background=1048576"
    "memorysetup-job-temp-allocator-reduction-small-platforms=262144"
    "memorysetup-temp-allocator-size-background-worker=32768"
    "memorysetup-temp-allocator-size-job-worker=262144"
    "memorysetup-temp-allocator-size-preload-manager=33554432"
    "memorysetup-temp-allocator-size-nav-mesh-worker=65536"
    "memorysetup-temp-allocator-size-audio-worker=65536"
    "memorysetup-temp-allocator-size-cloud-worker=32768"
    "memorysetup-temp-allocator-size-gi-baking-worker=262144"
    "memorysetup-temp-allocator-size-gfx=262144"
Refreshing native plugins compatible for Editor in 173.60 ms, found 2 plugins.
Preloading 0 native plugins for Editor in 0.00 ms.
Initialize engine version: 2021.3.5f1 (40eb3a945986)
[Subsystems] Discovering subsystems at path /Applications/Unity/Hub/Editor/2021.3.5f1/Unity.app/Contents/Resources/UnitySubsystems
[Subsystems] Discovering subsystems at path /Users/bsmith/code/zaroff/project_CAR/project_CAR/Assets
GfxDevice: creating device client; threaded=0; jobified=0
BenQ EW3270U preferred device: AMD Radeon Pro 5500M (high power)
Metal devices available: 2
0: AMD Radeon Pro 5500M (high power)
1: Intel(R) UHD Graphics 630 (low power)
Using device AMD Radeon Pro 5500M (high power)
Initializing Metal device caps: AMD Radeon Pro 5500M
Initialize mono
Mono path[0] = '/Applications/Unity/Hub/Editor/2021.3.5f1/Unity.app/Contents/Managed'
Mono path[1] = '/Applications/Unity/Hub/Editor/2021.3.5f1/Unity.app/Contents/MonoBleedingEdge/lib/mono/unityjit-macos'
Mono config path = '/Applications/Unity/Hub/Editor/2021.3.5f1/Unity.app/Contents/MonoBleedingEdge/etc'
Using monoOptions --debugger-agent=transport=dt_socket,embedding=1,server=y,suspend=n,address=127.0.0.1:56676
Begin MonoManager ReloadAssembly
Registering precompiled unity dll's ...
Register platform support module: /Applications/Unity/Hub/Editor/2021.3.5f1/PlaybackEngines/WebGLSupport/UnityEditor.WebGL.Extensions.dll
Register platform support module: /Applications/Unity/Hub/Editor/2021.3.5f1/Unity.app/Contents/PlaybackEngines/MacStandaloneSupport/UnityEditor.OSXStandalone.Extensions.dll
Register platform support module: /Applications/Unity/Hub/Editor/2021.3.5f1/PlaybackEngines/AndroidPlayer/UnityEditor.Android.Extensions.dll
Register platform support module: /Applications/Unity/Hub/Editor/2021.3.5f1/PlaybackEngines/iOSSupport/UnityEditor.iOS.Extensions.dll
Register platform support module: /Applications/Unity/Hub/Editor/2021.3.5f1/PlaybackEngines/WindowsStandaloneSupport/UnityEditor.WindowsStandalone.Extensions.dll
Registered in 0.002514 seconds.
Native extension for WindowsStandalone target not found
[usbmuxd] Start listen thread
[usbmuxd] Listen thread started
[usbmuxd] Send listen message
Native extension for iOS target not found
Native extension for Android target not found
Native extension for OSXStandalone target not found
Native extension for WebGL target not found
Refreshing native plugins compatible for Editor in 138.04 ms, found 2 plugins.
Preloading 0 native plugins for Editor in 0.00 ms.
Mono: successfully reloaded assembly
- Completed reload, in  0.837 seconds
Domain Reload Profiling:
	ReloadAssembly (837ms)
		BeginReloadAssembly (67ms)
			ExecutionOrderSort (0ms)
			DisableScriptedObjects (0ms)
			BackupInstance (0ms)
			ReleaseScriptingObjects (0ms)
			CreateAndSetChildDomain (1ms)
		EndReloadAssembly (644ms)
			LoadAssemblies (66ms)
			RebuildTransferFunctionScriptingTraits (0ms)
			SetupTypeCache (130ms)
			ReleaseScriptCaches (0ms)
			RebuildScriptCaches (35ms)
			SetupLoadedEditorAssemblies (423ms)
				LogAssemblyErrors (0ms)
				InitializePlatformSupportModulesInManaged (144ms)
				SetLoadedEditorAssemblies (0ms)
				RefreshPlugins (138ms)
				BeforeProcessingInitializeOnLoad (2ms)
				ProcessInitializeOnLoadAttributes (95ms)
				ProcessInitializeOnLoadMethodAttributes (44ms)
				AfterProcessingInitializeOnLoad (0ms)
				EditorAssembliesLoaded (0ms)
			ExecutionOrderSort2 (0ms)
			AwakeInstancesAfterBackupRestoration (0ms)
Platform modules already initialized, skipping
Registering precompiled user dll's ...
Registered in 0.003284 seconds.
Begin MonoManager ReloadAssembly
Symbol file LoadedFromMemory doesn't match image /Users/bsmith/code/zaroff/project_CAR/project_CAR/Library/PackageCache/com.unity.visualscripting@1.7.8/Editor/VisualScripting.Core/Dependencies/YamlDotNet/Unity.VisualScripting.YamlDotNet.dll
Symbol file LoadedFromMemory doesn't match image /Users/bsmith/code/zaroff/project_CAR/project_CAR/Library/PackageCache/com.unity.visualscripting@1.7.8/Editor/VisualScripting.Core/Dependencies/DotNetZip/Unity.VisualScripting.IonicZip.dll
Native extension for WindowsStandalone target not found
Native extension for iOS target not found
Native extension for Android target not found
Native extension for OSXStandalone target not found
Native extension for WebGL target not found
Refreshing native plugins compatible for Editor in 125.65 ms, found 2 plugins.
Preloading 0 native plugins for Editor in 0.00 ms.
Mono: successfully reloaded assembly
- Completed reload, in  1.761 seconds
Domain Reload Profiling:
	ReloadAssembly (1762ms)
		BeginReloadAssembly (232ms)
			ExecutionOrderSort (0ms)
			DisableScriptedObjects (7ms)
			BackupInstance (0ms)
			ReleaseScriptingObjects (0ms)
			CreateAndSetChildDomain (142ms)
		EndReloadAssembly (1396ms)
			LoadAssemblies (84ms)
			RebuildTransferFunctionScriptingTraits (0ms)
			SetupTypeCache (397ms)
			ReleaseScriptCaches (6ms)
			RebuildScriptCaches (104ms)
			SetupLoadedEditorAssemblies (748ms)
				LogAssemblyErrors (0ms)
				InitializePlatformSupportModulesInManaged (31ms)
				SetLoadedEditorAssemblies (0ms)
				RefreshPlugins (126ms)
				BeforeProcessingInitializeOnLoad (136ms)
				ProcessInitializeOnLoadAttributes (365ms)
				ProcessInitializeOnLoadMethodAttributes (89ms)
				AfterProcessingInitializeOnLoad (2ms)
				EditorAssembliesLoaded (0ms)
			ExecutionOrderSort2 (0ms)
			AwakeInstancesAfterBackupRestoration (5ms)
Platform modules already initialized, skipping
========================================================================
Worker process is ready to serve import requests
Launching external process: /Applications/Unity/Hub/Editor/2021.3.5f1/Unity.app/Contents/Tools/UnityShaderCompiler
Launched and connected shader compiler UnityShaderCompiler after 0.08 seconds
Refreshing native plugins compatible for Editor in 1.48 ms, found 2 plugins.
Preloading 0 native plugins for Editor in 0.00 ms.
Unloading 5281 Unused Serialized files (Serialized files now loaded: 0)
Unloading 35 unused Assets / (65.5 KB). Loaded Objects now: 5781.
Memory consumption went from 166.1 MB to 166.0 MB.
Total: 4.268194 ms (FindLiveObjects: 0.434046 ms CreateObjectMapping: 0.420350 ms MarkObjects: 3.252686 ms  DeleteObjects: 0.160343 ms)

AssetImportParameters requested are different than current active one (requested -> active):
  custom:video-decoder-ogg-theora: a1e56fd34408186e4bbccfd4996cb3dc -> 
  custom:container-muxer-webm: aa71ff27fc2769a1b78a27578f13a17b -> 
  custom:container-demuxer-webm: 4f35f7cbe854078d1ac9338744f61a02 -> 
  custom:video-encoder-webm-vp8: eb34c28f22e8b96e1ab97ce403110664 -> 
  custom:framework-osx-AVFoundation: e770b220cccbd017edd2c1fefb359320 -> 
  custom:audio-encoder-webm-vorbis: bf7c407c2cedff20999df2af8eb42d56 -> 
  custom:container-demuxer-ogg: 62fdf1f143b41e24485cea50d1cbac27 -> 
  custom:video-decoder-webm-vp8: 9c59270c3fd7afecdb556c50c9e8de78 -> 
  custom:audio-decoder-ogg-vorbis: bf7c407c2cedff20999df2af8eb42d56 -> 
========================================================================
Received Import Request.
  Time since last request: 2379.549104 seconds.
  path: Assets/US Racing Cars/Art/3D/Cars/Yellow sport car/Yellow sport car_texture.png
  artifactKey: Guid(a2c65d4ebc1ee41428d9372ca039ff28) Importer(815301076,1909f56bfc062723c751e8b465ee728b)
Start importing Assets/US Racing Cars/Art/3D/Cars/Yellow sport car/Yellow sport car_texture.png using Guid(a2c65d4ebc1ee41428d9372ca039ff28) Importer(815301076,1909f56bfc062723c751e8b465ee728b)  -> (artifact id: '1d642934737d766e929e104e9ab08091') in 0.262776 seconds 
========================================================================
Received Import Request.
  Time since last request: 25.614544 seconds.
  path: Assets/US Racing Cars/Art/3D/Cars/Yellow sport car/Materials
  artifactKey: Guid(57bdf8ff90f604f56bdd7f635e5bf806) Importer(815301076,1909f56bfc062723c751e8b465ee728b)
Start importing Assets/US Racing Cars/Art/3D/Cars/Yellow sport car/Materials using Guid(57bdf8ff90f604f56bdd7f635e5bf806) Importer(815301076,1909f56bfc062723c751e8b465ee728b)  -> (artifact id: 'defe5c508bb9b9c1bb198a801ff72215') in 0.000927 seconds 
========================================================================
Received Import Request.
  Time since last request: 10.525630 seconds.
  path: Assets/US Racing Cars/Art/Materials
  artifactKey: Guid(3f576388d579446efbce35f0b47ef852) Importer(815301076,1909f56bfc062723c751e8b465ee728b)
Start importing Assets/US Racing Cars/Art/Materials using Guid(3f576388d579446efbce35f0b47ef852) Importer(815301076,1909f56bfc062723c751e8b465ee728b)  -> (artifact id: '910914e8eddbedee21d8532f21fbcbc6') in 0.001117 seconds 
========================================================================
Received Import Request.
  Time since last request: 41.362101 seconds.
  path: Assets/RacingGameStarterKit/Source/Models/Driver/Default
  artifactKey: Guid(2da2d3652e1634c4ca6126402c2ddf29) Importer(815301076,1909f56bfc062723c751e8b465ee728b)
Start importing Assets/RacingGameStarterKit/Source/Models/Driver/Default using Guid(2da2d3652e1634c4ca6126402c2ddf29) Importer(815301076,1909f56bfc062723c751e8b465ee728b)  -> (artifact id: 'a081129e3081fec8a9f22a457e0d1e4a') in 0.001052 seconds 
========================================================================
Received Import Request.
  Time since last request: 2.523122 seconds.
  path: Assets/RacingGameStarterKit/Source/Models/Driver/Default/Materials
  artifactKey: Guid(b9a7d98b2e53e6e459c3e4b8e64b27b4) Importer(815301076,1909f56bfc062723c751e8b465ee728b)
Start importing Assets/RacingGameStarterKit/Source/Models/Driver/Default/Materials using Guid(b9a7d98b2e53e6e459c3e4b8e64b27b4) Importer(815301076,1909f56bfc062723c751e8b465ee728b)  -> (artifact id: '844f0eb63dda64fd9044e541c4b68349') in 0.000734 seconds 
========================================================================
Received Import Request.
  Time since last request: 92.798736 seconds.
  path: Assets/RacingGameStarterKit/Source/Models/Driver/Default/Materials/body_color_map.png
  artifactKey: Guid(6b1db26138562c24788b9bc0b4ab2b3e) Importer(815301076,1909f56bfc062723c751e8b465ee728b)
Start importing Assets/RacingGameStarterKit/Source/Models/Driver/Default/Materials/body_color_map.png using Guid(6b1db26138562c24788b9bc0b4ab2b3e) Importer(815301076,1909f56bfc062723c751e8b465ee728b)  -> (artifact id: '3414d01269a002f36027932309467dbb') in 0.038474 seconds 
========================================================================
Received Import Request.
  Time since last request: 0.000066 seconds.
  path: Assets/RacingGameStarterKit/Source/Models/Driver/Default/Materials/face_color_map.png
  artifactKey: Guid(e47bd452b0145504db3e19f95da94c68) Importer(815301076,1909f56bfc062723c751e8b465ee728b)
Start importing Assets/RacingGameStarterKit/Source/Models/Driver/Default/Materials/face_color_map.png using Guid(e47bd452b0145504db3e19f95da94c68) Importer(815301076,1909f56bfc062723c751e8b465ee728b)  -> (artifact id: '9b889c35c968a1780fc963e1852e75ea') in 0.022241 seconds 
========================================================================
Received Import Request.
  Time since last request: 33.632155 seconds.
  path: Assets/RacingGameStarterKit/Source/Models/Driver/Default/Materials/body_specular_map.png
  artifactKey: Guid(4ac3b298a5ebb7344a93fd732b5a3cb5) Importer(815301076,1909f56bfc062723c751e8b465ee728b)
Start importing Assets/RacingGameStarterKit/Source/Models/Driver/Default/Materials/body_specular_map.png using Guid(4ac3b298a5ebb7344a93fd732b5a3cb5) Importer(815301076,1909f56bfc062723c751e8b465ee728b)  -> (artifact id: 'f901901c9daab2c4d6642549d5c643a9') in 0.021345 seconds 
========================================================================
Received Import Request.
  Time since last request: 20.341081 seconds.
  path: Assets/RacingGameStarterKit/Source/Models/Driver/Default/Materials/eyes_specular_map.png
  artifactKey: Guid(cbe46b777b2cd8f4cab887be1f12c4aa) Importer(815301076,1909f56bfc062723c751e8b465ee728b)
Start importing Assets/RacingGameStarterKit/Source/Models/Driver/Default/Materials/eyes_specular_map.png using Guid(cbe46b777b2cd8f4cab887be1f12c4aa) Importer(815301076,1909f56bfc062723c751e8b465ee728b)  -> (artifact id: 'd4f3003db359d8118836517722c4c911') in 0.021534 seconds 
========================================================================
Received Import Request.
  Time since last request: 27.470724 seconds.
  path: Assets/RacingGameStarterKit/Source/Models/Driver/Default/Materials/face normal.png
  artifactKey: Guid(188f854c627b0444a8d85a3497b36e60) Importer(815301076,1909f56bfc062723c751e8b465ee728b)
Start importing Assets/RacingGameStarterKit/Source/Models/Driver/Default/Materials/face normal.png using Guid(188f854c627b0444a8d85a3497b36e60) Importer(815301076,1909f56bfc062723c751e8b465ee728b)  -> (artifact id: 'f932301e5f1239c3cd2d64e092ebb071') in 0.032124 seconds 
========================================================================
Received Import Request.
  Time since last request: 26.732217 seconds.
  path: Assets/RacingGameStarterKit/Source/Models/Driver/Default/Materials/body normal.png
  artifactKey: Guid(2fccedaf678609e48be025ce12f529ba) Importer(815301076,1909f56bfc062723c751e8b465ee728b)
Start importing Assets/RacingGameStarterKit/Source/Models/Driver/Default/Materials/body normal.png using Guid(2fccedaf678609e48be025ce12f529ba) Importer(815301076,1909f56bfc062723c751e8b465ee728b)  -> (artifact id: '325152aebe60e34594c4bdc308baf2d3') in 0.022972 seconds 
========================================================================
Received Import Request.
  Time since last request: 16.779426 seconds.
  path: Assets/RacingGameStarterKit/Source/Models/Driver/Default/DefaultAvatar.fbm
  artifactKey: Guid(7b4389a3d1a029446936099c4a0e3a10) Importer(815301076,1909f56bfc062723c751e8b465ee728b)
Start importing Assets/RacingGameStarterKit/Source/Models/Driver/Default/DefaultAvatar.fbm using Guid(7b4389a3d1a029446936099c4a0e3a10) Importer(815301076,1909f56bfc062723c751e8b465ee728b)  -> (artifact id: 'a3443196e51e6249dfa1706ab5042c1a') in 0.001196 seconds 
========================================================================
Received Import Request.
  Time since last request: 136.020710 seconds.
  path: Assets/RacingGameStarterKit/Source/Models/Driver/Default/DefaultAvatar.fbm/body normal.png
  artifactKey: Guid(3bb5b9e1034b88c498f5c7705cd8974f) Importer(815301076,1909f56bfc062723c751e8b465ee728b)
Start importing Assets/RacingGameStarterKit/Source/Models/Driver/Default/DefaultAvatar.fbm/body normal.png using Guid(3bb5b9e1034b88c498f5c7705cd8974f) Importer(815301076,1909f56bfc062723c751e8b465ee728b)  -> (artifact id: '5dbfee46453851e0706a48d740a3049c') in 0.023326 seconds 
========================================================================
Received Import Request.
  Time since last request: 0.000065 seconds.
  path: Assets/RacingGameStarterKit/Source/Models/Driver/Default/DefaultAvatar.fbm/face normal.png
  artifactKey: Guid(f6b467b2228537a4c8547d579d7886d4) Importer(815301076,1909f56bfc062723c751e8b465ee728b)
Start importing Assets/RacingGameStarterKit/Source/Models/Driver/Default/DefaultAvatar.fbm/face normal.png using Guid(f6b467b2228537a4c8547d579d7886d4) Importer(815301076,1909f56bfc062723c751e8b465ee728b)  -> (artifact id: '79f1dec99350bc258ce84714b687ae8e') in 0.069170 seconds 
========================================================================
Received Import Request.
  Time since last request: 0.000068 seconds.
  path: Assets/RacingGameStarterKit/Source/Models/Driver/Default/DefaultAvatar.fbm/eyes_specular_map.png
  artifactKey: Guid(a276e9321c6d66a4883078230704d55a) Importer(815301076,1909f56bfc062723c751e8b465ee728b)
Start importing Assets/RacingGameStarterKit/Source/Models/Driver/Default/DefaultAvatar.fbm/eyes_specular_map.png using Guid(a276e9321c6d66a4883078230704d55a) Importer(815301076,1909f56bfc062723c751e8b465ee728b)  -> (artifact id: 'cb0d633101bb312ae603253e17432176') in 0.022882 seconds 
========================================================================
Received Import Request.
  Time since last request: 0.000067 seconds.
  path: Assets/RacingGameStarterKit/Source/Models/Driver/Default/DefaultAvatar.fbm/eyes_color_map.png
  artifactKey: Guid(7cc020a0891e2314da43459cbf8e5bff) Importer(815301076,1909f56bfc062723c751e8b465ee728b)
Start importing Assets/RacingGameStarterKit/Source/Models/Driver/Default/DefaultAvatar.fbm/eyes_color_map.png using Guid(7cc020a0891e2314da43459cbf8e5bff) Importer(815301076,1909f56bfc062723c751e8b465ee728b)  -> (artifact id: '0bacceb5a96dda77cfbb64a342a6cd47') in 0.027765 seconds 
========================================================================
Received Import Request.
  Time since last request: 0.000092 seconds.
  path: Assets/RacingGameStarterKit/Source/Models/Driver/Default/DefaultAvatar.fbm/face_color_map.png
  artifactKey: Guid(46467903478143740a60d9ae7520aa5b) Importer(815301076,1909f56bfc062723c751e8b465ee728b)
Start importing Assets/RacingGameStarterKit/Source/Models/Driver/Default/DefaultAvatar.fbm/face_color_map.png using Guid(46467903478143740a60d9ae7520aa5b) Importer(815301076,1909f56bfc062723c751e8b465ee728b)  -> (artifact id: '9c8573709f02605b7c322233695fc2f5') in 0.065311 seconds 
========================================================================
Received Import Request.
  Time since last request: 5.981077 seconds.
  path: Assets/RacingGameStarterKit/Source/Models/Driver/Default/DefaultAvatar
  artifactKey: Guid(6fd82f6ef756fc943a1833af264945f5) Importer(815301076,1909f56bfc062723c751e8b465ee728b)
Start importing Assets/RacingGameStarterKit/Source/Models/Driver/Default/DefaultAvatar using Guid(6fd82f6ef756fc943a1833af264945f5) Importer(815301076,1909f56bfc062723c751e8b465ee728b)  -> (artifact id: '62f77fba0be649b01d1760bf77cc9d31') in 0.001234 seconds 
========================================================================
Received Import Request.
  Time since last request: 116.231496 seconds.
  path: Assets/RacingGameStarterKit/Source/Models/Driver/Default/DefaultAvatar/face normal.png
  artifactKey: Guid(e8e127824a7c37449ad88373a61fbff8) Importer(815301076,1909f56bfc062723c751e8b465ee728b)
Start importing Assets/RacingGameStarterKit/Source/Models/Driver/Default/DefaultAvatar/face normal.png using Guid(e8e127824a7c37449ad88373a61fbff8) Importer(815301076,1909f56bfc062723c751e8b465ee728b)  -> (artifact id: 'a99e66f5e99c67918c8705e0873685aa') in 0.068106 seconds 
========================================================================
Received Import Request.
  Time since last request: 0.000072 seconds.
  path: Assets/RacingGameStarterKit/Source/Models/Driver/Default/DefaultAvatar/eyes_color_map.png
  artifactKey: Guid(a1926cd1efc53a644bd353a8265d46aa) Importer(815301076,1909f56bfc062723c751e8b465ee728b)
Start importing Assets/RacingGameStarterKit/Source/Models/Driver/Default/DefaultAvatar/eyes_color_map.png using Guid(a1926cd1efc53a644bd353a8265d46aa) Importer(815301076,1909f56bfc062723c751e8b465ee728b)  -> (artifact id: '9b3cb141ca373caff3f21e0d12a67294') in 0.036989 seconds 
========================================================================
Received Import Request.
  Time since last request: 0.000057 seconds.
  path: Assets/RacingGameStarterKit/Source/Models/Driver/Default/DefaultAvatar/face_color_map.png
  artifactKey: Guid(ebd52e31a12e1104a9f122a1cf664e68) Importer(815301076,1909f56bfc062723c751e8b465ee728b)
Start importing Assets/RacingGameStarterKit/Source/Models/Driver/Default/DefaultAvatar/face_color_map.png using Guid(ebd52e31a12e1104a9f122a1cf664e68) Importer(815301076,1909f56bfc062723c751e8b465ee728b)  -> (artifact id: '90ff3d1db3fc111bbdcd9f7365880c19') in 0.078651 seconds 
========================================================================
Received Import Request.
  Time since last request: 0.000115 seconds.
  path: Assets/RacingGameStarterKit/Source/Models/Driver/Default/DefaultAvatar/eyes_specular_map.png
  artifactKey: Guid(0f4505699aac7f9479033a915e9fb917) Importer(815301076,1909f56bfc062723c751e8b465ee728b)
Start importing Assets/RacingGameStarterKit/Source/Models/Driver/Default/DefaultAvatar/eyes_specular_map.png using Guid(0f4505699aac7f9479033a915e9fb917) Importer(815301076,1909f56bfc062723c751e8b465ee728b)  -> (artifact id: 'd125539f1115fd686c27a2525b7c1442') in 0.025357 seconds 
========================================================================
Received Import Request.
  Time since last request: 0.000095 seconds.
  path: Assets/RacingGameStarterKit/Source/Models/Driver/Default/DefaultAvatar/body_color_map.png
  artifactKey: Guid(d8ffd50fc749f804288dfa9d877c9e1f) Importer(815301076,1909f56bfc062723c751e8b465ee728b)
Start importing Assets/RacingGameStarterKit/Source/Models/Driver/Default/DefaultAvatar/body_color_map.png using Guid(d8ffd50fc749f804288dfa9d877c9e1f) Importer(815301076,1909f56bfc062723c751e8b465ee728b)  -> (artifact id: 'df90fc7893df69d3fc2c7f465adda6d1') in 0.094315 seconds 
Editor requested this worker to shutdown with reason: Scaling down because of idle timeout
AssetImportWorker is now disconnected from the server
Process exiting
